{"D:\\file\\monehindemo\\build\\app.js": {"path":"D:\\file\\monehindemo\\build\\app.js","statementMap":{"0":{"start":{"line":3,"column":51},"end":{"line":3,"column":355}},"1":{"start":{"line":3,"column":126},"end":{"line":3,"column":181}},"2":{"start":{"line":3,"column":160},"end":{"line":3,"column":178}},"3":{"start":{"line":3,"column":191},"end":{"line":3,"column":353}},"4":{"start":{"line":3,"column":225},"end":{"line":3,"column":350}},"5":{"start":{"line":3,"column":356},"end":{"line":3,"column":376}},"6":{"start":{"line":5,"column":0},"end":{"line":7,"column":3}},"7":{"start":{"line":8,"column":0},"end":{"line":8,"column":28}},"8":{"start":{"line":10,"column":0},"end":{"line":10,"column":27}},"9":{"start":{"line":12,"column":15},"end":{"line":12,"column":58}},"10":{"start":{"line":14,"column":16},"end":{"line":14,"column":68}},"11":{"start":{"line":16,"column":16},"end":{"line":16,"column":59}},"12":{"start":{"line":18,"column":14},"end":{"line":18,"column":57}},"13":{"start":{"line":20,"column":17},"end":{"line":20,"column":45}},"14":{"start":{"line":22,"column":25},"end":{"line":22,"column":78}},"15":{"start":{"line":24,"column":39},"end":{"line":24,"column":95}},"16":{"start":{"line":26,"column":38},"end":{"line":26,"column":85}},"17":{"start":{"line":26,"column":73},"end":{"line":26,"column":85}},"18":{"start":{"line":26,"column":98},"end":{"line":26,"column":111}},"19":{"start":{"line":26,"column":113},"end":{"line":26,"column":194}},"20":{"start":{"line":26,"column":178},"end":{"line":26,"column":191}},"21":{"start":{"line":26,"column":195},"end":{"line":26,"column":208}},"22":{"start":{"line":28,"column":40},"end":{"line":28,"column":82}},"23":{"start":{"line":28,"column":69},"end":{"line":28,"column":80}},"24":{"start":{"line":28,"column":83},"end":{"line":28,"column":189}},"25":{"start":{"line":28,"column":161},"end":{"line":28,"column":187}},"26":{"start":{"line":28,"column":202},"end":{"line":28,"column":228}},"27":{"start":{"line":28,"column":230},"end":{"line":28,"column":285}},"28":{"start":{"line":28,"column":261},"end":{"line":28,"column":283}},"29":{"start":{"line":28,"column":299},"end":{"line":28,"column":301}},"30":{"start":{"line":28,"column":331},"end":{"line":28,"column":387}},"31":{"start":{"line":28,"column":389},"end":{"line":28,"column":669}},"32":{"start":{"line":28,"column":412},"end":{"line":28,"column":667}},"33":{"start":{"line":28,"column":477},"end":{"line":28,"column":549}},"34":{"start":{"line":28,"column":551},"end":{"line":28,"column":665}},"35":{"start":{"line":28,"column":589},"end":{"line":28,"column":630}},"36":{"start":{"line":28,"column":640},"end":{"line":28,"column":663}},"37":{"start":{"line":28,"column":670},"end":{"line":28,"column":694}},"38":{"start":{"line":28,"column":695},"end":{"line":28,"column":733}},"39":{"start":{"line":28,"column":708},"end":{"line":28,"column":731}},"40":{"start":{"line":28,"column":734},"end":{"line":28,"column":748}},"41":{"start":{"line":30,"column":0},"end":{"line":30,"column":28}},"42":{"start":{"line":31,"column":10},"end":{"line":31,"column":36}},"43":{"start":{"line":32,"column":0},"end":{"line":32,"column":30}},"44":{"start":{"line":33,"column":0},"end":{"line":35,"column":4}},"45":{"start":{"line":36,"column":0},"end":{"line":38,"column":4}},"46":{"start":{"line":39,"column":0},"end":{"line":39,"column":28}},"47":{"start":{"line":40,"column":0},"end":{"line":40,"column":43}},"48":{"start":{"line":42,"column":0},"end":{"line":42,"column":49}},"49":{"start":{"line":44,"column":0},"end":{"line":46,"column":3}},"50":{"start":{"line":45,"column":2},"end":{"line":45,"column":25}},"51":{"start":{"line":47,"column":15},"end":{"line":47,"column":18}},"52":{"start":{"line":48,"column":0},"end":{"line":48,"column":30}}},"fnMap":{"0":{"name":"_typeof","decl":{"start":{"line":3,"column":9},"end":{"line":3,"column":16}},"loc":{"start":{"line":3,"column":22},"end":{"line":3,"column":378}},"line":3},"1":{"name":"_typeof","decl":{"start":{"line":3,"column":145},"end":{"line":3,"column":152}},"loc":{"start":{"line":3,"column":158},"end":{"line":3,"column":180}},"line":3},"2":{"name":"_typeof","decl":{"start":{"line":3,"column":210},"end":{"line":3,"column":217}},"loc":{"start":{"line":3,"column":223},"end":{"line":3,"column":352}},"line":3},"3":{"name":"_interopRequireDefault","decl":{"start":{"line":24,"column":9},"end":{"line":24,"column":31}},"loc":{"start":{"line":24,"column":37},"end":{"line":24,"column":97}},"line":24},"4":{"name":"_getRequireWildcardCache","decl":{"start":{"line":26,"column":9},"end":{"line":26,"column":33}},"loc":{"start":{"line":26,"column":36},"end":{"line":26,"column":210}},"line":26},"5":{"name":"_getRequireWildcardCache","decl":{"start":{"line":26,"column":149},"end":{"line":26,"column":173}},"loc":{"start":{"line":26,"column":176},"end":{"line":26,"column":193}},"line":26},"6":{"name":"_interopRequireWildcard","decl":{"start":{"line":28,"column":9},"end":{"line":28,"column":32}},"loc":{"start":{"line":28,"column":38},"end":{"line":28,"column":750}},"line":28},"7":{"name":"(anonymous_7)","decl":{"start":{"line":44,"column":13},"end":{"line":44,"column":14}},"loc":{"start":{"line":44,"column":33},"end":{"line":46,"column":1}},"line":44}},"branchMap":{"0":{"loc":{"start":{"line":3,"column":51},"end":{"line":3,"column":355}},"type":"if","locations":[{"start":{"line":3,"column":51},"end":{"line":3,"column":355}},{"start":{"line":3,"column":51},"end":{"line":3,"column":355}}],"line":3},"1":{"loc":{"start":{"line":3,"column":55},"end":{"line":3,"column":122}},"type":"binary-expr","locations":[{"start":{"line":3,"column":55},"end":{"line":3,"column":83}},{"start":{"line":3,"column":87},"end":{"line":3,"column":122}}],"line":3},"2":{"loc":{"start":{"line":3,"column":232},"end":{"line":3,"column":349}},"type":"cond-expr","locations":[{"start":{"line":3,"column":328},"end":{"line":3,"column":336}},{"start":{"line":3,"column":339},"end":{"line":3,"column":349}}],"line":3},"3":{"loc":{"start":{"line":3,"column":232},"end":{"line":3,"column":325}},"type":"binary-expr","locations":[{"start":{"line":3,"column":232},"end":{"line":3,"column":235}},{"start":{"line":3,"column":239},"end":{"line":3,"column":267}},{"start":{"line":3,"column":271},"end":{"line":3,"column":297}},{"start":{"line":3,"column":301},"end":{"line":3,"column":325}}],"line":3},"4":{"loc":{"start":{"line":24,"column":46},"end":{"line":24,"column":94}},"type":"cond-expr","locations":[{"start":{"line":24,"column":70},"end":{"line":24,"column":73}},{"start":{"line":24,"column":76},"end":{"line":24,"column":94}}],"line":24},"5":{"loc":{"start":{"line":24,"column":46},"end":{"line":24,"column":67}},"type":"binary-expr","locations":[{"start":{"line":24,"column":46},"end":{"line":24,"column":49}},{"start":{"line":24,"column":53},"end":{"line":24,"column":67}}],"line":24},"6":{"loc":{"start":{"line":26,"column":38},"end":{"line":26,"column":85}},"type":"if","locations":[{"start":{"line":26,"column":38},"end":{"line":26,"column":85}},{"start":{"line":26,"column":38},"end":{"line":26,"column":85}}],"line":26},"7":{"loc":{"start":{"line":28,"column":40},"end":{"line":28,"column":82}},"type":"if","locations":[{"start":{"line":28,"column":40},"end":{"line":28,"column":82}},{"start":{"line":28,"column":40},"end":{"line":28,"column":82}}],"line":28},"8":{"loc":{"start":{"line":28,"column":44},"end":{"line":28,"column":65}},"type":"binary-expr","locations":[{"start":{"line":28,"column":44},"end":{"line":28,"column":47}},{"start":{"line":28,"column":51},"end":{"line":28,"column":65}}],"line":28},"9":{"loc":{"start":{"line":28,"column":83},"end":{"line":28,"column":189}},"type":"if","locations":[{"start":{"line":28,"column":83},"end":{"line":28,"column":189}},{"start":{"line":28,"column":83},"end":{"line":28,"column":189}}],"line":28},"10":{"loc":{"start":{"line":28,"column":87},"end":{"line":28,"column":157}},"type":"binary-expr","locations":[{"start":{"line":28,"column":87},"end":{"line":28,"column":99}},{"start":{"line":28,"column":103},"end":{"line":28,"column":128}},{"start":{"line":28,"column":132},"end":{"line":28,"column":157}}],"line":28},"11":{"loc":{"start":{"line":28,"column":230},"end":{"line":28,"column":285}},"type":"if","locations":[{"start":{"line":28,"column":230},"end":{"line":28,"column":285}},{"start":{"line":28,"column":230},"end":{"line":28,"column":285}}],"line":28},"12":{"loc":{"start":{"line":28,"column":234},"end":{"line":28,"column":257}},"type":"binary-expr","locations":[{"start":{"line":28,"column":234},"end":{"line":28,"column":239}},{"start":{"line":28,"column":243},"end":{"line":28,"column":257}}],"line":28},"13":{"loc":{"start":{"line":28,"column":331},"end":{"line":28,"column":387}},"type":"binary-expr","locations":[{"start":{"line":28,"column":331},"end":{"line":28,"column":352}},{"start":{"line":28,"column":356},"end":{"line":28,"column":387}}],"line":28},"14":{"loc":{"start":{"line":28,"column":412},"end":{"line":28,"column":667}},"type":"if","locations":[{"start":{"line":28,"column":412},"end":{"line":28,"column":667}},{"start":{"line":28,"column":412},"end":{"line":28,"column":667}}],"line":28},"15":{"loc":{"start":{"line":28,"column":477},"end":{"line":28,"column":549}},"type":"cond-expr","locations":[{"start":{"line":28,"column":501},"end":{"line":28,"column":542}},{"start":{"line":28,"column":545},"end":{"line":28,"column":549}}],"line":28},"16":{"loc":{"start":{"line":28,"column":551},"end":{"line":28,"column":665}},"type":"if","locations":[{"start":{"line":28,"column":551},"end":{"line":28,"column":665}},{"start":{"line":28,"column":551},"end":{"line":28,"column":665}}],"line":28},"17":{"loc":{"start":{"line":28,"column":555},"end":{"line":28,"column":585}},"type":"binary-expr","locations":[{"start":{"line":28,"column":555},"end":{"line":28,"column":559}},{"start":{"line":28,"column":564},"end":{"line":28,"column":572}},{"start":{"line":28,"column":576},"end":{"line":28,"column":584}}],"line":28},"18":{"loc":{"start":{"line":28,"column":695},"end":{"line":28,"column":733}},"type":"if","locations":[{"start":{"line":28,"column":695},"end":{"line":28,"column":733}},{"start":{"line":28,"column":695},"end":{"line":28,"column":733}}],"line":28}},"s":{"0":3,"1":3,"2":3,"3":0,"4":0,"5":3,"6":3,"7":3,"8":3,"9":3,"10":3,"11":3,"12":3,"13":3,"14":3,"15":12,"16":3,"17":0,"18":3,"19":3,"20":0,"21":3,"22":3,"23":0,"24":3,"25":0,"26":3,"27":3,"28":0,"29":3,"30":3,"31":3,"32":33,"33":33,"34":33,"35":0,"36":33,"37":3,"38":3,"39":3,"40":3,"41":3,"42":3,"43":3,"44":3,"45":3,"46":3,"47":3,"48":3,"49":3,"50":0,"51":3,"52":3},"f":{"0":3,"1":3,"2":0,"3":12,"4":3,"5":0,"6":3,"7":0},"b":{"0":[3,0],"1":[3,3],"2":[0,0],"3":[0,0,0,0],"4":[6,6],"5":[12,12],"6":[0,3],"7":[0,3],"8":[3,3],"9":[0,3],"10":[3,3,3],"11":[0,3],"12":[3,3],"13":[3,3],"14":[33,0],"15":[33,0],"16":[0,33],"17":[33,33,33],"18":[3,0]},"_coverageSchema":"1a1c01bbd47fc00a2c39e90264f33305004495a9","hash":"68b20938a58930ed2f74d1ecd9de3b217ac645a7"}
,"D:\\file\\monehindemo\\build\\config\\cloudinary.js": {"path":"D:\\file\\monehindemo\\build\\config\\cloudinary.js","statementMap":{"0":{"start":{"line":3,"column":0},"end":{"line":5,"column":3}},"1":{"start":{"line":6,"column":0},"end":{"line":6,"column":28}},"2":{"start":{"line":8,"column":14},"end":{"line":8,"column":31}},"3":{"start":{"line":10,"column":18},"end":{"line":10,"column":39}},"4":{"start":{"line":12,"column":0},"end":{"line":12,"column":22}},"5":{"start":{"line":14,"column":0},"end":{"line":14,"column":50}},"6":{"start":{"line":16,"column":15},"end":{"line":16,"column":38}},"7":{"start":{"line":17,"column":0},"end":{"line":17,"column":30}}},"fnMap":{},"branchMap":{},"s":{"0":3,"1":3,"2":3,"3":3,"4":3,"5":3,"6":3,"7":3},"f":{},"b":{},"_coverageSchema":"1a1c01bbd47fc00a2c39e90264f33305004495a9","hash":"a2133da64a4f1f32f51382b2fcb1139263e5d7e6"}
,"D:\\file\\monehindemo\\build\\config\\database.js": {"path":"D:\\file\\monehindemo\\build\\config\\database.js","statementMap":{"0":{"start":{"line":3,"column":0},"end":{"line":5,"column":3}},"1":{"start":{"line":6,"column":0},"end":{"line":6,"column":28}},"2":{"start":{"line":8,"column":14},"end":{"line":8,"column":68}},"3":{"start":{"line":10,"column":16},"end":{"line":10,"column":35}},"4":{"start":{"line":12,"column":39},"end":{"line":12,"column":95}},"5":{"start":{"line":14,"column":77},"end":{"line":14,"column":175}},"6":{"start":{"line":14,"column":94},"end":{"line":14,"column":107}},"7":{"start":{"line":14,"column":121},"end":{"line":14,"column":131}},"8":{"start":{"line":14,"column":151},"end":{"line":14,"column":165}},"9":{"start":{"line":14,"column":166},"end":{"line":14,"column":173}},"10":{"start":{"line":14,"column":176},"end":{"line":14,"column":263}},"11":{"start":{"line":14,"column":193},"end":{"line":14,"column":208}},"12":{"start":{"line":14,"column":218},"end":{"line":14,"column":261}},"13":{"start":{"line":16,"column":33},"end":{"line":16,"column":387}},"14":{"start":{"line":16,"column":65},"end":{"line":16,"column":69}},"15":{"start":{"line":16,"column":78},"end":{"line":16,"column":87}},"16":{"start":{"line":16,"column":89},"end":{"line":16,"column":384}},"17":{"start":{"line":16,"column":147},"end":{"line":16,"column":167}},"18":{"start":{"line":16,"column":193},"end":{"line":16,"column":264}},"19":{"start":{"line":16,"column":290},"end":{"line":16,"column":360}},"20":{"start":{"line":16,"column":363},"end":{"line":16,"column":380}},"21":{"start":{"line":18,"column":16},"end":{"line":18,"column":52}},"22":{"start":{"line":20,"column":29},"end":{"line":57,"column":3}},"23":{"start":{"line":21,"column":13},"end":{"line":52,"column":5}},"24":{"start":{"line":23,"column":4},"end":{"line":51,"column":32}},"25":{"start":{"line":24,"column":6},"end":{"line":50,"column":7}},"26":{"start":{"line":25,"column":8},"end":{"line":49,"column":9}},"27":{"start":{"line":27,"column":12},"end":{"line":27,"column":30}},"28":{"start":{"line":28,"column":12},"end":{"line":28,"column":30}},"29":{"start":{"line":29,"column":12},"end":{"line":33,"column":15}},"30":{"start":{"line":36,"column":12},"end":{"line":36,"column":33}},"31":{"start":{"line":37,"column":12},"end":{"line":37,"column":46}},"32":{"start":{"line":38,"column":12},"end":{"line":38,"column":31}},"33":{"start":{"line":39,"column":12},"end":{"line":39,"column":18}},"34":{"start":{"line":42,"column":12},"end":{"line":42,"column":30}},"35":{"start":{"line":43,"column":12},"end":{"line":43,"column":47}},"36":{"start":{"line":44,"column":12},"end":{"line":44,"column":63}},"37":{"start":{"line":48,"column":12},"end":{"line":48,"column":35}},"38":{"start":{"line":54,"column":2},"end":{"line":56,"column":4}},"39":{"start":{"line":55,"column":4},"end":{"line":55,"column":39}},"40":{"start":{"line":59,"column":15},"end":{"line":59,"column":24}},"41":{"start":{"line":60,"column":0},"end":{"line":60,"column":30}}},"fnMap":{"0":{"name":"_interopRequireDefault","decl":{"start":{"line":12,"column":9},"end":{"line":12,"column":31}},"loc":{"start":{"line":12,"column":37},"end":{"line":12,"column":97}},"line":12},"1":{"name":"asyncGeneratorStep","decl":{"start":{"line":14,"column":9},"end":{"line":14,"column":27}},"loc":{"start":{"line":14,"column":75},"end":{"line":14,"column":265}},"line":14},"2":{"name":"_asyncToGenerator","decl":{"start":{"line":16,"column":9},"end":{"line":16,"column":26}},"loc":{"start":{"line":16,"column":31},"end":{"line":16,"column":389}},"line":16},"3":{"name":"(anonymous_3)","decl":{"start":{"line":16,"column":40},"end":{"line":16,"column":41}},"loc":{"start":{"line":16,"column":52},"end":{"line":16,"column":386}},"line":16},"4":{"name":"(anonymous_4)","decl":{"start":{"line":16,"column":108},"end":{"line":16,"column":109}},"loc":{"start":{"line":16,"column":135},"end":{"line":16,"column":382}},"line":16},"5":{"name":"_next","decl":{"start":{"line":16,"column":178},"end":{"line":16,"column":183}},"loc":{"start":{"line":16,"column":191},"end":{"line":16,"column":266}},"line":16},"6":{"name":"_throw","decl":{"start":{"line":16,"column":276},"end":{"line":16,"column":282}},"loc":{"start":{"line":16,"column":288},"end":{"line":16,"column":362}},"line":16},"7":{"name":"(anonymous_7)","decl":{"start":{"line":20,"column":29},"end":{"line":20,"column":30}},"loc":{"start":{"line":20,"column":41},"end":{"line":57,"column":1}},"line":20},"8":{"name":"_callee","decl":{"start":{"line":21,"column":78},"end":{"line":21,"column":85}},"loc":{"start":{"line":21,"column":88},"end":{"line":52,"column":3}},"line":21},"9":{"name":"_callee$","decl":{"start":{"line":23,"column":44},"end":{"line":23,"column":52}},"loc":{"start":{"line":23,"column":63},"end":{"line":51,"column":5}},"line":23},"10":{"name":"connectDB","decl":{"start":{"line":54,"column":18},"end":{"line":54,"column":27}},"loc":{"start":{"line":54,"column":30},"end":{"line":56,"column":3}},"line":54}},"branchMap":{"0":{"loc":{"start":{"line":12,"column":46},"end":{"line":12,"column":94}},"type":"cond-expr","locations":[{"start":{"line":12,"column":70},"end":{"line":12,"column":73}},{"start":{"line":12,"column":76},"end":{"line":12,"column":94}}],"line":12},"1":{"loc":{"start":{"line":12,"column":46},"end":{"line":12,"column":67}},"type":"binary-expr","locations":[{"start":{"line":12,"column":46},"end":{"line":12,"column":49}},{"start":{"line":12,"column":53},"end":{"line":12,"column":67}}],"line":12},"2":{"loc":{"start":{"line":14,"column":176},"end":{"line":14,"column":263}},"type":"if","locations":[{"start":{"line":14,"column":176},"end":{"line":14,"column":263}},{"start":{"line":14,"column":176},"end":{"line":14,"column":263}}],"line":14},"3":{"loc":{"start":{"line":25,"column":8},"end":{"line":49,"column":9}},"type":"switch","locations":[{"start":{"line":26,"column":10},"end":{"line":33,"column":15}},{"start":{"line":35,"column":10},"end":{"line":39,"column":18}},{"start":{"line":41,"column":10},"end":{"line":44,"column":63}},{"start":{"line":46,"column":10},"end":{"line":46,"column":18}},{"start":{"line":47,"column":10},"end":{"line":48,"column":35}}],"line":25}},"s":{"0":3,"1":3,"2":3,"3":3,"4":3,"5":6,"6":6,"7":6,"8":0,"9":0,"10":6,"11":3,"12":3,"13":3,"14":3,"15":3,"16":3,"17":3,"18":6,"19":0,"20":3,"21":3,"22":3,"23":3,"24":3,"25":6,"26":9,"27":3,"28":3,"29":3,"30":3,"31":3,"32":3,"33":3,"34":0,"35":0,"36":0,"37":3,"38":3,"39":3,"40":3,"41":3},"f":{"0":3,"1":6,"2":3,"3":3,"4":3,"5":6,"6":0,"7":3,"8":3,"9":6,"10":3},"b":{"0":[0,3],"1":[3,3],"2":[3,3],"3":[3,3,0,3,3]},"_coverageSchema":"1a1c01bbd47fc00a2c39e90264f33305004495a9","hash":"91d3fd876acfc9c5e38acfa8c4c671a14aa61b09"}
,"D:\\file\\monehindemo\\build\\config\\passport.js": {"path":"D:\\file\\monehindemo\\build\\config\\passport.js","statementMap":{"0":{"start":{"line":3,"column":0},"end":{"line":5,"column":3}},"1":{"start":{"line":6,"column":0},"end":{"line":6,"column":29}},"2":{"start":{"line":8,"column":14},"end":{"line":8,"column":31}},"3":{"start":{"line":10,"column":19},"end":{"line":10,"column":42}},"4":{"start":{"line":12,"column":0},"end":{"line":12,"column":22}},"5":{"start":{"line":13,"column":17},"end":{"line":16,"column":1}},"6":{"start":{"line":17,"column":18},"end":{"line":21,"column":2}},"7":{"start":{"line":18,"column":2},"end":{"line":20,"column":5}},"8":{"start":{"line":22,"column":0},"end":{"line":22,"column":34}}},"fnMap":{"0":{"name":"(anonymous_0)","decl":{"start":{"line":17,"column":56},"end":{"line":17,"column":57}},"loc":{"start":{"line":17,"column":81},"end":{"line":21,"column":1}},"line":17}},"branchMap":{"0":{"loc":{"start":{"line":18,"column":9},"end":{"line":20,"column":4}},"type":"cond-expr","locations":[{"start":{"line":18,"column":19},"end":{"line":18,"column":38}},{"start":{"line":18,"column":41},"end":{"line":20,"column":4}}],"line":18}},"s":{"0":3,"1":3,"2":3,"3":3,"4":3,"5":3,"6":3,"7":0,"8":3},"f":{"0":0},"b":{"0":[0,0]},"_coverageSchema":"1a1c01bbd47fc00a2c39e90264f33305004495a9","hash":"e31005ef4b24de3292de6567016a2f5d16c1b3a7"}
,"D:\\file\\monehindemo\\build\\controllers\\Blog.js": {"path":"D:\\file\\monehindemo\\build\\controllers\\Blog.js","statementMap":{"0":{"start":{"line":3,"column":0},"end":{"line":5,"column":3}},"1":{"start":{"line":6,"column":0},"end":{"line":6,"column":140}},"2":{"start":{"line":8,"column":18},"end":{"line":8,"column":42}},"3":{"start":{"line":10,"column":13},"end":{"line":10,"column":68}},"4":{"start":{"line":12,"column":12},"end":{"line":12,"column":61}},"5":{"start":{"line":14,"column":15},"end":{"line":14,"column":67}},"6":{"start":{"line":16,"column":13},"end":{"line":16,"column":56}},"7":{"start":{"line":18,"column":39},"end":{"line":18,"column":95}},"8":{"start":{"line":20,"column":54},"end":{"line":20,"column":73}},"9":{"start":{"line":20,"column":75},"end":{"line":20,"column":326}},"10":{"start":{"line":20,"column":125},"end":{"line":20,"column":161}},"11":{"start":{"line":20,"column":163},"end":{"line":20,"column":292}},"12":{"start":{"line":20,"column":183},"end":{"line":20,"column":292}},"13":{"start":{"line":20,"column":225},"end":{"line":20,"column":288}},"14":{"start":{"line":20,"column":293},"end":{"line":20,"column":324}},"15":{"start":{"line":20,"column":327},"end":{"line":20,"column":339}},"16":{"start":{"line":22,"column":33},"end":{"line":22,"column":517}},"17":{"start":{"line":22,"column":46},"end":{"line":22,"column":47}},"18":{"start":{"line":22,"column":91},"end":{"line":22,"column":131}},"19":{"start":{"line":22,"column":133},"end":{"line":22,"column":515}},"20":{"start":{"line":22,"column":146},"end":{"line":22,"column":247}},"21":{"start":{"line":22,"column":201},"end":{"line":22,"column":243}},"22":{"start":{"line":22,"column":255},"end":{"line":22,"column":515}},"23":{"start":{"line":22,"column":295},"end":{"line":22,"column":369}},"24":{"start":{"line":22,"column":379},"end":{"line":22,"column":513}},"25":{"start":{"line":22,"column":428},"end":{"line":22,"column":509}},"26":{"start":{"line":22,"column":518},"end":{"line":22,"column":532}},"27":{"start":{"line":24,"column":44},"end":{"line":24,"column":195}},"28":{"start":{"line":24,"column":62},"end":{"line":24,"column":166}},"29":{"start":{"line":24,"column":176},"end":{"line":24,"column":193}},"30":{"start":{"line":24,"column":196},"end":{"line":24,"column":207}},"31":{"start":{"line":26,"column":77},"end":{"line":26,"column":175}},"32":{"start":{"line":26,"column":94},"end":{"line":26,"column":107}},"33":{"start":{"line":26,"column":121},"end":{"line":26,"column":131}},"34":{"start":{"line":26,"column":151},"end":{"line":26,"column":165}},"35":{"start":{"line":26,"column":166},"end":{"line":26,"column":173}},"36":{"start":{"line":26,"column":176},"end":{"line":26,"column":263}},"37":{"start":{"line":26,"column":193},"end":{"line":26,"column":208}},"38":{"start":{"line":26,"column":218},"end":{"line":26,"column":261}},"39":{"start":{"line":28,"column":33},"end":{"line":28,"column":387}},"40":{"start":{"line":28,"column":65},"end":{"line":28,"column":69}},"41":{"start":{"line":28,"column":78},"end":{"line":28,"column":87}},"42":{"start":{"line":28,"column":89},"end":{"line":28,"column":384}},"43":{"start":{"line":28,"column":147},"end":{"line":28,"column":167}},"44":{"start":{"line":28,"column":193},"end":{"line":28,"column":264}},"45":{"start":{"line":28,"column":290},"end":{"line":28,"column":360}},"46":{"start":{"line":28,"column":363},"end":{"line":28,"column":380}},"47":{"start":{"line":30,"column":13},"end":{"line":67,"column":4}},"48":{"start":{"line":31,"column":13},"end":{"line":62,"column":5}},"49":{"start":{"line":33,"column":4},"end":{"line":61,"column":16}},"50":{"start":{"line":34,"column":6},"end":{"line":60,"column":7}},"51":{"start":{"line":35,"column":8},"end":{"line":59,"column":9}},"52":{"start":{"line":37,"column":12},"end":{"line":37,"column":30}},"53":{"start":{"line":38,"column":12},"end":{"line":38,"column":43}},"54":{"start":{"line":41,"column":12},"end":{"line":41,"column":34}},"55":{"start":{"line":43,"column":12},"end":{"line":46,"column":13}},"56":{"start":{"line":44,"column":14},"end":{"line":44,"column":32}},"57":{"start":{"line":45,"column":14},"end":{"line":45,"column":20}},"58":{"start":{"line":48,"column":12},"end":{"line":48,"column":102}},"59":{"start":{"line":51,"column":12},"end":{"line":54,"column":42}},"60":{"start":{"line":58,"column":12},"end":{"line":58,"column":35}},"61":{"start":{"line":64,"column":2},"end":{"line":66,"column":4}},"62":{"start":{"line":65,"column":4},"end":{"line":65,"column":39}},"63":{"start":{"line":68,"column":0},"end":{"line":68,"column":24}},"64":{"start":{"line":69,"column":13},"end":{"line":115,"column":4}},"65":{"start":{"line":70,"column":14},"end":{"line":110,"column":5}},"66":{"start":{"line":73,"column":4},"end":{"line":109,"column":17}},"67":{"start":{"line":74,"column":6},"end":{"line":108,"column":7}},"68":{"start":{"line":75,"column":8},"end":{"line":107,"column":9}},"69":{"start":{"line":77,"column":12},"end":{"line":77,"column":39}},"70":{"start":{"line":79,"column":12},"end":{"line":82,"column":13}},"71":{"start":{"line":80,"column":14},"end":{"line":80,"column":33}},"72":{"start":{"line":81,"column":14},"end":{"line":81,"column":20}},"73":{"start":{"line":84,"column":12},"end":{"line":84,"column":118}},"74":{"start":{"line":87,"column":12},"end":{"line":87,"column":31}},"75":{"start":{"line":88,"column":12},"end":{"line":88,"column":74}},"76":{"start":{"line":91,"column":12},"end":{"line":91,"column":51}},"77":{"start":{"line":92,"column":12},"end":{"line":92,"column":46}},"78":{"start":{"line":94,"column":12},"end":{"line":97,"column":13}},"79":{"start":{"line":95,"column":14},"end":{"line":95,"column":33}},"80":{"start":{"line":96,"column":14},"end":{"line":96,"column":20}},"81":{"start":{"line":99,"column":12},"end":{"line":99,"column":100}},"82":{"start":{"line":102,"column":12},"end":{"line":102,"column":108}},"83":{"start":{"line":106,"column":12},"end":{"line":106,"column":36}},"84":{"start":{"line":112,"column":2},"end":{"line":114,"column":4}},"85":{"start":{"line":113,"column":4},"end":{"line":113,"column":40}},"86":{"start":{"line":116,"column":0},"end":{"line":116,"column":24}},"87":{"start":{"line":117,"column":13},"end":{"line":168,"column":4}},"88":{"start":{"line":118,"column":14},"end":{"line":163,"column":5}},"89":{"start":{"line":121,"column":4},"end":{"line":162,"column":17}},"90":{"start":{"line":122,"column":6},"end":{"line":161,"column":7}},"91":{"start":{"line":123,"column":8},"end":{"line":160,"column":9}},"92":{"start":{"line":125,"column":12},"end":{"line":125,"column":53}},"93":{"start":{"line":126,"column":12},"end":{"line":129,"column":15}},"94":{"start":{"line":130,"column":12},"end":{"line":130,"column":123}},"95":{"start":{"line":132,"column":12},"end":{"line":135,"column":13}},"96":{"start":{"line":133,"column":14},"end":{"line":133,"column":33}},"97":{"start":{"line":134,"column":14},"end":{"line":134,"column":20}},"98":{"start":{"line":137,"column":12},"end":{"line":137,"column":111}},"99":{"start":{"line":140,"column":12},"end":{"line":140,"column":31}},"100":{"start":{"line":141,"column":12},"end":{"line":141,"column":49}},"101":{"start":{"line":144,"column":12},"end":{"line":144,"column":51}},"102":{"start":{"line":145,"column":12},"end":{"line":145,"column":46}},"103":{"start":{"line":147,"column":12},"end":{"line":150,"column":13}},"104":{"start":{"line":148,"column":14},"end":{"line":148,"column":34}},"105":{"start":{"line":149,"column":14},"end":{"line":149,"column":20}},"106":{"start":{"line":152,"column":12},"end":{"line":152,"column":102}},"107":{"start":{"line":155,"column":12},"end":{"line":155,"column":118}},"108":{"start":{"line":159,"column":12},"end":{"line":159,"column":36}},"109":{"start":{"line":165,"column":2},"end":{"line":167,"column":4}},"110":{"start":{"line":166,"column":4},"end":{"line":166,"column":40}},"111":{"start":{"line":169,"column":0},"end":{"line":169,"column":24}},"112":{"start":{"line":170,"column":13},"end":{"line":220,"column":4}},"113":{"start":{"line":171,"column":14},"end":{"line":215,"column":5}},"114":{"start":{"line":174,"column":4},"end":{"line":214,"column":17}},"115":{"start":{"line":175,"column":6},"end":{"line":213,"column":7}},"116":{"start":{"line":176,"column":8},"end":{"line":212,"column":9}},"117":{"start":{"line":178,"column":12},"end":{"line":178,"column":39}},"118":{"start":{"line":179,"column":12},"end":{"line":179,"column":129}},"119":{"start":{"line":181,"column":12},"end":{"line":184,"column":13}},"120":{"start":{"line":182,"column":14},"end":{"line":182,"column":33}},"121":{"start":{"line":183,"column":14},"end":{"line":183,"column":20}},"122":{"start":{"line":186,"column":12},"end":{"line":186,"column":111}},"123":{"start":{"line":189,"column":12},"end":{"line":189,"column":31}},"124":{"start":{"line":190,"column":12},"end":{"line":194,"column":15}},"125":{"start":{"line":197,"column":12},"end":{"line":197,"column":34}},"126":{"start":{"line":199,"column":12},"end":{"line":202,"column":13}},"127":{"start":{"line":200,"column":14},"end":{"line":200,"column":33}},"128":{"start":{"line":201,"column":14},"end":{"line":201,"column":20}},"129":{"start":{"line":204,"column":12},"end":{"line":204,"column":99}},"130":{"start":{"line":207,"column":12},"end":{"line":207,"column":118}},"131":{"start":{"line":211,"column":12},"end":{"line":211,"column":36}},"132":{"start":{"line":217,"column":2},"end":{"line":219,"column":4}},"133":{"start":{"line":218,"column":4},"end":{"line":218,"column":40}},"134":{"start":{"line":221,"column":0},"end":{"line":221,"column":24}},"135":{"start":{"line":222,"column":16},"end":{"line":272,"column":4}},"136":{"start":{"line":223,"column":14},"end":{"line":267,"column":5}},"137":{"start":{"line":225,"column":4},"end":{"line":266,"column":17}},"138":{"start":{"line":226,"column":6},"end":{"line":265,"column":7}},"139":{"start":{"line":227,"column":8},"end":{"line":264,"column":9}},"140":{"start":{"line":229,"column":12},"end":{"line":229,"column":39}},"141":{"start":{"line":230,"column":12},"end":{"line":230,"column":31}},"142":{"start":{"line":231,"column":12},"end":{"line":233,"column":15}},"143":{"start":{"line":236,"column":12},"end":{"line":236,"column":34}},"144":{"start":{"line":238,"column":12},"end":{"line":241,"column":13}},"145":{"start":{"line":239,"column":14},"end":{"line":239,"column":33}},"146":{"start":{"line":240,"column":14},"end":{"line":240,"column":20}},"147":{"start":{"line":243,"column":12},"end":{"line":243,"column":95}},"148":{"start":{"line":246,"column":12},"end":{"line":249,"column":13}},"149":{"start":{"line":247,"column":14},"end":{"line":247,"column":33}},"150":{"start":{"line":248,"column":14},"end":{"line":248,"column":20}},"151":{"start":{"line":251,"column":12},"end":{"line":251,"column":31}},"152":{"start":{"line":252,"column":12},"end":{"line":252,"column":50}},"153":{"start":{"line":255,"column":12},"end":{"line":255,"column":32}},"154":{"start":{"line":256,"column":12},"end":{"line":256,"column":36}},"155":{"start":{"line":259,"column":12},"end":{"line":259,"column":117}},"156":{"start":{"line":263,"column":12},"end":{"line":263,"column":36}},"157":{"start":{"line":269,"column":2},"end":{"line":271,"column":4}},"158":{"start":{"line":270,"column":4},"end":{"line":270,"column":40}},"159":{"start":{"line":273,"column":0},"end":{"line":273,"column":30}},"160":{"start":{"line":274,"column":17},"end":{"line":349,"column":4}},"161":{"start":{"line":275,"column":14},"end":{"line":344,"column":5}},"162":{"start":{"line":278,"column":4},"end":{"line":343,"column":17}},"163":{"start":{"line":279,"column":6},"end":{"line":342,"column":7}},"164":{"start":{"line":280,"column":8},"end":{"line":341,"column":9}},"165":{"start":{"line":282,"column":12},"end":{"line":282,"column":39}},"166":{"start":{"line":283,"column":12},"end":{"line":283,"column":37}},"167":{"start":{"line":285,"column":12},"end":{"line":288,"column":13}},"168":{"start":{"line":286,"column":14},"end":{"line":286,"column":33}},"169":{"start":{"line":287,"column":14},"end":{"line":287,"column":20}},"170":{"start":{"line":290,"column":12},"end":{"line":290,"column":119}},"171":{"start":{"line":293,"column":12},"end":{"line":295,"column":15}},"172":{"start":{"line":296,"column":12},"end":{"line":296,"column":118}},"173":{"start":{"line":298,"column":12},"end":{"line":301,"column":13}},"174":{"start":{"line":299,"column":14},"end":{"line":299,"column":33}},"175":{"start":{"line":300,"column":14},"end":{"line":300,"column":20}},"176":{"start":{"line":303,"column":12},"end":{"line":303,"column":111}},"177":{"start":{"line":306,"column":12},"end":{"line":306,"column":32}},"178":{"start":{"line":307,"column":12},"end":{"line":307,"column":53}},"179":{"start":{"line":310,"column":12},"end":{"line":310,"column":34}},"180":{"start":{"line":312,"column":12},"end":{"line":315,"column":13}},"181":{"start":{"line":313,"column":14},"end":{"line":313,"column":34}},"182":{"start":{"line":314,"column":14},"end":{"line":314,"column":20}},"183":{"start":{"line":317,"column":12},"end":{"line":317,"column":100}},"184":{"start":{"line":320,"column":12},"end":{"line":320,"column":32}},"185":{"start":{"line":321,"column":12},"end":{"line":321,"column":55}},"186":{"start":{"line":324,"column":12},"end":{"line":324,"column":40}},"187":{"start":{"line":325,"column":12},"end":{"line":325,"column":36}},"188":{"start":{"line":326,"column":12},"end":{"line":326,"column":32}},"189":{"start":{"line":327,"column":12},"end":{"line":327,"column":37}},"190":{"start":{"line":330,"column":12},"end":{"line":330,"column":47}},"191":{"start":{"line":331,"column":12},"end":{"line":331,"column":36}},"192":{"start":{"line":332,"column":12},"end":{"line":332,"column":32}},"193":{"start":{"line":333,"column":12},"end":{"line":333,"column":31}},"194":{"start":{"line":336,"column":12},"end":{"line":336,"column":129}},"195":{"start":{"line":340,"column":12},"end":{"line":340,"column":36}},"196":{"start":{"line":346,"column":2},"end":{"line":348,"column":4}},"197":{"start":{"line":347,"column":4},"end":{"line":347,"column":40}},"198":{"start":{"line":350,"column":0},"end":{"line":350,"column":32}},"199":{"start":{"line":351,"column":20},"end":{"line":419,"column":4}},"200":{"start":{"line":352,"column":14},"end":{"line":414,"column":5}},"201":{"start":{"line":355,"column":4},"end":{"line":413,"column":17}},"202":{"start":{"line":356,"column":6},"end":{"line":412,"column":7}},"203":{"start":{"line":357,"column":8},"end":{"line":411,"column":9}},"204":{"start":{"line":359,"column":12},"end":{"line":359,"column":101}},"205":{"start":{"line":361,"column":12},"end":{"line":364,"column":13}},"206":{"start":{"line":362,"column":14},"end":{"line":362,"column":33}},"207":{"start":{"line":363,"column":14},"end":{"line":363,"column":20}},"208":{"start":{"line":366,"column":12},"end":{"line":366,"column":131}},"209":{"start":{"line":369,"column":12},"end":{"line":369,"column":31}},"210":{"start":{"line":370,"column":12},"end":{"line":370,"column":53}},"211":{"start":{"line":373,"column":12},"end":{"line":373,"column":34}},"212":{"start":{"line":375,"column":12},"end":{"line":378,"column":13}},"213":{"start":{"line":376,"column":14},"end":{"line":376,"column":33}},"214":{"start":{"line":377,"column":14},"end":{"line":377,"column":20}},"215":{"start":{"line":380,"column":12},"end":{"line":380,"column":100}},"216":{"start":{"line":383,"column":12},"end":{"line":386,"column":13}},"217":{"start":{"line":384,"column":14},"end":{"line":384,"column":34}},"218":{"start":{"line":385,"column":14},"end":{"line":385,"column":20}},"219":{"start":{"line":388,"column":12},"end":{"line":388,"column":103}},"220":{"start":{"line":391,"column":12},"end":{"line":393,"column":15}},"221":{"start":{"line":392,"column":14},"end":{"line":392,"column":46}},"222":{"start":{"line":394,"column":12},"end":{"line":394,"column":36}},"223":{"start":{"line":395,"column":12},"end":{"line":395,"column":32}},"224":{"start":{"line":396,"column":12},"end":{"line":396,"column":68}},"225":{"start":{"line":399,"column":12},"end":{"line":399,"column":32}},"226":{"start":{"line":400,"column":12},"end":{"line":400,"column":31}},"227":{"start":{"line":403,"column":12},"end":{"line":406,"column":48}},"228":{"start":{"line":410,"column":12},"end":{"line":410,"column":36}},"229":{"start":{"line":416,"column":2},"end":{"line":418,"column":4}},"230":{"start":{"line":417,"column":4},"end":{"line":417,"column":40}},"231":{"start":{"line":420,"column":0},"end":{"line":420,"column":38}}},"fnMap":{"0":{"name":"_interopRequireDefault","decl":{"start":{"line":18,"column":9},"end":{"line":18,"column":31}},"loc":{"start":{"line":18,"column":37},"end":{"line":18,"column":97}},"line":18},"1":{"name":"ownKeys","decl":{"start":{"line":20,"column":9},"end":{"line":20,"column":16}},"loc":{"start":{"line":20,"column":41},"end":{"line":20,"column":341}},"line":20},"2":{"name":"(anonymous_2)","decl":{"start":{"line":20,"column":208},"end":{"line":20,"column":209}},"loc":{"start":{"line":20,"column":223},"end":{"line":20,"column":290}},"line":20},"3":{"name":"_objectSpread","decl":{"start":{"line":22,"column":9},"end":{"line":22,"column":22}},"loc":{"start":{"line":22,"column":31},"end":{"line":22,"column":534}},"line":22},"4":{"name":"(anonymous_4)","decl":{"start":{"line":22,"column":184},"end":{"line":22,"column":185}},"loc":{"start":{"line":22,"column":199},"end":{"line":22,"column":245}},"line":22},"5":{"name":"(anonymous_5)","decl":{"start":{"line":22,"column":411},"end":{"line":22,"column":412}},"loc":{"start":{"line":22,"column":426},"end":{"line":22,"column":511}},"line":22},"6":{"name":"_defineProperty","decl":{"start":{"line":24,"column":9},"end":{"line":24,"column":24}},"loc":{"start":{"line":24,"column":42},"end":{"line":24,"column":209}},"line":24},"7":{"name":"asyncGeneratorStep","decl":{"start":{"line":26,"column":9},"end":{"line":26,"column":27}},"loc":{"start":{"line":26,"column":75},"end":{"line":26,"column":265}},"line":26},"8":{"name":"_asyncToGenerator","decl":{"start":{"line":28,"column":9},"end":{"line":28,"column":26}},"loc":{"start":{"line":28,"column":31},"end":{"line":28,"column":389}},"line":28},"9":{"name":"(anonymous_9)","decl":{"start":{"line":28,"column":40},"end":{"line":28,"column":41}},"loc":{"start":{"line":28,"column":52},"end":{"line":28,"column":386}},"line":28},"10":{"name":"(anonymous_10)","decl":{"start":{"line":28,"column":108},"end":{"line":28,"column":109}},"loc":{"start":{"line":28,"column":135},"end":{"line":28,"column":382}},"line":28},"11":{"name":"_next","decl":{"start":{"line":28,"column":178},"end":{"line":28,"column":183}},"loc":{"start":{"line":28,"column":191},"end":{"line":28,"column":266}},"line":28},"12":{"name":"_throw","decl":{"start":{"line":28,"column":276},"end":{"line":28,"column":282}},"loc":{"start":{"line":28,"column":288},"end":{"line":28,"column":362}},"line":28},"13":{"name":"(anonymous_13)","decl":{"start":{"line":30,"column":50},"end":{"line":30,"column":51}},"loc":{"start":{"line":30,"column":62},"end":{"line":67,"column":1}},"line":30},"14":{"name":"_callee","decl":{"start":{"line":31,"column":78},"end":{"line":31,"column":85}},"loc":{"start":{"line":31,"column":96},"end":{"line":62,"column":3}},"line":31},"15":{"name":"_callee$","decl":{"start":{"line":33,"column":44},"end":{"line":33,"column":52}},"loc":{"start":{"line":33,"column":63},"end":{"line":61,"column":5}},"line":33},"16":{"name":"(anonymous_16)","decl":{"start":{"line":64,"column":9},"end":{"line":64,"column":10}},"loc":{"start":{"line":64,"column":28},"end":{"line":66,"column":3}},"line":64},"17":{"name":"(anonymous_17)","decl":{"start":{"line":69,"column":50},"end":{"line":69,"column":51}},"loc":{"start":{"line":69,"column":62},"end":{"line":115,"column":1}},"line":69},"18":{"name":"_callee2","decl":{"start":{"line":70,"column":79},"end":{"line":70,"column":87}},"loc":{"start":{"line":70,"column":98},"end":{"line":110,"column":3}},"line":70},"19":{"name":"_callee2$","decl":{"start":{"line":73,"column":44},"end":{"line":73,"column":53}},"loc":{"start":{"line":73,"column":65},"end":{"line":109,"column":5}},"line":73},"20":{"name":"(anonymous_20)","decl":{"start":{"line":112,"column":9},"end":{"line":112,"column":10}},"loc":{"start":{"line":112,"column":29},"end":{"line":114,"column":3}},"line":112},"21":{"name":"(anonymous_21)","decl":{"start":{"line":117,"column":50},"end":{"line":117,"column":51}},"loc":{"start":{"line":117,"column":62},"end":{"line":168,"column":1}},"line":117},"22":{"name":"_callee3","decl":{"start":{"line":118,"column":79},"end":{"line":118,"column":87}},"loc":{"start":{"line":118,"column":98},"end":{"line":163,"column":3}},"line":118},"23":{"name":"_callee3$","decl":{"start":{"line":121,"column":44},"end":{"line":121,"column":53}},"loc":{"start":{"line":121,"column":65},"end":{"line":162,"column":5}},"line":121},"24":{"name":"(anonymous_24)","decl":{"start":{"line":165,"column":9},"end":{"line":165,"column":10}},"loc":{"start":{"line":165,"column":29},"end":{"line":167,"column":3}},"line":165},"25":{"name":"(anonymous_25)","decl":{"start":{"line":170,"column":50},"end":{"line":170,"column":51}},"loc":{"start":{"line":170,"column":62},"end":{"line":220,"column":1}},"line":170},"26":{"name":"_callee4","decl":{"start":{"line":171,"column":79},"end":{"line":171,"column":87}},"loc":{"start":{"line":171,"column":98},"end":{"line":215,"column":3}},"line":171},"27":{"name":"_callee4$","decl":{"start":{"line":174,"column":44},"end":{"line":174,"column":53}},"loc":{"start":{"line":174,"column":65},"end":{"line":214,"column":5}},"line":174},"28":{"name":"(anonymous_28)","decl":{"start":{"line":217,"column":9},"end":{"line":217,"column":10}},"loc":{"start":{"line":217,"column":29},"end":{"line":219,"column":3}},"line":217},"29":{"name":"(anonymous_29)","decl":{"start":{"line":222,"column":53},"end":{"line":222,"column":54}},"loc":{"start":{"line":222,"column":65},"end":{"line":272,"column":1}},"line":222},"30":{"name":"_callee5","decl":{"start":{"line":223,"column":79},"end":{"line":223,"column":87}},"loc":{"start":{"line":223,"column":98},"end":{"line":267,"column":3}},"line":223},"31":{"name":"_callee5$","decl":{"start":{"line":225,"column":44},"end":{"line":225,"column":53}},"loc":{"start":{"line":225,"column":65},"end":{"line":266,"column":5}},"line":225},"32":{"name":"(anonymous_32)","decl":{"start":{"line":269,"column":9},"end":{"line":269,"column":10}},"loc":{"start":{"line":269,"column":30},"end":{"line":271,"column":3}},"line":269},"33":{"name":"(anonymous_33)","decl":{"start":{"line":274,"column":54},"end":{"line":274,"column":55}},"loc":{"start":{"line":274,"column":66},"end":{"line":349,"column":1}},"line":274},"34":{"name":"_callee6","decl":{"start":{"line":275,"column":79},"end":{"line":275,"column":87}},"loc":{"start":{"line":275,"column":98},"end":{"line":344,"column":3}},"line":275},"35":{"name":"_callee6$","decl":{"start":{"line":278,"column":44},"end":{"line":278,"column":53}},"loc":{"start":{"line":278,"column":65},"end":{"line":343,"column":5}},"line":278},"36":{"name":"(anonymous_36)","decl":{"start":{"line":346,"column":9},"end":{"line":346,"column":10}},"loc":{"start":{"line":346,"column":31},"end":{"line":348,"column":3}},"line":346},"37":{"name":"(anonymous_37)","decl":{"start":{"line":351,"column":57},"end":{"line":351,"column":58}},"loc":{"start":{"line":351,"column":69},"end":{"line":419,"column":1}},"line":351},"38":{"name":"_callee7","decl":{"start":{"line":352,"column":79},"end":{"line":352,"column":87}},"loc":{"start":{"line":352,"column":98},"end":{"line":414,"column":3}},"line":352},"39":{"name":"_callee7$","decl":{"start":{"line":355,"column":44},"end":{"line":355,"column":53}},"loc":{"start":{"line":355,"column":65},"end":{"line":413,"column":5}},"line":355},"40":{"name":"(anonymous_40)","decl":{"start":{"line":391,"column":49},"end":{"line":391,"column":50}},"loc":{"start":{"line":391,"column":63},"end":{"line":393,"column":13}},"line":391},"41":{"name":"(anonymous_41)","decl":{"start":{"line":416,"column":9},"end":{"line":416,"column":10}},"loc":{"start":{"line":416,"column":31},"end":{"line":418,"column":3}},"line":416}},"branchMap":{"0":{"loc":{"start":{"line":18,"column":46},"end":{"line":18,"column":94}},"type":"cond-expr","locations":[{"start":{"line":18,"column":70},"end":{"line":18,"column":73}},{"start":{"line":18,"column":76},"end":{"line":18,"column":94}}],"line":18},"1":{"loc":{"start":{"line":18,"column":46},"end":{"line":18,"column":67}},"type":"binary-expr","locations":[{"start":{"line":18,"column":46},"end":{"line":18,"column":49}},{"start":{"line":18,"column":53},"end":{"line":18,"column":67}}],"line":18},"2":{"loc":{"start":{"line":20,"column":75},"end":{"line":20,"column":326}},"type":"if","locations":[{"start":{"line":20,"column":75},"end":{"line":20,"column":326}},{"start":{"line":20,"column":75},"end":{"line":20,"column":326}}],"line":20},"3":{"loc":{"start":{"line":20,"column":163},"end":{"line":20,"column":292}},"type":"if","locations":[{"start":{"line":20,"column":163},"end":{"line":20,"column":292}},{"start":{"line":20,"column":163},"end":{"line":20,"column":292}}],"line":20},"4":{"loc":{"start":{"line":22,"column":91},"end":{"line":22,"column":131}},"type":"cond-expr","locations":[{"start":{"line":22,"column":114},"end":{"line":22,"column":126}},{"start":{"line":22,"column":129},"end":{"line":22,"column":131}}],"line":22},"5":{"loc":{"start":{"line":22,"column":133},"end":{"line":22,"column":515}},"type":"if","locations":[{"start":{"line":22,"column":133},"end":{"line":22,"column":515}},{"start":{"line":22,"column":133},"end":{"line":22,"column":515}}],"line":22},"6":{"loc":{"start":{"line":22,"column":255},"end":{"line":22,"column":515}},"type":"if","locations":[{"start":{"line":22,"column":255},"end":{"line":22,"column":515}},{"start":{"line":22,"column":255},"end":{"line":22,"column":515}}],"line":22},"7":{"loc":{"start":{"line":24,"column":44},"end":{"line":24,"column":195}},"type":"if","locations":[{"start":{"line":24,"column":44},"end":{"line":24,"column":195}},{"start":{"line":24,"column":44},"end":{"line":24,"column":195}}],"line":24},"8":{"loc":{"start":{"line":26,"column":176},"end":{"line":26,"column":263}},"type":"if","locations":[{"start":{"line":26,"column":176},"end":{"line":26,"column":263}},{"start":{"line":26,"column":176},"end":{"line":26,"column":263}}],"line":26},"9":{"loc":{"start":{"line":35,"column":8},"end":{"line":59,"column":9}},"type":"switch","locations":[{"start":{"line":36,"column":10},"end":{"line":38,"column":43}},{"start":{"line":40,"column":10},"end":{"line":48,"column":102}},{"start":{"line":50,"column":10},"end":{"line":54,"column":42}},{"start":{"line":56,"column":10},"end":{"line":56,"column":17}},{"start":{"line":57,"column":10},"end":{"line":58,"column":35}}],"line":35},"10":{"loc":{"start":{"line":43,"column":12},"end":{"line":46,"column":13}},"type":"if","locations":[{"start":{"line":43,"column":12},"end":{"line":46,"column":13}},{"start":{"line":43,"column":12},"end":{"line":46,"column":13}}],"line":43},"11":{"loc":{"start":{"line":75,"column":8},"end":{"line":107,"column":9}},"type":"switch","locations":[{"start":{"line":76,"column":10},"end":{"line":84,"column":118}},{"start":{"line":86,"column":10},"end":{"line":88,"column":74}},{"start":{"line":90,"column":10},"end":{"line":99,"column":100}},{"start":{"line":101,"column":10},"end":{"line":102,"column":108}},{"start":{"line":104,"column":10},"end":{"line":104,"column":18}},{"start":{"line":105,"column":10},"end":{"line":106,"column":36}}],"line":75},"12":{"loc":{"start":{"line":79,"column":12},"end":{"line":82,"column":13}},"type":"if","locations":[{"start":{"line":79,"column":12},"end":{"line":82,"column":13}},{"start":{"line":79,"column":12},"end":{"line":82,"column":13}}],"line":79},"13":{"loc":{"start":{"line":94,"column":12},"end":{"line":97,"column":13}},"type":"if","locations":[{"start":{"line":94,"column":12},"end":{"line":97,"column":13}},{"start":{"line":94,"column":12},"end":{"line":97,"column":13}}],"line":94},"14":{"loc":{"start":{"line":123,"column":8},"end":{"line":160,"column":9}},"type":"switch","locations":[{"start":{"line":124,"column":10},"end":{"line":137,"column":111}},{"start":{"line":139,"column":10},"end":{"line":141,"column":49}},{"start":{"line":143,"column":10},"end":{"line":152,"column":102}},{"start":{"line":154,"column":10},"end":{"line":155,"column":118}},{"start":{"line":157,"column":10},"end":{"line":157,"column":18}},{"start":{"line":158,"column":10},"end":{"line":159,"column":36}}],"line":123},"15":{"loc":{"start":{"line":132,"column":12},"end":{"line":135,"column":13}},"type":"if","locations":[{"start":{"line":132,"column":12},"end":{"line":135,"column":13}},{"start":{"line":132,"column":12},"end":{"line":135,"column":13}}],"line":132},"16":{"loc":{"start":{"line":147,"column":12},"end":{"line":150,"column":13}},"type":"if","locations":[{"start":{"line":147,"column":12},"end":{"line":150,"column":13}},{"start":{"line":147,"column":12},"end":{"line":150,"column":13}}],"line":147},"17":{"loc":{"start":{"line":176,"column":8},"end":{"line":212,"column":9}},"type":"switch","locations":[{"start":{"line":177,"column":10},"end":{"line":186,"column":111}},{"start":{"line":188,"column":10},"end":{"line":194,"column":15}},{"start":{"line":196,"column":10},"end":{"line":204,"column":99}},{"start":{"line":206,"column":10},"end":{"line":207,"column":118}},{"start":{"line":209,"column":10},"end":{"line":209,"column":18}},{"start":{"line":210,"column":10},"end":{"line":211,"column":36}}],"line":176},"18":{"loc":{"start":{"line":181,"column":12},"end":{"line":184,"column":13}},"type":"if","locations":[{"start":{"line":181,"column":12},"end":{"line":184,"column":13}},{"start":{"line":181,"column":12},"end":{"line":184,"column":13}}],"line":181},"19":{"loc":{"start":{"line":199,"column":12},"end":{"line":202,"column":13}},"type":"if","locations":[{"start":{"line":199,"column":12},"end":{"line":202,"column":13}},{"start":{"line":199,"column":12},"end":{"line":202,"column":13}}],"line":199},"20":{"loc":{"start":{"line":227,"column":8},"end":{"line":264,"column":9}},"type":"switch","locations":[{"start":{"line":228,"column":10},"end":{"line":233,"column":15}},{"start":{"line":235,"column":10},"end":{"line":243,"column":95}},{"start":{"line":245,"column":10},"end":{"line":252,"column":50}},{"start":{"line":254,"column":10},"end":{"line":256,"column":36}},{"start":{"line":258,"column":10},"end":{"line":259,"column":117}},{"start":{"line":261,"column":10},"end":{"line":261,"column":18}},{"start":{"line":262,"column":10},"end":{"line":263,"column":36}}],"line":227},"21":{"loc":{"start":{"line":238,"column":12},"end":{"line":241,"column":13}},"type":"if","locations":[{"start":{"line":238,"column":12},"end":{"line":241,"column":13}},{"start":{"line":238,"column":12},"end":{"line":241,"column":13}}],"line":238},"22":{"loc":{"start":{"line":246,"column":12},"end":{"line":249,"column":13}},"type":"if","locations":[{"start":{"line":246,"column":12},"end":{"line":249,"column":13}},{"start":{"line":246,"column":12},"end":{"line":249,"column":13}}],"line":246},"23":{"loc":{"start":{"line":280,"column":8},"end":{"line":341,"column":9}},"type":"switch","locations":[{"start":{"line":281,"column":10},"end":{"line":290,"column":119}},{"start":{"line":292,"column":10},"end":{"line":303,"column":111}},{"start":{"line":305,"column":10},"end":{"line":307,"column":53}},{"start":{"line":309,"column":10},"end":{"line":317,"column":100}},{"start":{"line":319,"column":10},"end":{"line":321,"column":55}},{"start":{"line":323,"column":10},"end":{"line":327,"column":37}},{"start":{"line":329,"column":10},"end":{"line":333,"column":31}},{"start":{"line":335,"column":10},"end":{"line":336,"column":129}},{"start":{"line":338,"column":10},"end":{"line":338,"column":18}},{"start":{"line":339,"column":10},"end":{"line":340,"column":36}}],"line":280},"24":{"loc":{"start":{"line":285,"column":12},"end":{"line":288,"column":13}},"type":"if","locations":[{"start":{"line":285,"column":12},"end":{"line":288,"column":13}},{"start":{"line":285,"column":12},"end":{"line":288,"column":13}}],"line":285},"25":{"loc":{"start":{"line":298,"column":12},"end":{"line":301,"column":13}},"type":"if","locations":[{"start":{"line":298,"column":12},"end":{"line":301,"column":13}},{"start":{"line":298,"column":12},"end":{"line":301,"column":13}}],"line":298},"26":{"loc":{"start":{"line":312,"column":12},"end":{"line":315,"column":13}},"type":"if","locations":[{"start":{"line":312,"column":12},"end":{"line":315,"column":13}},{"start":{"line":312,"column":12},"end":{"line":315,"column":13}}],"line":312},"27":{"loc":{"start":{"line":357,"column":8},"end":{"line":411,"column":9}},"type":"switch","locations":[{"start":{"line":358,"column":10},"end":{"line":366,"column":131}},{"start":{"line":368,"column":10},"end":{"line":370,"column":53}},{"start":{"line":372,"column":10},"end":{"line":380,"column":100}},{"start":{"line":382,"column":10},"end":{"line":388,"column":103}},{"start":{"line":390,"column":10},"end":{"line":396,"column":68}},{"start":{"line":398,"column":10},"end":{"line":400,"column":31}},{"start":{"line":402,"column":10},"end":{"line":406,"column":48}},{"start":{"line":408,"column":10},"end":{"line":408,"column":18}},{"start":{"line":409,"column":10},"end":{"line":410,"column":36}}],"line":357},"28":{"loc":{"start":{"line":361,"column":12},"end":{"line":364,"column":13}},"type":"if","locations":[{"start":{"line":361,"column":12},"end":{"line":364,"column":13}},{"start":{"line":361,"column":12},"end":{"line":364,"column":13}}],"line":361},"29":{"loc":{"start":{"line":361,"column":18},"end":{"line":361,"column":39}},"type":"binary-expr","locations":[{"start":{"line":361,"column":18},"end":{"line":361,"column":25}},{"start":{"line":361,"column":29},"end":{"line":361,"column":39}}],"line":361},"30":{"loc":{"start":{"line":375,"column":12},"end":{"line":378,"column":13}},"type":"if","locations":[{"start":{"line":375,"column":12},"end":{"line":378,"column":13}},{"start":{"line":375,"column":12},"end":{"line":378,"column":13}}],"line":375},"31":{"loc":{"start":{"line":383,"column":12},"end":{"line":386,"column":13}},"type":"if","locations":[{"start":{"line":383,"column":12},"end":{"line":386,"column":13}},{"start":{"line":383,"column":12},"end":{"line":386,"column":13}}],"line":383}},"s":{"0":3,"1":3,"2":3,"3":3,"4":3,"5":3,"6":3,"7":12,"8":1,"9":1,"10":1,"11":1,"12":1,"13":0,"14":1,"15":1,"16":1,"17":1,"18":1,"19":1,"20":1,"21":8,"22":0,"23":0,"24":0,"25":0,"26":1,"27":8,"28":0,"29":8,"30":8,"31":4,"32":4,"33":4,"34":0,"35":0,"36":4,"37":2,"38":2,"39":21,"40":2,"41":2,"42":2,"43":2,"44":4,"45":0,"46":2,"47":3,"48":3,"49":1,"50":3,"51":4,"52":1,"53":1,"54":1,"55":1,"56":1,"57":1,"58":0,"59":1,"60":1,"61":3,"62":1,"63":3,"64":3,"65":3,"66":1,"67":3,"68":5,"69":1,"70":1,"71":1,"72":1,"73":0,"74":1,"75":1,"76":1,"77":1,"78":1,"79":1,"80":1,"81":0,"82":1,"83":1,"84":3,"85":1,"86":3,"87":3,"88":3,"89":0,"90":0,"91":0,"92":0,"93":0,"94":0,"95":0,"96":0,"97":0,"98":0,"99":0,"100":0,"101":0,"102":0,"103":0,"104":0,"105":0,"106":0,"107":0,"108":0,"109":3,"110":0,"111":3,"112":3,"113":3,"114":0,"115":0,"116":0,"117":0,"118":0,"119":0,"120":0,"121":0,"122":0,"123":0,"124":0,"125":0,"126":0,"127":0,"128":0,"129":0,"130":0,"131":0,"132":3,"133":0,"134":3,"135":3,"136":3,"137":0,"138":0,"139":0,"140":0,"141":0,"142":0,"143":0,"144":0,"145":0,"146":0,"147":0,"148":0,"149":0,"150":0,"151":0,"152":0,"153":0,"154":0,"155":0,"156":0,"157":3,"158":0,"159":3,"160":3,"161":3,"162":0,"163":0,"164":0,"165":0,"166":0,"167":0,"168":0,"169":0,"170":0,"171":0,"172":0,"173":0,"174":0,"175":0,"176":0,"177":0,"178":0,"179":0,"180":0,"181":0,"182":0,"183":0,"184":0,"185":0,"186":0,"187":0,"188":0,"189":0,"190":0,"191":0,"192":0,"193":0,"194":0,"195":0,"196":3,"197":0,"198":3,"199":3,"200":3,"201":0,"202":0,"203":0,"204":0,"205":0,"206":0,"207":0,"208":0,"209":0,"210":0,"211":0,"212":0,"213":0,"214":0,"215":0,"216":0,"217":0,"218":0,"219":0,"220":0,"221":0,"222":0,"223":0,"224":0,"225":0,"226":0,"227":0,"228":0,"229":3,"230":0,"231":3},"f":{"0":12,"1":1,"2":0,"3":1,"4":8,"5":0,"6":8,"7":4,"8":21,"9":2,"10":2,"11":4,"12":0,"13":3,"14":1,"15":3,"16":1,"17":3,"18":1,"19":3,"20":1,"21":3,"22":0,"23":0,"24":0,"25":3,"26":0,"27":0,"28":0,"29":3,"30":0,"31":0,"32":0,"33":3,"34":0,"35":0,"36":0,"37":3,"38":0,"39":0,"40":0,"41":0},"b":{"0":[12,0],"1":[12,12],"2":[1,0],"3":[1,0],"4":[1,0],"5":[1,0],"6":[0,0],"7":[0,8],"8":[2,2],"9":[1,1,1,0,1],"10":[1,0],"11":[1,1,1,1,0,1],"12":[1,0],"13":[1,0],"14":[0,0,0,0,0,0],"15":[0,0],"16":[0,0],"17":[0,0,0,0,0,0],"18":[0,0],"19":[0,0],"20":[0,0,0,0,0,0,0],"21":[0,0],"22":[0,0],"23":[0,0,0,0,0,0,0,0,0,0],"24":[0,0],"25":[0,0],"26":[0,0],"27":[0,0,0,0,0,0,0,0,0],"28":[0,0],"29":[0,0],"30":[0,0],"31":[0,0]},"_coverageSchema":"1a1c01bbd47fc00a2c39e90264f33305004495a9","hash":"6125c0a4fa5e822a3a29e8a2259ecea4141e56a1"}
,"D:\\file\\monehindemo\\build\\controllers\\Query.js": {"path":"D:\\file\\monehindemo\\build\\controllers\\Query.js","statementMap":{"0":{"start":{"line":3,"column":0},"end":{"line":5,"column":3}},"1":{"start":{"line":6,"column":0},"end":{"line":6,"column":41}},"2":{"start":{"line":8,"column":13},"end":{"line":8,"column":63}},"3":{"start":{"line":10,"column":13},"end":{"line":10,"column":68}},"4":{"start":{"line":12,"column":13},"end":{"line":12,"column":56}},"5":{"start":{"line":14,"column":18},"end":{"line":14,"column":42}},"6":{"start":{"line":16,"column":39},"end":{"line":16,"column":95}},"7":{"start":{"line":18,"column":77},"end":{"line":18,"column":175}},"8":{"start":{"line":18,"column":94},"end":{"line":18,"column":107}},"9":{"start":{"line":18,"column":121},"end":{"line":18,"column":131}},"10":{"start":{"line":18,"column":151},"end":{"line":18,"column":165}},"11":{"start":{"line":18,"column":166},"end":{"line":18,"column":173}},"12":{"start":{"line":18,"column":176},"end":{"line":18,"column":263}},"13":{"start":{"line":18,"column":193},"end":{"line":18,"column":208}},"14":{"start":{"line":18,"column":218},"end":{"line":18,"column":261}},"15":{"start":{"line":20,"column":33},"end":{"line":20,"column":387}},"16":{"start":{"line":20,"column":65},"end":{"line":20,"column":69}},"17":{"start":{"line":20,"column":78},"end":{"line":20,"column":87}},"18":{"start":{"line":20,"column":89},"end":{"line":20,"column":384}},"19":{"start":{"line":20,"column":147},"end":{"line":20,"column":167}},"20":{"start":{"line":20,"column":193},"end":{"line":20,"column":264}},"21":{"start":{"line":20,"column":290},"end":{"line":20,"column":360}},"22":{"start":{"line":20,"column":363},"end":{"line":20,"column":380}},"23":{"start":{"line":22,"column":13},"end":{"line":51,"column":4}},"24":{"start":{"line":23,"column":13},"end":{"line":46,"column":5}},"25":{"start":{"line":25,"column":4},"end":{"line":45,"column":16}},"26":{"start":{"line":26,"column":6},"end":{"line":44,"column":7}},"27":{"start":{"line":27,"column":8},"end":{"line":43,"column":9}},"28":{"start":{"line":29,"column":12},"end":{"line":29,"column":30}},"29":{"start":{"line":30,"column":12},"end":{"line":30,"column":44}},"30":{"start":{"line":33,"column":12},"end":{"line":33,"column":36}},"31":{"start":{"line":35,"column":12},"end":{"line":38,"column":41}},"32":{"start":{"line":42,"column":12},"end":{"line":42,"column":35}},"33":{"start":{"line":48,"column":2},"end":{"line":50,"column":4}},"34":{"start":{"line":49,"column":4},"end":{"line":49,"column":39}},"35":{"start":{"line":52,"column":0},"end":{"line":52,"column":24}},"36":{"start":{"line":53,"column":13},"end":{"line":89,"column":4}},"37":{"start":{"line":54,"column":14},"end":{"line":84,"column":5}},"38":{"start":{"line":57,"column":4},"end":{"line":83,"column":17}},"39":{"start":{"line":58,"column":6},"end":{"line":82,"column":7}},"40":{"start":{"line":59,"column":8},"end":{"line":81,"column":9}},"41":{"start":{"line":61,"column":12},"end":{"line":61,"column":115}},"42":{"start":{"line":63,"column":12},"end":{"line":66,"column":13}},"43":{"start":{"line":64,"column":14},"end":{"line":64,"column":33}},"44":{"start":{"line":65,"column":14},"end":{"line":65,"column":20}},"45":{"start":{"line":68,"column":12},"end":{"line":68,"column":111}},"46":{"start":{"line":71,"column":12},"end":{"line":71,"column":31}},"47":{"start":{"line":72,"column":12},"end":{"line":72,"column":54}},"48":{"start":{"line":75,"column":12},"end":{"line":75,"column":35}},"49":{"start":{"line":76,"column":12},"end":{"line":76,"column":109}},"50":{"start":{"line":80,"column":12},"end":{"line":80,"column":36}},"51":{"start":{"line":86,"column":2},"end":{"line":88,"column":4}},"52":{"start":{"line":87,"column":4},"end":{"line":87,"column":40}},"53":{"start":{"line":90,"column":0},"end":{"line":90,"column":24}}},"fnMap":{"0":{"name":"_interopRequireDefault","decl":{"start":{"line":16,"column":9},"end":{"line":16,"column":31}},"loc":{"start":{"line":16,"column":37},"end":{"line":16,"column":97}},"line":16},"1":{"name":"asyncGeneratorStep","decl":{"start":{"line":18,"column":9},"end":{"line":18,"column":27}},"loc":{"start":{"line":18,"column":75},"end":{"line":18,"column":265}},"line":18},"2":{"name":"_asyncToGenerator","decl":{"start":{"line":20,"column":9},"end":{"line":20,"column":26}},"loc":{"start":{"line":20,"column":31},"end":{"line":20,"column":389}},"line":20},"3":{"name":"(anonymous_3)","decl":{"start":{"line":20,"column":40},"end":{"line":20,"column":41}},"loc":{"start":{"line":20,"column":52},"end":{"line":20,"column":386}},"line":20},"4":{"name":"(anonymous_4)","decl":{"start":{"line":20,"column":108},"end":{"line":20,"column":109}},"loc":{"start":{"line":20,"column":135},"end":{"line":20,"column":382}},"line":20},"5":{"name":"_next","decl":{"start":{"line":20,"column":178},"end":{"line":20,"column":183}},"loc":{"start":{"line":20,"column":191},"end":{"line":20,"column":266}},"line":20},"6":{"name":"_throw","decl":{"start":{"line":20,"column":276},"end":{"line":20,"column":282}},"loc":{"start":{"line":20,"column":288},"end":{"line":20,"column":362}},"line":20},"7":{"name":"(anonymous_7)","decl":{"start":{"line":22,"column":50},"end":{"line":22,"column":51}},"loc":{"start":{"line":22,"column":62},"end":{"line":51,"column":1}},"line":22},"8":{"name":"_callee","decl":{"start":{"line":23,"column":78},"end":{"line":23,"column":85}},"loc":{"start":{"line":23,"column":96},"end":{"line":46,"column":3}},"line":23},"9":{"name":"_callee$","decl":{"start":{"line":25,"column":44},"end":{"line":25,"column":52}},"loc":{"start":{"line":25,"column":63},"end":{"line":45,"column":5}},"line":25},"10":{"name":"(anonymous_10)","decl":{"start":{"line":48,"column":9},"end":{"line":48,"column":10}},"loc":{"start":{"line":48,"column":28},"end":{"line":50,"column":3}},"line":48},"11":{"name":"(anonymous_11)","decl":{"start":{"line":53,"column":50},"end":{"line":53,"column":51}},"loc":{"start":{"line":53,"column":62},"end":{"line":89,"column":1}},"line":53},"12":{"name":"_callee2","decl":{"start":{"line":54,"column":79},"end":{"line":54,"column":87}},"loc":{"start":{"line":54,"column":98},"end":{"line":84,"column":3}},"line":54},"13":{"name":"_callee2$","decl":{"start":{"line":57,"column":44},"end":{"line":57,"column":53}},"loc":{"start":{"line":57,"column":65},"end":{"line":83,"column":5}},"line":57},"14":{"name":"(anonymous_14)","decl":{"start":{"line":86,"column":9},"end":{"line":86,"column":10}},"loc":{"start":{"line":86,"column":29},"end":{"line":88,"column":3}},"line":86}},"branchMap":{"0":{"loc":{"start":{"line":16,"column":46},"end":{"line":16,"column":94}},"type":"cond-expr","locations":[{"start":{"line":16,"column":70},"end":{"line":16,"column":73}},{"start":{"line":16,"column":76},"end":{"line":16,"column":94}}],"line":16},"1":{"loc":{"start":{"line":16,"column":46},"end":{"line":16,"column":67}},"type":"binary-expr","locations":[{"start":{"line":16,"column":46},"end":{"line":16,"column":49}},{"start":{"line":16,"column":53},"end":{"line":16,"column":67}}],"line":16},"2":{"loc":{"start":{"line":18,"column":176},"end":{"line":18,"column":263}},"type":"if","locations":[{"start":{"line":18,"column":176},"end":{"line":18,"column":263}},{"start":{"line":18,"column":176},"end":{"line":18,"column":263}}],"line":18},"3":{"loc":{"start":{"line":27,"column":8},"end":{"line":43,"column":9}},"type":"switch","locations":[{"start":{"line":28,"column":10},"end":{"line":30,"column":44}},{"start":{"line":32,"column":10},"end":{"line":38,"column":41}},{"start":{"line":40,"column":10},"end":{"line":40,"column":17}},{"start":{"line":41,"column":10},"end":{"line":42,"column":35}}],"line":27},"4":{"loc":{"start":{"line":59,"column":8},"end":{"line":81,"column":9}},"type":"switch","locations":[{"start":{"line":60,"column":10},"end":{"line":68,"column":111}},{"start":{"line":70,"column":10},"end":{"line":72,"column":54}},{"start":{"line":74,"column":10},"end":{"line":76,"column":109}},{"start":{"line":78,"column":10},"end":{"line":78,"column":17}},{"start":{"line":79,"column":10},"end":{"line":80,"column":36}}],"line":59},"5":{"loc":{"start":{"line":63,"column":12},"end":{"line":66,"column":13}},"type":"if","locations":[{"start":{"line":63,"column":12},"end":{"line":66,"column":13}},{"start":{"line":63,"column":12},"end":{"line":66,"column":13}}],"line":63}},"s":{"0":3,"1":3,"2":3,"3":3,"4":3,"5":3,"6":9,"7":2,"8":2,"9":2,"10":0,"11":0,"12":2,"13":1,"14":1,"15":6,"16":1,"17":1,"18":1,"19":1,"20":2,"21":0,"22":1,"23":3,"24":3,"25":0,"26":0,"27":0,"28":0,"29":0,"30":0,"31":0,"32":0,"33":3,"34":0,"35":3,"36":3,"37":3,"38":1,"39":3,"40":4,"41":1,"42":1,"43":1,"44":1,"45":0,"46":1,"47":1,"48":1,"49":1,"50":1,"51":3,"52":1,"53":3},"f":{"0":9,"1":2,"2":6,"3":1,"4":1,"5":2,"6":0,"7":3,"8":0,"9":0,"10":0,"11":3,"12":1,"13":3,"14":1},"b":{"0":[9,0],"1":[9,9],"2":[1,1],"3":[0,0,0,0],"4":[1,1,1,0,1],"5":[1,0]},"_coverageSchema":"1a1c01bbd47fc00a2c39e90264f33305004495a9","hash":"0936458839abf1e045efb59082929420ba88c1c5"}
,"D:\\file\\monehindemo\\build\\controllers\\User.js": {"path":"D:\\file\\monehindemo\\build\\controllers\\User.js","statementMap":{"0":{"start":{"line":3,"column":0},"end":{"line":5,"column":3}},"1":{"start":{"line":6,"column":0},"end":{"line":6,"column":75}},"2":{"start":{"line":8,"column":18},"end":{"line":8,"column":42}},"3":{"start":{"line":10,"column":12},"end":{"line":10,"column":61}},"4":{"start":{"line":12,"column":12},"end":{"line":12,"column":38}},"5":{"start":{"line":14,"column":13},"end":{"line":14,"column":68}},"6":{"start":{"line":16,"column":13},"end":{"line":16,"column":56}},"7":{"start":{"line":18,"column":39},"end":{"line":18,"column":95}},"8":{"start":{"line":20,"column":54},"end":{"line":20,"column":73}},"9":{"start":{"line":20,"column":75},"end":{"line":20,"column":326}},"10":{"start":{"line":20,"column":125},"end":{"line":20,"column":161}},"11":{"start":{"line":20,"column":163},"end":{"line":20,"column":292}},"12":{"start":{"line":20,"column":183},"end":{"line":20,"column":292}},"13":{"start":{"line":20,"column":225},"end":{"line":20,"column":288}},"14":{"start":{"line":20,"column":293},"end":{"line":20,"column":324}},"15":{"start":{"line":20,"column":327},"end":{"line":20,"column":339}},"16":{"start":{"line":22,"column":33},"end":{"line":22,"column":517}},"17":{"start":{"line":22,"column":46},"end":{"line":22,"column":47}},"18":{"start":{"line":22,"column":91},"end":{"line":22,"column":131}},"19":{"start":{"line":22,"column":133},"end":{"line":22,"column":515}},"20":{"start":{"line":22,"column":146},"end":{"line":22,"column":247}},"21":{"start":{"line":22,"column":201},"end":{"line":22,"column":243}},"22":{"start":{"line":22,"column":255},"end":{"line":22,"column":515}},"23":{"start":{"line":22,"column":295},"end":{"line":22,"column":369}},"24":{"start":{"line":22,"column":379},"end":{"line":22,"column":513}},"25":{"start":{"line":22,"column":428},"end":{"line":22,"column":509}},"26":{"start":{"line":22,"column":518},"end":{"line":22,"column":532}},"27":{"start":{"line":24,"column":44},"end":{"line":24,"column":195}},"28":{"start":{"line":24,"column":62},"end":{"line":24,"column":166}},"29":{"start":{"line":24,"column":176},"end":{"line":24,"column":193}},"30":{"start":{"line":24,"column":196},"end":{"line":24,"column":207}},"31":{"start":{"line":26,"column":77},"end":{"line":26,"column":175}},"32":{"start":{"line":26,"column":94},"end":{"line":26,"column":107}},"33":{"start":{"line":26,"column":121},"end":{"line":26,"column":131}},"34":{"start":{"line":26,"column":151},"end":{"line":26,"column":165}},"35":{"start":{"line":26,"column":166},"end":{"line":26,"column":173}},"36":{"start":{"line":26,"column":176},"end":{"line":26,"column":263}},"37":{"start":{"line":26,"column":193},"end":{"line":26,"column":208}},"38":{"start":{"line":26,"column":218},"end":{"line":26,"column":261}},"39":{"start":{"line":28,"column":33},"end":{"line":28,"column":387}},"40":{"start":{"line":28,"column":65},"end":{"line":28,"column":69}},"41":{"start":{"line":28,"column":78},"end":{"line":28,"column":87}},"42":{"start":{"line":28,"column":89},"end":{"line":28,"column":384}},"43":{"start":{"line":28,"column":147},"end":{"line":28,"column":167}},"44":{"start":{"line":28,"column":193},"end":{"line":28,"column":264}},"45":{"start":{"line":28,"column":290},"end":{"line":28,"column":360}},"46":{"start":{"line":28,"column":363},"end":{"line":28,"column":380}},"47":{"start":{"line":30,"column":13},"end":{"line":87,"column":4}},"48":{"start":{"line":31,"column":13},"end":{"line":82,"column":5}},"49":{"start":{"line":34,"column":4},"end":{"line":81,"column":16}},"50":{"start":{"line":35,"column":6},"end":{"line":80,"column":7}},"51":{"start":{"line":36,"column":8},"end":{"line":79,"column":9}},"52":{"start":{"line":38,"column":12},"end":{"line":38,"column":53}},"53":{"start":{"line":39,"column":12},"end":{"line":42,"column":15}},"54":{"start":{"line":43,"column":12},"end":{"line":43,"column":123}},"55":{"start":{"line":45,"column":12},"end":{"line":48,"column":13}},"56":{"start":{"line":46,"column":14},"end":{"line":46,"column":32}},"57":{"start":{"line":47,"column":14},"end":{"line":47,"column":20}},"58":{"start":{"line":50,"column":12},"end":{"line":50,"column":140}},"59":{"start":{"line":53,"column":12},"end":{"line":53,"column":30}},"60":{"start":{"line":54,"column":12},"end":{"line":54,"column":61}},"61":{"start":{"line":57,"column":12},"end":{"line":57,"column":33}},"62":{"start":{"line":58,"column":12},"end":{"line":58,"column":31}},"63":{"start":{"line":59,"column":12},"end":{"line":61,"column":16}},"64":{"start":{"line":64,"column":12},"end":{"line":64,"column":33}},"65":{"start":{"line":66,"column":12},"end":{"line":69,"column":13}},"66":{"start":{"line":67,"column":14},"end":{"line":67,"column":33}},"67":{"start":{"line":68,"column":14},"end":{"line":68,"column":20}},"68":{"start":{"line":71,"column":12},"end":{"line":71,"column":101}},"69":{"start":{"line":74,"column":12},"end":{"line":74,"column":110}},"70":{"start":{"line":78,"column":12},"end":{"line":78,"column":35}},"71":{"start":{"line":84,"column":2},"end":{"line":86,"column":4}},"72":{"start":{"line":85,"column":4},"end":{"line":85,"column":39}},"73":{"start":{"line":88,"column":0},"end":{"line":88,"column":24}},"74":{"start":{"line":89,"column":12},"end":{"line":150,"column":4}},"75":{"start":{"line":90,"column":14},"end":{"line":145,"column":5}},"76":{"start":{"line":93,"column":4},"end":{"line":144,"column":17}},"77":{"start":{"line":94,"column":6},"end":{"line":143,"column":7}},"78":{"start":{"line":95,"column":8},"end":{"line":142,"column":9}},"79":{"start":{"line":97,"column":12},"end":{"line":97,"column":128}},"80":{"start":{"line":99,"column":12},"end":{"line":102,"column":13}},"81":{"start":{"line":100,"column":14},"end":{"line":100,"column":33}},"82":{"start":{"line":101,"column":14},"end":{"line":101,"column":20}},"83":{"start":{"line":104,"column":12},"end":{"line":104,"column":141}},"84":{"start":{"line":107,"column":12},"end":{"line":107,"column":89}},"85":{"start":{"line":108,"column":12},"end":{"line":108,"column":31}},"86":{"start":{"line":109,"column":12},"end":{"line":111,"column":15}},"87":{"start":{"line":114,"column":12},"end":{"line":114,"column":34}},"88":{"start":{"line":116,"column":12},"end":{"line":119,"column":13}},"89":{"start":{"line":117,"column":14},"end":{"line":117,"column":33}},"90":{"start":{"line":118,"column":14},"end":{"line":118,"column":20}},"91":{"start":{"line":121,"column":12},"end":{"line":121,"column":102}},"92":{"start":{"line":124,"column":12},"end":{"line":124,"column":32}},"93":{"start":{"line":125,"column":12},"end":{"line":125,"column":71}},"94":{"start":{"line":128,"column":12},"end":{"line":131,"column":13}},"95":{"start":{"line":129,"column":14},"end":{"line":129,"column":34}},"96":{"start":{"line":130,"column":14},"end":{"line":130,"column":20}},"97":{"start":{"line":133,"column":12},"end":{"line":133,"column":99}},"98":{"start":{"line":136,"column":12},"end":{"line":136,"column":47}},"99":{"start":{"line":137,"column":12},"end":{"line":137,"column":116}},"100":{"start":{"line":141,"column":12},"end":{"line":141,"column":36}},"101":{"start":{"line":147,"column":2},"end":{"line":149,"column":4}},"102":{"start":{"line":148,"column":4},"end":{"line":148,"column":40}},"103":{"start":{"line":151,"column":0},"end":{"line":151,"column":22}},"104":{"start":{"line":152,"column":14},"end":{"line":213,"column":4}},"105":{"start":{"line":153,"column":14},"end":{"line":208,"column":5}},"106":{"start":{"line":155,"column":4},"end":{"line":207,"column":17}},"107":{"start":{"line":156,"column":6},"end":{"line":206,"column":7}},"108":{"start":{"line":157,"column":8},"end":{"line":205,"column":9}},"109":{"start":{"line":159,"column":12},"end":{"line":159,"column":95}},"110":{"start":{"line":161,"column":12},"end":{"line":164,"column":13}},"111":{"start":{"line":162,"column":14},"end":{"line":162,"column":33}},"112":{"start":{"line":163,"column":14},"end":{"line":163,"column":20}},"113":{"start":{"line":166,"column":12},"end":{"line":166,"column":114}},"114":{"start":{"line":169,"column":12},"end":{"line":169,"column":53}},"115":{"start":{"line":170,"column":12},"end":{"line":173,"column":15}},"116":{"start":{"line":174,"column":12},"end":{"line":174,"column":31}},"117":{"start":{"line":175,"column":12},"end":{"line":175,"column":61}},"118":{"start":{"line":178,"column":12},"end":{"line":178,"column":34}},"119":{"start":{"line":179,"column":12},"end":{"line":179,"column":32}},"120":{"start":{"line":180,"column":12},"end":{"line":187,"column":15}},"121":{"start":{"line":190,"column":12},"end":{"line":190,"column":34}},"122":{"start":{"line":192,"column":12},"end":{"line":195,"column":13}},"123":{"start":{"line":193,"column":14},"end":{"line":193,"column":34}},"124":{"start":{"line":194,"column":14},"end":{"line":194,"column":20}},"125":{"start":{"line":197,"column":12},"end":{"line":197,"column":100}},"126":{"start":{"line":200,"column":12},"end":{"line":200,"column":89}},"127":{"start":{"line":204,"column":12},"end":{"line":204,"column":36}},"128":{"start":{"line":210,"column":2},"end":{"line":212,"column":4}},"129":{"start":{"line":211,"column":4},"end":{"line":211,"column":40}},"130":{"start":{"line":214,"column":0},"end":{"line":214,"column":26}},"131":{"start":{"line":215,"column":13},"end":{"line":244,"column":4}},"132":{"start":{"line":216,"column":14},"end":{"line":239,"column":5}},"133":{"start":{"line":218,"column":4},"end":{"line":238,"column":17}},"134":{"start":{"line":219,"column":6},"end":{"line":237,"column":7}},"135":{"start":{"line":220,"column":8},"end":{"line":236,"column":9}},"136":{"start":{"line":222,"column":12},"end":{"line":222,"column":31}},"137":{"start":{"line":223,"column":12},"end":{"line":223,"column":43}},"138":{"start":{"line":226,"column":12},"end":{"line":226,"column":35}},"139":{"start":{"line":228,"column":12},"end":{"line":231,"column":41}},"140":{"start":{"line":235,"column":12},"end":{"line":235,"column":36}},"141":{"start":{"line":241,"column":2},"end":{"line":243,"column":4}},"142":{"start":{"line":242,"column":4},"end":{"line":242,"column":40}},"143":{"start":{"line":245,"column":0},"end":{"line":245,"column":24}}},"fnMap":{"0":{"name":"_interopRequireDefault","decl":{"start":{"line":18,"column":9},"end":{"line":18,"column":31}},"loc":{"start":{"line":18,"column":37},"end":{"line":18,"column":97}},"line":18},"1":{"name":"ownKeys","decl":{"start":{"line":20,"column":9},"end":{"line":20,"column":16}},"loc":{"start":{"line":20,"column":41},"end":{"line":20,"column":341}},"line":20},"2":{"name":"(anonymous_2)","decl":{"start":{"line":20,"column":208},"end":{"line":20,"column":209}},"loc":{"start":{"line":20,"column":223},"end":{"line":20,"column":290}},"line":20},"3":{"name":"_objectSpread","decl":{"start":{"line":22,"column":9},"end":{"line":22,"column":22}},"loc":{"start":{"line":22,"column":31},"end":{"line":22,"column":534}},"line":22},"4":{"name":"(anonymous_4)","decl":{"start":{"line":22,"column":184},"end":{"line":22,"column":185}},"loc":{"start":{"line":22,"column":199},"end":{"line":22,"column":245}},"line":22},"5":{"name":"(anonymous_5)","decl":{"start":{"line":22,"column":411},"end":{"line":22,"column":412}},"loc":{"start":{"line":22,"column":426},"end":{"line":22,"column":511}},"line":22},"6":{"name":"_defineProperty","decl":{"start":{"line":24,"column":9},"end":{"line":24,"column":24}},"loc":{"start":{"line":24,"column":42},"end":{"line":24,"column":209}},"line":24},"7":{"name":"asyncGeneratorStep","decl":{"start":{"line":26,"column":9},"end":{"line":26,"column":27}},"loc":{"start":{"line":26,"column":75},"end":{"line":26,"column":265}},"line":26},"8":{"name":"_asyncToGenerator","decl":{"start":{"line":28,"column":9},"end":{"line":28,"column":26}},"loc":{"start":{"line":28,"column":31},"end":{"line":28,"column":389}},"line":28},"9":{"name":"(anonymous_9)","decl":{"start":{"line":28,"column":40},"end":{"line":28,"column":41}},"loc":{"start":{"line":28,"column":52},"end":{"line":28,"column":386}},"line":28},"10":{"name":"(anonymous_10)","decl":{"start":{"line":28,"column":108},"end":{"line":28,"column":109}},"loc":{"start":{"line":28,"column":135},"end":{"line":28,"column":382}},"line":28},"11":{"name":"_next","decl":{"start":{"line":28,"column":178},"end":{"line":28,"column":183}},"loc":{"start":{"line":28,"column":191},"end":{"line":28,"column":266}},"line":28},"12":{"name":"_throw","decl":{"start":{"line":28,"column":276},"end":{"line":28,"column":282}},"loc":{"start":{"line":28,"column":288},"end":{"line":28,"column":362}},"line":28},"13":{"name":"(anonymous_13)","decl":{"start":{"line":30,"column":50},"end":{"line":30,"column":51}},"loc":{"start":{"line":30,"column":62},"end":{"line":87,"column":1}},"line":30},"14":{"name":"_callee","decl":{"start":{"line":31,"column":78},"end":{"line":31,"column":85}},"loc":{"start":{"line":31,"column":96},"end":{"line":82,"column":3}},"line":31},"15":{"name":"_callee$","decl":{"start":{"line":34,"column":44},"end":{"line":34,"column":52}},"loc":{"start":{"line":34,"column":63},"end":{"line":81,"column":5}},"line":34},"16":{"name":"(anonymous_16)","decl":{"start":{"line":84,"column":9},"end":{"line":84,"column":10}},"loc":{"start":{"line":84,"column":28},"end":{"line":86,"column":3}},"line":84},"17":{"name":"(anonymous_17)","decl":{"start":{"line":89,"column":49},"end":{"line":89,"column":50}},"loc":{"start":{"line":89,"column":61},"end":{"line":150,"column":1}},"line":89},"18":{"name":"_callee2","decl":{"start":{"line":90,"column":79},"end":{"line":90,"column":87}},"loc":{"start":{"line":90,"column":98},"end":{"line":145,"column":3}},"line":90},"19":{"name":"_callee2$","decl":{"start":{"line":93,"column":44},"end":{"line":93,"column":53}},"loc":{"start":{"line":93,"column":65},"end":{"line":144,"column":5}},"line":93},"20":{"name":"(anonymous_20)","decl":{"start":{"line":147,"column":9},"end":{"line":147,"column":10}},"loc":{"start":{
[...]
p":{"0":{"loc":{"start":{"line":14,"column":2},"end":{"line":20,"column":6}},"type":"if","locations":[{"start":{"line":14,"column":2},"end":{"line":20,"column":6}},{"start":{"line":14,"column":2},"end":{"line":20,"column":6}}],"line":14},"1":{"loc":{"start":{"line":24,"column":2},"end":{"line":24,"column":66}},"type":"if","locations":[{"start":{"line":24,"column":2},"end":{"line":24,"column":66}},{"start":{"line":24,"column":2},"end":{"line":24,"column":66}}],"line":24},"2":{"loc":{"start":{"line":34,"column":2},"end":{"line":35,"column":89}},"type":"if","locations":[{"start":{"line":34,"column":2},"end":{"line":35,"column":89}},{"start":{"line":34,"column":2},"end":{"line":35,"column":89}}],"line":34},"3":{"loc":{"start":{"line":39,"column":2},"end":{"line":39,"column":66}},"type":"if","locations":[{"start":{"line":39,"column":2},"end":{"line":39,"column":66}},{"start":{"line":39,"column":2},"end":{"line":39,"column":66}}],"line":39},"4":{"loc":{"start":{"line":40,"column":2},"end":{"line":41,"column":54}},"type":"if","locations":[{"start":{"line":40,"column":2},"end":{"line":41,"column":54}},{"start":{"line":40,"column":2},"end":{"line":41,"column":54}}],"line":40},"5":{"loc":{"start":{"line":50,"column":2},"end":{"line":50,"column":78}},"type":"if","locations":[{"start":{"line":50,"column":2},"end":{"line":50,"column":78}},{"start":{"line":50,"column":2},"end":{"line":50,"column":78}}],"line":50},"6":{"loc":{"start":{"line":61,"column":2},"end":{"line":61,"column":64}},"type":"if","locations":[{"start":{"line":61,"column":2},"end":{"line":61,"column":64}},{"start":{"line":61,"column":2},"end":{"line":61,"column":64}}],"line":61}},"s":{"0":3,"1":1,"2":1,"3":1,"4":1,"5":0,"6":1,"7":1,"8":1,"9":0,"10":1,"11":3,"12":3,"13":3,"14":0,"15":3,"16":3,"17":3,"18":1,"19":2,"20":1,"21":1,"22":1,"23":3,"24":0,"25":0,"26":0,"27":0,"28":0,"29":0,"30":0,"31":0,"32":0,"33":0,"34":3,"35":0,"36":0},"f":{"0":1,"1":3,"2":0,"3":0},"b":{"0":[0,1],"1":[0,1],"2":[0,3],"3":[1,2],"4":[1,1],"5":[0,0],"6":[0,0]},"_coverageSchema":"1a1c01bbd47fc00a2c39e90264f33305004495a9","hash":"3d46c82ef3f8051c50bc49e22d6753d4882ed083"}
,"D:\\file\\monehindemo\\src\\helpers\\auth.js": {"path":"D:\\file\\monehindemo\\src\\helpers\\auth.js","statementMap":{"0":{"start":{"line":6,"column":0},"end":{"line":6,"column":9}},"1":{"start":{"line":7,"column":23},"end":{"line":7,"column":34}},"2":{"start":{"line":9,"column":31},"end":{"line":14,"column":3}},"3":{"start":{"line":10,"column":17},"end":{"line":10,"column":34}},"4":{"start":{"line":11,"column":17},"end":{"line":11,"column":44}},"5":{"start":{"line":12,"column":4},"end":{"line":12,"column":28}},"6":{"start":{"line":12,"column":15},"end":{"line":12,"column":28}},"7":{"start":{"line":13,"column":4},"end":{"line":13,"column":16}},"8":{"start":{"line":16,"column":33},"end":{"line":21,"column":3}},"9":{"start":{"line":17,"column":20},"end":{"line":17,"column":49}},"10":{"start":{"line":19,"column":4},"end":{"line":19,"column":31}},"11":{"start":{"line":19,"column":18},"end":{"line":19,"column":31}},"12":{"start":{"line":20,"column":4},"end":{"line":20,"column":19}},"13":{"start":{"line":23,"column":27},"end":{"line":46,"column":5}},"14":{"start":{"line":34,"column":26},"end":{"line":34,"column":70}},"15":{"start":{"line":35,"column":20},"end":{"line":44,"column":7}},"16":{"start":{"line":45,"column":6},"end":{"line":45,"column":19}},"17":{"start":{"line":48,"column":27},"end":{"line":51,"column":1}},"18":{"start":{"line":49,"column":18},"end":{"line":49,"column":39}},"19":{"start":{"line":50,"column":2},"end":{"line":50,"column":17}}},"fnMap":{"0":{"name":"(anonymous_0)","decl":{"start":{"line":9,"column":31},"end":{"line":9,"column":32}},"loc":{"start":{"line":9,"column":51},"end":{"line":14,"column":3}},"line":9},"1":{"name":"(anonymous_1)","decl":{"start":{"line":16,"column":33},"end":{"line":16,"column":34}},"loc":{"start":{"line":16,"column":57},"end":{"line":21,"column":3}},"line":16},"2":{"name":"(anonymous_2)","decl":{"start":{"line":23,"column":27},"end":{"line":23,"column":28}},"loc":{"start":{"line":33,"column":7},"end":{"line":46,"column":5}},"line":33},"3":{"name":"(anonymous_3)","decl":{"start":{"line":48,"column":27},"end":{"line":48,"column":28}},"loc":{"start":{"line":48,"column":56},"end":{"line":51,"column":1}},"line":48}},"branchMap":{"0":{"loc":{"start":{"line":12,"column":4},"end":{"line":12,"column":28}},"type":"if","locations":[{"start":{"line":12,"column":4},"end":{"line":12,"column":28}},{"start":{"line":12,"column":4},"end":{"line":12,"column":28}}],"line":12},"1":{"loc":{"start":{"line":19,"column":4},"end":{"line":19,"column":31}},"type":"if","locations":[{"start":{"line":19,"column":4},"end":{"line":19,"column":31}},{"start":{"line":19,"column":4},"end":{"line":19,"column":31}}],"line":19},"2":{"loc":{"start":{"line":30,"column":4},"end":{"line":30,"column":23}},"type":"default-arg","locations":[{"start":{"line":30,"column":13},"end":{"line":30,"column":23}}],"line":30},"3":{"loc":{"start":{"line":31,"column":4},"end":{"line":31,"column":19}},"type":"default-arg","locations":[{"start":{"line":31,"column":15},"end":{"line":31,"column":19}}],"line":31},"4":{"loc":{"start":{"line":34,"column":26},"end":{"line":34,"column":70}},"type":"cond-expr","locations":[{"start":{"line":34,"column":37},"end":{"line":34,"column":59}},{"start":{"line":34,"column":61},"end":{"line":34,"column":70}}],"line":34},"5":{"loc":{"start":{"line":48,"column":35},"end":{"line":48,"column":52}},"type":"default-arg","locations":[{"start":{"line":48,"column":42},"end":{"line":48,"column":52}}],"line":48}},"s":{"0":3,"1":3,"2":3,"3":1,"4":1,"5":1,"6":0,"7":1,"8":3,"9":2,"10":2,"11":1,"12":1,"13":3,"14":3,"15":3,"16":3,"17":3,"18":2,"19":2},"f":{"0":1,"1":2,"2":3,"3":2},"b":{"0":[0,1],"1":[1,1],"2":[3],"3":[3],"4":[0,3],"5":[2]},"_coverageSchema":"1a1c01bbd47fc00a2c39e90264f33305004495a9","hash":"d28652e12666b95daeed206a1ffcfefe4cecdff0"}
,"D:\\file\\monehindemo\\src\\middlewares\\async.js": {"path":"D:\\file\\monehindemo\\src\\middlewares\\async.js","statementMap":{"0":{"start":{"line":1,"column":21},"end":{"line":2,"column":51}},"1":{"start":{"line":1,"column":31},"end":{"line":2,"column":51}},"2":{"start":{"line":2,"column":2},"end":{"line":2,"column":51}}},"fnMap":{"0":{"name":"(anonymous_0)","decl":{"start":{"line":1,"column":21},"end":{"line":1,"column":22}},"loc":{"start":{"line":1,"column":31},"end":{"line":2,"column":51}},"line":1},"1":{"name":"(anonymous_1)","decl":{"start":{"line":1,"column":31},"end":{"line":1,"column":32}},"loc":{"start":{"line":2,"column":2},"end":{"line":2,"column":51}},"line":2}},"branchMap":{},"s":{"0":3,"1":48,"2":7},"f":{"0":48,"1":7},"b":{},"_coverageSchema":"1a1c01bbd47fc00a2c39e90264f33305004495a9","hash":"b4448249c1afc0f974710936d2c4c0016dbc1a46"}
,"D:\\file\\monehindemo\\src\\middlewares\\auth.js": {"path":"D:\\file\\monehindemo\\src\\middlewares\\auth.js","statementMap":{"0":{"start":{"line":4,"column":20},"end":{"line":10,"column":2}},"1":{"start":{"line":5,"column":4},"end":{"line":9,"column":23}},"2":{"start":{"line":6,"column":8},"end":{"line":6,"column":43}},"3":{"start":{"line":6,"column":25},"end":{"line":6,"column":43}},"4":{"start":{"line":7,"column":8},"end":{"line":7,"column":24}},"5":{"start":{"line":8,"column":8},"end":{"line":8,"column":22}},"6":{"start":{"line":13,"column":23},"end":{"line":18,"column":4}},"7":{"start":{"line":14,"column":21},"end":{"line":14,"column":24}},"8":{"start":{"line":15,"column":4},"end":{"line":16,"column":72}},"9":{"start":{"line":16,"column":6},"end":{"line":16,"column":72}},"10":{"start":{"line":17,"column":4},"end":{"line":17,"column":18}}},"fnMap":{"0":{"name":"(anonymous_0)","decl":{"start":{"line":4,"column":33},"end":{"line":4,"column":34}},"loc":{"start":{"line":4,"column":58},"end":{"line":10,"column":1}},"line":4},"1":{"name":"(anonymous_1)","decl":{"start":{"line":5,"column":50},"end":{"line":5,"column":51}},"loc":{"start":{"line":5,"column":70},"end":{"line":9,"column":5}},"line":5},"2":{"name":"(anonymous_2)","decl":{"start":{"line":13,"column":36},"end":{"line":13,"column":37}},"loc":{"start":{"line":13,"column":62},"end":{"line":18,"column":3}},"line":13}},"branchMap":{"0":{"loc":{"start":{"line":6,"column":8},"end":{"line":6,"column":43}},"type":"if","locations":[{"start":{"line":6,"column":8},"end":{"line":6,"column":43}},{"start":{"line":6,"column":8},"end":{"line":6,"column":43}}],"line":6},"1":{"loc":{"start":{"line":6,"column":11},"end":{"line":6,"column":23}},"type":"binary-expr","locations":[{"start":{"line":6,"column":11},"end":{"line":6,"column":14}},{"start":{"line":6,"column":18},"end":{"line":6,"column":23}}],"line":6},"2":{"loc":{"start":{"line":15,"column":4},"end":{"line":16,"column":72}},"type":"if","locations":[{"start":{"line":15,"column":4},"end":{"line":16,"column":72}},{"start":{"line":15,"column":4},"end":{"line":16,"column":72}}],"line":15}},"s":{"0":3,"1":0,"2":0,"3":0,"4":0,"5":0,"6":3,"7":0,"8":0,"9":0,"10":0},"f":{"0":0,"1":0,"2":0},"b":{"0":[0,0],"1":[0,0],"2":[0,0]},"_coverageSchema":"1a1c01bbd47fc00a2c39e90264f33305004495a9","hash":"eec22afec47fa4e9b9e73c289210aad171e427ee"}
,"D:\\file\\monehindemo\\src\\middlewares\\image.js": {"path":"D:\\file\\monehindemo\\src\\middlewares\\image.js","statementMap":{"0":{"start":{"line":5,"column":27},"end":{"line":14,"column":2}},"1":{"start":{"line":6,"column":4},"end":{"line":6,"column":33}},"2":{"start":{"line":6,"column":19},"end":{"line":6,"column":33}},"3":{"start":{"line":7,"column":27},"end":{"line":7,"column":42}},"4":{"start":{"line":8,"column":33},"end":{"line":8,"column":70}},"5":{"start":{"line":10,"column":4},"end":{"line":10,"column":20}},"6":{"start":{"line":11,"column":4},"end":{"line":11,"column":22}},"7":{"start":{"line":12,"column":4},"end":{"line":12,"column":18}},"8":{"start":{"line":16,"column":27},"end":{"line":24,"column":1}},"9":{"start":{"line":17,"column":4},"end":{"line":23,"column":5}},"10":{"start":{"line":18,"column":27},"end":{"line":18,"column":59}},"11":{"start":{"line":19,"column":8},"end":{"line":19,"column":79}},"12":{"start":{"line":19,"column":28},"end":{"line":19,"column":79}},"13":{"start":{"line":22,"column":8},"end":{"line":22,"column":71}}},"fnMap":{"0":{"name":"(anonymous_0)","decl":{"start":{"line":5,"column":40},"end":{"line":5,"column":41}},"loc":{"start":{"line":5,"column":64},"end":{"line":14,"column":1}},"line":5},"1":{"name":"(anonymous_1)","decl":{"start":{"line":16,"column":27},"end":{"line":16,"column":28}},"loc":{"start":{"line":16,"column":45},"end":{"line":24,"column":1}},"line":16}},"branchMap":{"0":{"loc":{"start":{"line":6,"column":4},"end":{"line":6,"column":33}},"type":"if","locations":[{"start":{"line":6,"column":4},"end":{"line":6,"column":33}},{"start":{"line":6,"column":4},"end":{"line":6,"column":33}}],"line":6},"1":{"loc":{"start":{"line":19,"column":8},"end":{"line":19,"column":79}},"type":"if","locations":[{"start":{"line":19,"column":8},"end":{"line":19,"column":79}},{"start":{"line":19,"column":8},"end":{"line":19,"column":79}}],"line":19}},"s":{"0":3,"1":0,"2":0,"3":0,"4":0,"5":0,"6":0,"7":0,"8":3,"9":0,"10":0,"11":0,"12":0,"13":0},"f":{"0":0,"1":0},"b":{"0":[0,0],"1":[0,0]},"_coverageSchema":"1a1c01bbd47fc00a2c39e90264f33305004495a9","hash":"84f8dabf71bc47e9dec95c443750f32dbdc7e72f"}
,"D:\\file\\monehindemo\\src\\models\\Blog.js": {"path":"D:\\file\\monehindemo\\src\\models\\Blog.js","statementMap":{"0":{"start":{"line":4,"column":19},"end":{"line":32,"column":1}}},"fnMap":{},"branchMap":{},"s":{"0":3},"f":{},"b":{},"_coverageSchema":"1a1c01bbd47fc00a2c39e90264f33305004495a9","hash":"95a520725b48ebcf851b750bb0949917e8dfb4cc"}
,"D:\\file\\monehindemo\\src\\models\\Comment.js": {"path":"D:\\file\\monehindemo\\src\\models\\Comment.js","statementMap":{"0":{"start":{"line":3,"column":22},"end":{"line":16,"column":1}}},"fnMap":{},"branchMap":{},"s":{"0":3},"f":{},"b":{},"_coverageSchema":"1a1c01bbd47fc00a2c39e90264f33305004495a9","hash":"418dbaf0597ae8aae83d2be8c8c81339152226fd"}
,"D:\\file\\monehindemo\\src\\models\\Query.js": {"path":"D:\\file\\monehindemo\\src\\models\\Query.js","statementMap":{"0":{"start":{"line":3,"column":20},"end":{"line":19,"column":1}}},"fnMap":{},"branchMap":{},"s":{"0":3},"f":{},"b":{},"_coverageSchema":"1a1c01bbd47fc00a2c39e90264f33305004495a9","hash":"67f865235af58f74fcd9985b6bd6a49a2a372871"}
,"D:\\file\\monehindemo\\src\\models\\User.js": {"path":"D:\\file\\monehindemo\\src\\models\\User.js","statementMap":{"0":{"start":{"line":3,"column":19},"end":{"line":29,"column":1}}},"fnMap":{},"branchMap":{},"s":{"0":3},"f":{},"b":{},"_coverageSchema":"1a1c01bbd47fc00a2c39e90264f33305004495a9","hash":"7932088694d078548e4c33cb9a90f4ddcf5c685c"}
,"D:\\file\\monehindemo\\src\\routes\\Blog.js": {"path":"D:\\file\\monehindemo\\src\\routes\\Blog.js","statementMap":{"0":{"start":{"line":6,"column":15},"end":{"line":6,"column":23}},"1":{"start":{"line":8,"column":0},"end":{"line":11,"column":42}},"2":{"start":{"line":13,"column":0},"end":{"line":17,"column":34}}},"fnMap":{},"branchMap":{},"s":{"0":3,"1":3,"2":3},"f":{},"b":{},"_coverageSchema":"1a1c01bbd47fc00a2c39e90264f33305004495a9","hash":"058f6e01dbaa741e41882a876a2e2df7fad7422b"}
,"D:\\file\\monehindemo\\src\\routes\\Comment.js": {"path":"D:\\file\\monehindemo\\src\\routes\\Comment.js","statementMap":{"0":{"start":{"line":5,"column":15},"end":{"line":5,"column":23}},"1":{"start":{"line":7,"column":0},"end":{"line":7,"column":53}},"2":{"start":{"line":8,"column":0},"end":{"line":8,"column":77}}},"fnMap":{},"branchMap":{},"s":{"0":3,"1":3,"2":3},"f":{},"b":{},"_coverageSchema":"1a1c01bbd47fc00a2c39e90264f33305004495a9","hash":"054e0ba12b9c0b10a35a627899d2451f8463b63d"}
,"D:\\file\\monehindemo\\src\\routes\\Query.js": {"path":"D:\\file\\monehindemo\\src\\routes\\Query.js","statementMap":{"0":{"start":{"line":5,"column":15},"end":{"line":5,"column":24}},"1":{"start":{"line":7,"column":0},"end":{"line":9,"column":24}}},"fnMap":{},"branchMap":{},"s":{"0":3,"1":3},"f":{},"b":{},"_coverageSchema":"1a1c01bbd47fc00a2c39e90264f33305004495a9","hash":"078237057ef54f40f8f8054064b8191edb42125a"}
,"D:\\file\\monehindemo\\src\\routes\\User.js": {"path":"D:\\file\\monehindemo\\src\\routes\\User.js","statementMap":{"0":{"start":{"line":6,"column":15},"end":{"line":6,"column":23}},"1":{"start":{"line":8,"column":0},"end":{"line":8,"column":36}},"2":{"start":{"line":9,"column":0},"end":{"line":9,"column":47}},"3":{"start":{"line":10,"column":0},"end":{"line":10,"column":34}},"4":{"start":{"line":11,"column":0},"end":{"line":11,"column":52}}},"fnMap":{},"branchMap":{},"s":{"0":3,"1":3,"2":3,"3":3,"4":3},"f":{},"b":{},"_coverageSchema":"1a1c01bbd47fc00a2c39e90264f33305004495a9","hash":"432174178e7846387acddddb03ca1fd8a6f219ad"}
,"D:\\file\\monehindemo\\src\\routes\\index.js": {"path":"D:\\file\\monehindemo\\src\\routes\\index.js","statementMap":{"0":{"start":{"line":8,"column":15},"end":{"line":8,"column":23}},"1":{"start":{"line":11,"column":0},"end":{"line":11,"column":32}},"2":{"start":{"line":12,"column":0},"end":{"line":12,"column":32}},"3":{"start":{"line":13,"column":0},"end":{"line":13,"column":38}},"4":{"start":{"line":14,"column":0},"end":{"line":14,"column":34}}},"fnMap":{},"branchMap":{},"s":{"0":3,"1":3,"2":3,"3":3,"4":3},"f":{},"b":{},"_coverageSchema":"1a1c01bbd47fc00a2c39e90264f33305004495a9","hash":"76a52b32033643572a516689f2e84405092516b6"}
,"D:\\file\\monehindemo\\src\\utils\\index.js": {"path":"D:\\file\\monehindemo\\src\\utils\\index.js","statementMap":{"0":{"start":{"line":3,"column":6},"end":{"line":7,"column":9}},"1":{"start":{"line":16,"column":6},"end":{"line":20,"column":9}}},"fnMap":{"0":{"name":"(anonymous_0)","decl":{"start":{"line":2,"column":4},"end":{"line":2,"column":5}},"loc":{"start":{"line":2,"column":74},"end":{"line":8,"column":5}},"line":2},"1":{"name":"(anonymous_1)","decl":{"start":{"line":10,"column":4},"end":{"line":10,"column":5}},"loc":{"start":{"line":15,"column":6},"end":{"line":21,"column":5}},"line":15}},"branchMap":{"0":{"loc":{"start":{"line":2,"column":24},"end":{"line":2,"column":36}},"type":"default-arg","locations":[{"start":{"line":2,"column":33},"end":{"line":2,"column":36}}],"line":2},"1":{"loc":{"start":{"line":2,"column":38},"end":{"line":2,"column":47}},"type":"default-arg","locations":[{"start":{"line":2,"column":45},"end":{"line":2,"column":47}}],"line":2},"2":{"loc":{"start":{"line":2,"column":49},"end":{"line":2,"column":72}},"type":"default-arg","locations":[{"start":{"line":2,"column":59},"end":{"line":2,"column":72}}],"line":2},"3":{"loc":{"start":{"line":12,"column":6},"end":{"line":12,"column":18}},"type":"default-arg","locations":[{"start":{"line":12,"column":15},"end":{"line":12,"column":18}}],"line":12},"4":{"loc":{"start":{"line":13,"column":6},"end":{"line":13,"column":39}},"type":"default-arg","locations":[{"start":{"line":13,"column":16},"end":{"line":13,"column":39}}],"line":13},"5":{"loc":{"start":{"line":14,"column":6},"end":{"line":14,"column":16}},"type":"default-arg","locations":[{"start":{"line":14,"column":14},"end":{"line":14,"column":16}}],"line":14}},"s":{"0":5,"1":2},"f":{"0":5,"1":2},"b":{"0":[0],"1":[0],"2":[2],"3":[0],"4":[0],"5":[2]},"_coverageSchema":"1a1c01bbd47fc00a2c39e90264f33305004495a9","hash":"595c93c97a0f4ae1f87408a4da2af17c2bfbf2cf"}
,"D:\\file\\monehindemo\\src\\validation\\blog.js": {"path":"D:\\file\\monehindemo\\src\\validation\\blog.js","statementMap":{"0":{"start":{"line":3,"column":28},"end":{"line":14,"column":2}},"1":{"start":{"line":16,"column":28},"end":{"line":26,"column":2}}},"fnMap":{},"branchMap":{},"s":{"0":3,"1":3},"f":{},"b":{},"_coverageSchema":"1a1c01bbd47fc00a2c39e90264f33305004495a9","hash":"df045b75db930564f87bd1483eb6f5abe34ff9fb"}
,"D:\\file\\monehindemo\\src\\validation\\comment.js": {"path":"D:\\file\\monehindemo\\src\\validation\\comment.js","statementMap":{"0":{"start":{"line":3,"column":21},"end":{"line":6,"column":2}}},"fnMap":{},"branchMap":{},"s":{"0":3},"f":{},"b":{},"_coverageSchema":"1a1c01bbd47fc00a2c39e90264f33305004495a9","hash":"aac72b4bcd1eef0e007a911219e9d0096061ae4f"}
,"D:\\file\\monehindemo\\src\\validation\\index.js": {"path":"D:\\file\\monehindemo\\src\\validation\\index.js","statementMap":{"0":{"start":{"line":8,"column":20},"end":{"line":8,"column":42}},"1":{"start":{"line":9,"column":2},"end":{"line":9,"column":26}},"2":{"start":{"line":9,"column":13},"end":{"line":9,"column":26}},"3":{"start":{"line":10,"column":2},"end":{"line":10,"column":15}}},"fnMap":{"0":{"name":"validate","decl":{"start":{"line":7,"column":9},"end":{"line":7,"column":17}},"loc":{"start":{"line":7,"column":33},"end":{"line":11,"column":1}},"line":7}},"branchMap":{"0":{"loc":{"start":{"line":9,"column":2},"end":{"line":9,"column":26}},"type":"if","locations":[{"start":{"line":9,"column":2},"end":{"line":9,"column":26}},{"start":{"line":9,"column":2},"end":{"line":9,"column":26}}],"line":9}},"s":{"0":5,"1":5,"2":0,"3":5},"f":{"0":5},"b":{"0":[0,5]},"_coverageSchema":"1a1c01bbd47fc00a2c39e90264f33305004495a9","hash":"7272d79269d4fd0b218b51e933b0a9c123d71a42"}
,"D:\\file\\monehindemo\\src\\validation\\query.js": {"path":"D:\\file\\monehindemo\\src\\validation\\query.js","statementMap":{"0":{"start":{"line":3,"column":21},"end":{"line":14,"column":2}}},"fnMap":{},"branchMap":{},"s":{"0":3},"f":{},"b":{},"_coverageSchema":"1a1c01bbd47fc00a2c39e90264f33305004495a9","hash":"f3f04005915e70973b079c4341efdb87ed511863"}
,"D:\\file\\monehindemo\\src\\validation\\user.js": {"path":"D:\\file\\monehindemo\\src\\validation\\user.js","statementMap":{"0":{"start":{"line":3,"column":28},"end":{"line":26,"column":2}},"1":{"start":{"line":28,"column":28},"end":{"line":50,"column":2}},"2":{"start":{"line":52,"column":27},"end":{"line":66,"column":2}}},"fnMap":{},"branchMap":{},"s":{"0":3,"1":3,"2":3},"f":{},"b":{},"_coverageSchema":"1a1c01bbd47fc00a2c39e90264f33305004495a9","hash":"fa5fa91801ace0f1995d56fbe4f80a66f96004fd"}
}
