{"D:\\file\\monehindemo\\config\\config.js": {"path":"D:\\file\\monehindemo\\config\\config.js","statementMap":{"0":{"start":{"line":1,"column":0},"end":{"line":1,"column":27}},"1":{"start":{"line":3,"column":12},"end":{"line":3,"column":50}},"2":{"start":{"line":5,"column":20},"end":{"line":15,"column":1}},"3":{"start":{"line":16,"column":19},"end":{"line":26,"column":1}},"4":{"start":{"line":28,"column":13},"end":{"line":37,"column":1}},"5":{"start":{"line":39,"column":15},"end":{"line":43,"column":1}},"6":{"start":{"line":44,"column":0},"end":{"line":44,"column":29}}},"fnMap":{},"branchMap":{"0":{"loc":{"start":{"line":3,"column":12},"end":{"line":3,"column":50}},"type":"binary-expr","locations":[{"start":{"line":3,"column":12},"end":{"line":3,"column":32}},{"start":{"line":3,"column":37},"end":{"line":3,"column":50}}],"line":3}},"s":{"0":4,"1":4,"2":4,"3":4,"4":4,"5":4,"6":4},"f":{},"b":{"0":[4,0]},"_coverageSchema":"1a1c01bbd47fc00a2c39e90264f33305004495a9","hash":"adc39d21ad3d5ccf500d3c505bef341090d74f46"}
,"D:\\file\\monehindemo\\src\\app.js": {"path":"D:\\file\\monehindemo\\src\\app.js","statementMap":{"0":{"start":{"line":9,"column":0},"end":{"line":9,"column":11}},"1":{"start":{"line":11,"column":12},"end":{"line":11,"column":21}},"2":{"start":{"line":12,"column":0},"end":{"line":12,"column":16}},"3":{"start":{"line":13,"column":0},"end":{"line":13,"column":41}},"4":{"start":{"line":14,"column":0},"end":{"line":14,"column":42}},"5":{"start":{"line":15,"column":0},"end":{"line":15,"column":16}},"6":{"start":{"line":16,"column":0},"end":{"line":16,"column":31}},"7":{"start":{"line":17,"column":0},"end":{"line":17,"column":26}},"8":{"start":{"line":20,"column":0},"end":{"line":22,"column":2}},"9":{"start":{"line":21,"column":4},"end":{"line":21,"column":27}}},"fnMap":{"0":{"name":"(anonymous_0)","decl":{"start":{"line":20,"column":13},"end":{"line":20,"column":14}},"loc":{"start":{"line":20,"column":27},"end":{"line":22,"column":1}},"line":20}},"branchMap":{},"s":{"0":4,"1":4,"2":4,"3":4,"4":4,"5":4,"6":4,"7":4,"8":4,"9":0},"f":{"0":0},"b":{},"_coverageSchema":"1a1c01bbd47fc00a2c39e90264f33305004495a9","hash":"df0c56821d1121e502ed7e44de407c1b27473102"}
,"D:\\file\\monehindemo\\src\\config\\cloudinary.js": {"path":"D:\\file\\monehindemo\\src\\config\\cloudinary.js","statementMap":{"0":{"start":{"line":4,"column":0},"end":{"line":4,"column":9}},"1":{"start":{"line":6,"column":0},"end":{"line":6,"column":46}}},"fnMap":{},"branchMap":{},"s":{"0":4,"1":4},"f":{},"b":{},"_coverageSchema":"1a1c01bbd47fc00a2c39e90264f33305004495a9","hash":"27023eabc35f8ee7d4fa4bc4caf949e9f8b0a3fd"}
,"D:\\file\\monehindemo\\src\\config\\database.js": {"path":"D:\\file\\monehindemo\\src\\config\\database.js","statementMap":{"0":{"start":{"line":5,"column":18},"end":{"line":5,"column":42}},"1":{"start":{"line":6,"column":18},"end":{"line":24,"column":1}},"2":{"start":{"line":7,"column":2},"end":{"line":23,"column":3}},"3":{"start":{"line":9,"column":17},"end":{"line":16,"column":5}},"4":{"start":{"line":18,"column":4},"end":{"line":20,"column":6}},"5":{"start":{"line":22,"column":4},"end":{"line":22,"column":41}}},"fnMap":{"0":{"name":"(anonymous_0)","decl":{"start":{"line":6,"column":18},"end":{"line":6,"column":19}},"loc":{"start":{"line":6,"column":30},"end":{"line":24,"column":1}},"line":6}},"branchMap":{},"s":{"0":4,"1":4,"2":4,"3":4,"4":4,"5":0},"f":{"0":4},"b":{},"_coverageSchema":"1a1c01bbd47fc00a2c39e90264f33305004495a9","hash":"19c30da66914a19be35c6f819f9474b09eacab5f"}
,"D:\\file\\monehindemo\\src\\config\\passport.js": {"path":"D:\\file\\monehindemo\\src\\config\\passport.js","statementMap":{"0":{"start":{"line":4,"column":0},"end":{"line":4,"column":9}},"1":{"start":{"line":6,"column":19},"end":{"line":9,"column":1}},"2":{"start":{"line":11,"column":27},"end":{"line":13,"column":2}},"3":{"start":{"line":12,"column":4},"end":{"line":12,"column":77}}},"fnMap":{"0":{"name":"(anonymous_0)","decl":{"start":{"line":11,"column":56},"end":{"line":11,"column":57}},"loc":{"start":{"line":11,"column":73},"end":{"line":13,"column":1}},"line":11}},"branchMap":{"0":{"loc":{"start":{"line":12,"column":11},"end":{"line":12,"column":76}},"type":"cond-expr","locations":[{"start":{"line":12,"column":21},"end":{"line":12,"column":40}},{"start":{"line":12,"column":42},"end":{"line":12,"column":76}}],"line":12}},"s":{"0":4,"1":4,"2":4,"3":5},"f":{"0":5},"b":{"0":[5,0]},"_coverageSchema":"1a1c01bbd47fc00a2c39e90264f33305004495a9","hash":"963079b093b01e21d19a7f584e9973e62721f153"}
,"D:\\file\\monehindemo\\src\\controllers\\Blog.js": {"path":"D:\\file\\monehindemo\\src\\controllers\\Blog.js","statementMap":{"0":{"start":{"line":11,"column":22},"end":{"line":21,"column":2}},"1":{"start":{"line":12,"column":18},"end":{"line":12,"column":40}},"2":{"start":{"line":13,"column":4},"end":{"line":13,"column":69}},"3":{"start":{"line":13,"column":15},"end":{"line":13,"column":69}},"4":{"start":{"line":15,"column":4},"end":{"line":20,"column":6}},"5":{"start":{"line":23,"column":22},"end":{"line":42,"column":2}},"6":{"start":{"line":24,"column":21},"end":{"line":24,"column":31}},"7":{"start":{"line":25,"column":4},"end":{"line":30,"column":6}},"8":{"start":{"line":26,"column":4},"end":{"line":30,"column":6}},"9":{"start":{"line":31,"column":24},"end":{"line":33,"column":29}},"10":{"start":{"line":34,"column":4},"end":{"line":34,"column":64}},"11":{"start":{"line":34,"column":13},"end":{"line":34,"column":64}},"12":{"start":{"line":36,"column":4},"end":{"line":40,"column":6}},"13":{"start":{"line":46,"column":22},"end":{"line":61,"column":2}},"14":{"start":{"line":50,"column":8},"end":{"line":50,"column":11}},"15":{"start":{"line":51,"column":17},"end":{"line":51,"column":46}},"16":{"start":{"line":53,"column":32},"end":{"line":53,"column":73}},"17":{"start":{"line":54,"column":2},"end":{"line":54,"column":76}},"18":{"start":{"line":54,"column":14},"end":{"line":54,"column":76}},"19":{"start":{"line":57,"column":24},"end":{"line":57,"column":52}},"20":{"start":{"line":58,"column":4},"end":{"line":58,"column":68}},"21":{"start":{"line":58,"column":15},"end":{"line":58,"column":68}},"22":{"start":{"line":60,"column":4},"end":{"line":60,"column":73}},"23":{"start":{"line":63,"column":22},"end":{"line":85,"column":2}},"24":{"start":{"line":64,"column":20},"end":{"line":64,"column":30}},"25":{"start":{"line":66,"column":32},"end":{"line":66,"column":77}},"26":{"start":{"line":67,"column":4},"end":{"line":67,"column":78}},"27":{"start":{"line":67,"column":16},"end":{"line":67,"column":78}},"28":{"start":{"line":70,"column":17},"end":{"line":78,"column":5}},"29":{"start":{"line":79,"column":4},"end":{"line":83,"column":6}},"30":{"start":{"line":79,"column":14},"end":{"line":83,"column":6}},"31":{"start":{"line":84,"column":4},"end":{"line":84,"column":71}},"32":{"start":{"line":87,"column":25},"end":{"line":99,"column":2}},"33":{"start":{"line":88,"column":21},"end":{"line":88,"column":31}},"34":{"start":{"line":90,"column":17},"end":{"line":90,"column":54}},"35":{"start":{"line":92,"column":4},"end":{"line":92,"column":60}},"36":{"start":{"line":92,"column":14},"end":{"line":92,"column":60}},"37":{"start":{"line":95,"column":4},"end":{"line":95,"column":59}},"38":{"start":{"line":95,"column":22},"end":{"line":95,"column":59}},"39":{"start":{"line":97,"column":4},"end":{"line":97,"column":27}},"40":{"start":{"line":98,"column":4},"end":{"line":98,"column":72}},"41":{"start":{"line":102,"column":26},"end":{"line":137,"column":2}},"42":{"start":{"line":103,"column":21},"end":{"line":103,"column":31}},"43":{"start":{"line":106,"column":6},"end":{"line":106,"column":9}},"44":{"start":{"line":108,"column":2},"end":{"line":109,"column":74}},"45":{"start":{"line":109,"column":4},"end":{"line":109,"column":74}},"46":{"start":{"line":111,"column":18},"end":{"line":111,"column":49}},"47":{"start":{"line":113,"column":30},"end":{"line":113,"column":64}},"48":{"start":{"line":114,"column":2},"end":{"line":114,"column":76}},"49":{"start":{"line":114,"column":14},"end":{"line":114,"column":76}},"50":{"start":{"line":116,"column":15},"end":{"line":116,"column":47}},"51":{"start":{"line":118,"column":2},"end":{"line":118,"column":64}},"52":{"start":{"line":118,"column":13},"end":{"line":118,"column":64}},"53":{"start":{"line":120,"column":21},"end":{"line":120,"column":55}},"54":{"start":{"line":121,"column":2},"end":{"line":121,"column":26}},"55":{"start":{"line":123,"column":2},"end":{"line":123,"column":26}},"56":{"start":{"line":125,"column":2},"end":{"line":125,"column":37}},"57":{"start":{"line":126,"column":2},"end":{"line":126,"column":26}},"58":{"start":{"line":128,"column":2},"end":{"line":128,"column":20}},"59":{"start":{"line":131,"column":2},"end":{"line":136,"column":4}},"60":{"start":{"line":139,"column":29},"end":{"line":166,"column":2}},"61":{"start":{"line":140,"column":32},"end":{"line":140,"column":42}},"62":{"start":{"line":141,"column":2},"end":{"line":146,"column":6}},"63":{"start":{"line":142,"column":4},"end":{"line":146,"column":6}},"64":{"start":{"line":148,"column":15},"end":{"line":148,"column":47}},"65":{"start":{"line":149,"column":2},"end":{"line":149,"column":64}},"66":{"start":{"line":149,"column":13},"end":{"line":149,"column":64}},"67":{"start":{"line":151,"column":2},"end":{"line":152,"column":58}},"68":{"start":{"line":152,"column":4},"end":{"line":152,"column":58}},"69":{"start":{"line":154,"column":2},"end":{"line":154,"column":73}},"70":{"start":{"line":154,"column":47},"end":{"line":154,"column":71}},"71":{"start":{"line":155,"column":2},"end":{"line":155,"column":26}},"72":{"start":{"line":157,"column":2},"end":{"line":157,"column":50}},"73":{"start":{"line":158,"column":2},"end":{"line":158,"column":20}},"74":{"start":{"line":160,"column":2},"end":{"line":165,"column":4}}},"fnMap":{"0":{"name":"(anonymous_0)","decl":{"start":{"line":11,"column":35},"end":{"line":11,"column":36}},"loc":{"start":{"line":11,"column":52},"end":{"line":21,"column":1}},"line":11},"1":{"name":"(anonymous_1)","decl":{"start":{"line":23,"column":35},"end":{"line":23,"column":36}},"loc":{"start":{"line":23,"column":53},"end":{"line":42,"column":1}},"line":23},"2":{"name":"(anonymous_2)","decl":{"start":{"line":46,"column":36},"end":{"line":46,"column":37}},"loc":{"start":{"line":46,"column":55},"end":{"line":61,"column":1}},"line":46},"3":{"name":"(anonymous_3)","decl":{"start":{"line":63,"column":35},"end":{"line":63,"column":36}},"loc":{"start":{"line":63,"column":53},"end":{"line":85,"column":1}},"line":63},"4":{"name":"(anonymous_4)","decl":{"start":{"line":87,"column":38},"end":{"line":87,"column":39}},"loc":{"start":{"line":87,"column":56},"end":{"line":99,"column":1}},"line":87},"5":{"name":"(anonymous_5)","decl":{"start":{"line":102,"column":39},"end":{"line":102,"column":40}},"loc":{"start":{"line":102,"column":59},"end":{"line":137,"column":1}},"line":102},"6":{"name":"(anonymous_6)","decl":{"start":{"line":139,"column":42},"end":{"line":139,"column":43}},"loc":{"start":{"line":139,"column":62},"end":{"line":166,"column":1}},"line":139},"7":{"name":"(anonymous_7)","decl":{"start":{"line":154,"column":39},"end":{"line":154,"column":40}},"loc":{"start":{"line":154,"column":47},"end":{"line":154,"column":71}},"line":154}},"branchMap":{"0":{"loc":{"start":{"line":13,"column":4},"end":{"line":13,"column":69}},"type":"if","locations":[{"start":{"line":13,"column":4},"end":{"line":13,"column":69}},{"start":{"line":13,"column":4},"end":{"line":13,"column":69}}],"line":13},"1":{"loc":{"start":{"line":25,"column":4},"end":{"line":30,"column":6}},"type":"if","locations":[{"start":{"line":25,"column":4},"end":{"line":30,"column":6}},{"start":{"line":25,"column":4},"end":{"line":30,"column":6}}],"line":25},"2":{"loc":{"start":{"line":34,"column":4},"end":{"line":34,"column":64}},"type":"if","locations":[{"start":{"line":34,"column":4},"end":{"line":34,"column":64}},{"start":{"line":34,"column":4},"end":{"line":34,"column":64}}],"line":34},"3":{"loc":{"start":{"line":54,"column":2},"end":{"line":54,"column":76}},"type":"if","locations":[{"start":{"line":54,"column":2},"end":{"line":54,"column":76}},{"start":{"line":54,"column":2},"end":{"line":54,"column":76}}],"line":54},"4":{"loc":{"start":{"line":58,"column":4},"end":{"line":58,"column":68}},"type":"if","locations":[{"start":{"line":58,"column":4},"end":{"line":58,"column":68}},{"start":{"line":58,"column":4},"end":{"line":58,"column":68}}],"line":58},"5":{"loc":{"start":{"line":67,"column":4},"end":{"line":67,"column":78}},"type":"if","locations":[{"start":{"line":67,"column":4},"end":{"line":67,"column":78}},{"start":{"line":67,"column":4},"end":{"line":67,"column":78}}],"line":67},"6":{"loc":{"start":{"line":79,"column":4},"end":{"line":83,"column":6}},"type":"if","locations":[{"start":{"line":79,"column":4},"end":{"line":83,"column":6}},{"start":{"line":79,"column":4},"end":{"line":83,"column":6}}],"line":79},"7":{"loc":{"start":{"line":92,"column":4},"end":{"line":92,"column":60}},"type":"if","locations":[{"start":{"line":92,"column":4},"end":{"line":92,"column":60}},{"start":{"line":92,"column":4},"end":{"line":92,"column":60}}],"line":92},"8":{"loc":{"start":{"line":95,"column":4},"end":{"line":95,"column":59}},"type":"if","locations":[{"start":{"line":95,"column":4},"end":{"line":95,"column":59}},{"start":{"line":95,"column":4},"end":{"line":95,"column":59}}],"line":95},"9":{"loc":{"start":{"line":108,"column":2},"end":{"line":109,"column":74}},"type":"if","locations":[{"start":{"line":108,"column":2},"end":{"line":109,"column":74}},{"start":{"line":108,"column":2},"end":{"line":109,"column":74}}],"line":108},"10":{"loc":{"start":{"line":114,"column":2},"end":{"line":114,"column":76}},"type":"if","locations":[{"start":{"line":114,"column":2},"end":{"line":114,"column":76}},{"start":{"line":114,"column":2},"end":{"line":114,"column":76}}],"line":114},"11":{"loc":{"start":{"line":118,"column":2},"end":{"line":118,"column":64}},"type":"if","locations":[{"start":{"line":118,"column":2},"end":{"line":118,"column":64}},{"start":{"line":118,"column":2},"end":{"line":118,"column":64}}],"line":118},"12":{"loc":{"start":{"line":141,"column":2},"end":{"line":146,"column":6}},"type":"if","locations":[{"start":{"line":141,"column":2},"end":{"line":146,"column":6}},{"start":{"line":141,"column":2},"end":{"line":146,"column":6}}],"line":141},"13":{"loc":{"start":{"line":141,"column":6},"end":{"line":141,"column":27}},"type":"binary-expr","locations":[{"start":{"line":141,"column":6},"end":{"line":141,"column":13}},{"start":{"line":141,"column":17},"end":{"line":141,"column":27}}],"line":141},"14":{"loc":{"start":{"line":149,"column":2},"end":{"line":149,"column":64}},"type":"if","locations":[{"start":{"line":149,"column":2},"end":{"line":149,"column":64}},{"start":{"line":149,"column":2},"end":{"line":149,"column":64}}],"line":149},"15":{"loc":{"start":{"line":151,"column":2},"end":{"line":152,"column":58}},"type":"if","locations":[{"start":{"line":151,"column":2},"end":{"line":152,"column":58}},{"start":{"line":151,"column":2},"end":{"line":152,"column":58}}],"line":151}},"s":{"0":4,"1":1,"2":1,"3":0,"4":1,"5":4,"6":1,"7":1,"8":0,"9":1,"10":1,"11":0,"12":1,"13":4,"14":1,"15":1,"16":1,"17":1,"18":0,"19":1,"20":1,"21":0,"22":1,"23":4,"24":1,"25":1,"26":1,"27":0,"28":1,"29":1,"30":0,"31":1,"32":4,"33":1,"34":1,"35":1,"36":0,"37":1,"38":0,"39":1,"40":1,"41":4,"42":1,"43":1,"44":1,"45":0,"46":1,"47":1,"48":1,"49":0,"50":1,"51":1,"52":0,"53":1,"54":1,"55":1,"56":1,"57":1,"58":1,"59":1,"60":4,"61":0,"62":0,"63":0,"64":0,"65":0,"66":0,"67":0,"68":0,"69":0,"70":0,"71":0,"72":0,"73":0,"74":0},"f":{"0":1,"1":1,"2":1,"3":1,"4":1,"5":1,"6":0,"7":0},"b":{"0":[0,1],"1":[0,1],"2":[0,1],"3":[0,1],"4":[0,1],"5":[0,1],"6":[0,1],"7":[0,1],"8":[0,1],"9":[0,1],"10":[0,1],"11":[0,1],"12":[0,0],"13":[0,0],"14":[0,0],"15":[0,0]},"_coverageSchema":"1a1c01bbd47fc00a2c39e90264f33305004495a9","hash":"6674fc2f7ebd1b9790c6a21cb87dc188cb33c092"}
,"D:\\file\\monehindemo\\src\\controllers\\Query.js": {"path":"D:\\file\\monehindemo\\src\\controllers\\Query.js","statementMap":{"0":{"start":{"line":7,"column":23},"end":{"line":12,"column":2}},"1":{"start":{"line":8,"column":20},"end":{"line":8,"column":43}},"2":{"start":{"line":9,"column":4},"end":{"line":9,"column":91}},"3":{"start":{"line":14,"column":22},"end":{"line":20,"column":2}},"4":{"start":{"line":15,"column":32},"end":{"line":15,"column":65}},"5":{"start":{"line":16,"column":4},"end":{"line":16,"column":78}},"6":{"start":{"line":16,"column":16},"end":{"line":16,"column":78}},"7":{"start":{"line":18,"column":18},"end":{"line":18,"column":51}},"8":{"start":{"line":19,"column":4},"end":{"line":19,"column":64}}},"fnMap":{"0":{"name":"(anonymous_0)","decl":{"start":{"line":7,"column":37},"end":{"line":7,"column":38}},"loc":{"start":{"line":7,"column":56},"end":{"line":12,"column":1}},"line":7},"1":{"name":"(anonymous_1)","decl":{"start":{"line":14,"column":35},"end":{"line":14,"column":36}},"loc":{"start":{"line":14,"column":54},"end":{"line":20,"column":1}},"line":14}},"branchMap":{"0":{"loc":{"start":{"line":16,"column":4},"end":{"line":16,"column":78}},"type":"if","locations":[{"start":{"line":16,"column":4},"end":{"line":16,"column":78}},{"start":{"line":16,"column":4},"end":{"line":16,"column":78}}],"line":16}},"s":{"0":4,"1":1,"2":1,"3":4,"4":1,"5":1,"6":0,"7":1,"8":1},"f":{"0":1,"1":1},"b":{"0":[0,1]},"_coverageSchema":"1a1c01bbd47fc00a2c39e90264f33305004495a9","hash":"d4cb00feaae160cc76b8b48bfe72f5f5aa15f10a"}
,"D:\\file\\monehindemo\\src\\controllers\\User.js": {"path":"D:\\file\\monehindemo\\src\\controllers\\User.js","statementMap":{"0":{"start":{"line":8,"column":22},"end":{"line":29,"column":2}},"1":{"start":{"line":10,"column":29},"end":{"line":10,"column":32}},"2":{"start":{"line":11,"column":15},"end":{"line":11,"column":46}},"3":{"start":{"line":13,"column":30},"end":{"line":13,"column":71}},"4":{"start":{"line":14,"column":2},"end":{"line":20,"column":6}},"5":{"start":{"line":15,"column":4},"end":{"line":20,"column":6}},"6":{"start":{"line":22,"column":15},"end":{"line":22,"column":51}},"7":{"start":{"line":23,"column":15},"end":{"line":23,"column":66}},"8":{"start":{"line":24,"column":2},"end":{"line":24,"column":66}},"9":{"start":{"line":24,"column":13},"end":{"line":24,"column":66}},"10":{"start":{"line":26,"column":2},"end":{"line":26,"column":53}},"11":{"start":{"line":31,"column":21},"end":{"line":45,"column":2}},"12":{"start":{"line":33,"column":28},"end":{"line":33,"column":72}},"13":{"start":{"line":34,"column":2},"end":{"line":35,"column":89}},"14":{"start":{"line":35,"column":4},"end":{"line":35,"column":89}},"15":{"start":{"line":37,"column":28},"end":{"line":37,"column":36}},"16":{"start":{"line":38,"column":15},"end":{"line":38,"column":47}},"17":{"start":{"line":39,"column":2},"end":{"line":39,"column":66}},"18":{"start":{"line":39,"column":12},"end":{"line":39,"column":66}},"19":{"start":{"line":40,"column":2},"end":{"line":41,"column":54}},"20":{"start":{"line":41,"column":4},"end":{"line":41,"column":54}},"21":{"start":{"line":43,"column":16},"end":{"line":43,"column":31}},"22":{"start":{"line":44,"column":2},"end":{"line":44,"column":69}},"23":{"start":{"line":48,"column":23},"end":{"line":64,"column":2}},"24":{"start":{"line":49,"column":16},"end":{"line":49,"column":61}},"25":{"start":{"line":50,"column":2},"end":{"line":50,"column":78}},"26":{"start":{"line":50,"column":13},"end":{"line":50,"column":78}},"27":{"start":{"line":52,"column":29},"end":{"line":52,"column":32}},"28":{"start":{"line":53,"column":15},"end":{"line":53,"column":46}},"29":{"start":{"line":54,"column":15},"end":{"line":54,"column":51}},"30":{"start":{"line":55,"column":15},"end":{"line":59,"column":3}},"31":{"start":{"line":61,"column":2},"end":{"line":61,"column":64}},"32":{"start":{"line":61,"column":13},"end":{"line":61,"column":64}},"33":{"start":{"line":63,"column":2},"end":{"line":63,"column":42}},"34":{"start":{"line":67,"column":22},"end":{"line":72,"column":2}},"35":{"start":{"line":69,"column":16},"end":{"line":69,"column":38}},"36":{"start":{"line":70,"column":2},"end":{"line":70,"column":85}}},"fnMap":{"0":{"name":"(anonymous_0)","decl":{"start":{"line":8,"column":35},"end":{"line":8,"column":36}},"loc":{"start":{"line":8,"column":55},"end":{"line":29,"column":1}},"line":8},"1":{"name":"(anonymous_1)","decl":{"start":{"line":31,"column":34},"end":{"line":31,"column":35}},"loc":{"start":{"line":31,"column":50},"end":{"line":45,"column":1}},"line":31},"2":{"name":"(anonymous_2)","decl":{"start":{"line":48,"column":36},"end":{"line":48,"column":37}},"loc":{"start":{"line":48,"column":56},"end":{"line":64,"column":1}},"line":48},"3":{"name":"(anonymous_3)","decl":{"start":{"line":67,"column":35},"end":{"line":67,"column":36}},"loc":{"start":{"line":67,"column":52},"end":{"line":72,"column":1}},"line":67}},"branchMap":{"0":{"loc":{"start":{"line":14,"column":2},"end":{"line":20,"column":6}},"type":"if","locations":[{"start":{"line":14,"column":2},"end":{"line":20,"column":6}},{"start":{"line":14,"column":2},"end":{"line":20,"column":6}}],"line":14},"1":{"loc":{"start":{"line":24,"column":2},"end":{"line":24,"column":66}},"type":"if","locations":[{"start":{"line":24,"column":2},"end":{"line":24,"column":66}},{"start":{"line":24,"column":2},"end":{"line":24,"column":66}}],"line":24},"2":{"loc":{"start":{"line":34,"column":2},"end":{"line":35,"column":89}},"type":"if","locations":[{"start":{"line":34,"column":2},"end":{"line":35,"column":89}},{"start":{"line":34,"column":2},"end":{"line":35,"column":89}}],"line":34},"3":{"loc":{"start":{"line":39,"column":2},"end":{"line":39,"column":66}},"type":"if","locations":[{"start":{"line":39,"column":2},"end":{"line":39,"column":66}},{"start":{"line":39,"column":2},"end":{"line":39,"column":66}}],"line":39},"4":{"loc":{"start":{"line":40,"column":2},"end":{"line":41,"column":54}},"type":"if","locations":[{"start":{"line":40,"column":2},"end":{"line":41,"column":54}},{"start":{"line":40,"column":2},"end":{"line":41,"column":54}}],"line":40},"5":{"loc":{"start":{"line":50,"column":2},"end":{"line":50,"column":78}},"type":"if","locations":[{"start":{"line":50,"column":2},"end":{"line":50,"column":78}},{"start":{"line":50,"column":2},"end":{"line":50,"column":78}}],"line":50},"6":{"loc":{"start":{"line":61,"column":2},"end":{"line":61,"column":64}},"type":"if","locations":[{"start":{"line":61,"column":2},"end":{"line":61,"column":64}},{"start":{"line":61,"column":2},"end":{"line":61,"column":64}}],"line":61}},"s":{"0":4,"1":1,"2":1,"3":1,"4":1,"5":0,"6":1,"7":1,"8":1,"9":0,"10":1,"11":4,"12":3,"13":3,"14":0,"15":3,"16":3,"17":3,"18":1,"19":2,"20":1,"21":1,"22":1,"23":4,"24":0,"25":0,"26":0,"27":0,"28":0,"29":0,"30":0,"31":0,"32":0,"33":0,"34":4,"35":0,"36":0},"f":{"0":1,"1":3,"2":0,"3":0},"b":{"0":[0,1],"1":[0,1],"2":[0,3],"3":[1,2],"4":[1,1],"5":[0,0],"6":[0,0]},"_coverageSchema":"1a1c01bbd47fc00a2c39e90264f33305004495a9","hash":"3d46c82ef3f8051c50bc49e22d6753d4882ed083"}
,"D:\\file\\monehindemo\\src\\helpers\\auth.js": {"path":"D:\\file\\monehindemo\\src\\helpers\\auth.js","statementMap":{"0":{"start":{"line":6,"column":0},"end":{"line":6,"column":9}},"1":{"start":{"line":7,"column":23},"end":{"line":7,"column":34}},"2":{"start":{"line":9,"column":31},"end":{"line":14,"column":3}},"3":{"start":{"line":10,"column":17},"end":{"line":10,"column":34}},"4":{"start":{"line":11,"column":17},"end":{"line":11,"column":44}},"5":{"start":{"line":12,"column":4},"end":{"line":12,"column":28}},"6":{"start":{"line":12,"column":15},"end":{"line":12,"column":28}},"7":{"start":{"line":13,"column":4},"end":{"line":13,"column":16}},"8":{"start":{"line":16,"column":33},"end":{"line":21,"column":3}},"9":{"start":{"line":17,"column":20},"end":{"line":17,"column":49}},"10":{"start":{"line":19,"column":4},"end":{"line":19,"column":31}},"11":{"start":{"line":19,"column":18},"end":{"line":19,"column":31}},"12":{"start":{"line":20,"column":4},"end":{"line":20,"column":19}},"13":{"start":{"line":23,"column":27},"end":{"line":46,"column":5}},"14":{"start":{"line":34,"column":26},"end":{"line":34,"column":70}},"15":{"start":{"line":35,"column":20},"end":{"line":44,"column":7}},"16":{"start":{"line":45,"column":6},"end":{"line":45,"column":19}},"17":{"start":{"line":48,"column":27},"end":{"line":51,"column":1}},"18":{"start":{"line":49,"column":18},"end":{"line":49,"column":39}},"19":{"start":{"line":50,"column":2},"end":{"line":50,"column":17}}},"fnMap":{"0":{"name":"(anonymous_0)","decl":{"start":{"line":9,"column":31},"end":{"line":9,"column":32}},"loc":{"start":{"line":9,"column":51},"end":{"line":14,"column":3}},"line":9},"1":{"name":"(anonymous_1)","decl":{"start":{"line":16,"column":33},"end":{"line":16,"column":34}},"loc":{"start":{"line":16,"column":57},"end":{"line":21,"column":3}},"line":16},"2":{"name":"(anonymous_2)","decl":{"start":{"line":23,"column":27},"end":{"line":23,"column":28}},"loc":{"start":{"line":33,"column":7},"end":{"line":46,"column":5}},"line":33},"3":{"name":"(anonymous_3)","decl":{"start":{"line":48,"column":27},"end":{"line":48,"column":28}},"loc":{"start":{"line":48,"column":56},"end":{"line":51,"column":1}},"line":48}},"branchMap":{"0":{"loc":{"start":{"line":12,"column":4},"end":{"line":12,"column":28}},"type":"if","locations":[{"start":{"line":12,"column":4},"end":{"line":12,"column":28}},{"start":{"line":12,"column":4},"end":{"line":12,"column":28}}],"line":12},"1":{"loc":{"start":{"line":19,"column":4},"end":{"line":19,"column":31}},"type":"if","locations":[{"start":{"line":19,"column":4},"end":{"line":19,"column":31}},{"start":{"line":19,"column":4},"end":{"line":19,"column":31}}],"line":19},"2":{"loc":{"start":{"line":30,"column":4},"end":{"line":30,"column":23}},"type":"default-arg","locations":[{"start":{"line":30,"column":13},"end":{"line":30,"column":23}}],"line":30},"3":{"loc":{"start":{"line":31,"column":4},"end":{"line":31,"column":19}},"type":"default-arg","locations":[{"start":{"line":31,"column":15},"end":{"line":31,"column":19}}],"line":31},"4":{"loc":{"start":{"line":34,"column":26},"end":{"line":34,"column":70}},"type":"cond-expr","locations":[{"start":{"line":34,"column":37},"end":{"line":34,"column":59}},{"start":{"line":34,"column":61},"end":{"line":34,"column":70}}],"line":34},"5":{"loc":{"start":{"line":48,"column":35},"end":{"line":48,"column":52}},"type":"default-arg","locations":[{"start":{"line":48,"column":42},"end":{"line":48,"column":52}}],"line":48}},"s":{"0":4,"1":4,"2":4,"3":1,"4":1,"5":1,"6":0,"7":1,"8":4,"9":2,"10":2,"11":1,"12":1,"13":4,"14":5,"15":5,"16":5,"17":4,"18":2,"19":2},"f":{"0":1,"1":2,"2":5,"3":2},"b":{"0":[0,1],"1":[1,1],"2":[5],"3":[5],"4":[0,5],"5":[2]},"_coverageSchema":"1a1c01bbd47fc00a2c39e90264f33305004495a9","hash":"d28652e12666b95daeed206a1ffcfefe4cecdff0"}
,"D:\\file\\monehindemo\\src\\middlewares\\async.js": {"path":"D:\\file\\monehindemo\\src\\middlewares\\async.js","statementMap":{"0":{"start":{"line":1,"column":21},"end":{"line":2,"column":51}},"1":{"start":{"line":1,"column":31},"end":{"line":2,"column":51}},"2":{"start":{"line":2,"column":2},"end":{"line":2,"column":51}}},"fnMap":{"0":{"name":"(anonymous_0)","decl":{"start":{"line":1,"column":21},"end":{"line":1,"column":22}},"loc":{"start":{"line":1,"column":31},"end":{"line":2,"column":51}},"line":1},"1":{"name":"(anonymous_1)","decl":{"start":{"line":1,"column":31},"end":{"line":1,"column":32}},"loc":{"start":{"line":2,"column":2},"end":{"line":2,"column":51}},"line":2}},"branchMap":{},"s":{"0":4,"1":64,"2":19},"f":{"0":64,"1":19},"b":{},"_coverageSchema":"1a1c01bbd47fc00a2c39e90264f33305004495a9","hash":"b4448249c1afc0f974710936d2c4c0016dbc1a46"}
,"D:\\file\\monehindemo\\src\\middlewares\\auth.js": {"path":"D:\\file\\monehindemo\\src\\middlewares\\auth.js","statementMap":{"0":{"start":{"line":4,"column":20},"end":{"line":10,"column":2}},"1":{"start":{"line":5,"column":4},"end":{"line":9,"column":23}},"2":{"start":{"line":6,"column":8},"end":{"line":6,"column":43}},"3":{"start":{"line":6,"column":25},"end":{"line":6,"column":43}},"4":{"start":{"line":7,"column":8},"end":{"line":7,"column":24}},"5":{"start":{"line":8,"column":8},"end":{"line":8,"column":22}},"6":{"start":{"line":13,"column":23},"end":{"line":18,"column":4}},"7":{"start":{"line":14,"column":21},"end":{"line":14,"column":24}},"8":{"start":{"line":15,"column":4},"end":{"line":16,"column":72}},"9":{"start":{"line":16,"column":6},"end":{"line":16,"column":72}},"10":{"start":{"line":17,"column":4},"end":{"line":17,"column":18}}},"fnMap":{"0":{"name":"(anonymous_0)","decl":{"start":{"line":4,"column":33},"end":{"line":4,"column":34}},"loc":{"start":{"line":4,"column":58},"end":{"line":10,"column":1}},"line":4},"1":{"name":"(anonymous_1)","decl":{"start":{"line":5,"column":50},"end":{"line":5,"column":51}},"loc":{"start":{"line":5,"column":70},"end":{"line":9,"column":5}},"line":5},"2":{"name":"(anonymous_2)","decl":{"start":{"line":13,"column":36},"end":{"line":13,"column":37}},"loc":{"start":{"line":13,"column":62},"end":{"line":18,"column":3}},"line":13}},"branchMap":{"0":{"loc":{"start":{"line":6,"column":8},"end":{"line":6,"column":43}},"type":"if","locations":[{"start":{"line":6,"column":8},"end":{"line":6,"column":43}},{"start":{"line":6,"column":8},"end":{"line":6,"column":43}}],"line":6},"1":{"loc":{"start":{"line":6,"column":11},"end":{"line":6,"column":23}},"type":"binary-expr","locations":[{"start":{"line":6,"column":11},"end":{"line":6,"column":14}},{"start":{"line":6,"column":18},"end":{"line":6,"column":23}}],"line":6},"2":{"loc":{"start":{"line":15,"column":4},"end":{"line":16,"column":72}},"type":"if","locations":[{"start":{"line":15,"column":4},"end":{"line":16,"column":72}},{"start":{"line":15,"column":4},"end":{"line":16,"column":72}}],"line":15}},"s":{"0":4,"1":5,"2":5,"3":0,"4":5,"5":5,"6":4,"7":1,"8":1,"9":0,"10":1},"f":{"0":5,"1":5,"2":1},"b":{"0":[0,5],"1":[5,5],"2":[0,1]},"_coverageSchema":"1a1c01bbd47fc00a2c39e90264f33305004495a9","hash":"eec22afec47fa4e9b9e73c289210aad171e427ee"}
,"D:\\file\\monehindemo\\src\\middlewares\\image.js": {"path":"D:\\file\\monehindemo\\src\\middlewares\\image.js","statementMap":{"0":{"start":{"line":5,"column":27},"end":{"line":14,"column":2}},"1":{"start":{"line":6,"column":4},"end":{"line":6,"column":33}},"2":{"start":{"line":6,"column":19},"end":{"line":6,"column":33}},"3":{"start":{"line":7,"column":27},"end":{"line":7,"column":42}},"4":{"start":{"line":8,"column":33},"end":{"line":8,"column":70}},"5":{"start":{"line":10,"column":4},"end":{"line":10,"column":20}},"6":{"start":{"line":11,"column":4},"end":{"line":11,"column":22}},"7":{"start":{"line":12,"column":4},"end":{"line":12,"column":18}},"8":{"start":{"line":16,"column":27},"end":{"line":24,"column":1}},"9":{"start":{"line":17,"column":4},"end":{"line":23,"column":5}},"10":{"start":{"line":18,"column":27},"end":{"line":18,"column":59}},"11":{"start":{"line":19,"column":8},"end":{"line":19,"column":79}},"12":{"start":{"line":19,"column":28},"end":{"line":19,"column":79}},"13":{"start":{"line":22,"column":8},"end":{"line":22,"column":71}}},"fnMap":{"0":{"name":"(anonymous_0)","decl":{"start":{"line":5,"column":40},"end":{"line":5,"column":41}},"loc":{"start":{"line":5,"column":64},"end":{"line":14,"column":1}},"line":5},"1":{"name":"(anonymous_1)","decl":{"start":{"line":16,"column":27},"end":{"line":16,"column":28}},"loc":{"start":{"line":16,"column":45},"end":{"line":24,"column":1}},"line":16}},"branchMap":{"0":{"loc":{"start":{"line":6,"column":4},"end":{"line":6,"column":33}},"type":"if","locations":[{"start":{"line":6,"column":4},"end":{"line":6,"column":33}},{"start":{"line":6,"column":4},"end":{"line":6,"column":33}}],"line":6},"1":{"loc":{"start":{"line":19,"column":8},"end":{"line":19,"column":79}},"type":"if","locations":[{"start":{"line":19,"column":8},"end":{"line":19,"column":79}},{"start":{"line":19,"column":8},"end":{"line":19,"column":79}}],"line":19}},"s":{"0":4,"1":1,"2":0,"3":1,"4":1,"5":1,"6":1,"7":1,"8":4,"9":0,"10":0,"11":0,"12":0,"13":0},"f":{"0":1,"1":0},"b":{"0":[0,1],"1":[0,0]},"_coverageSchema":"1a1c01bbd47fc00a2c39e90264f33305004495a9","hash":"84f8dabf71bc47e9dec95c443750f32dbdc7e72f"}
,"D:\\file\\monehindemo\\src\\models\\Blog.js": {"path":"D:\\file\\monehindemo\\src\\models\\Blog.js","statementMap":{"0":{"start":{"line":4,"column":19},"end":{"line":32,"column":1}}},"fnMap":{},"branchMap":{},"s":{"0":4},"f":{},"b":{},"_coverageSchema":"1a1c01bbd47fc00a2c39e90264f33305004495a9","hash":"95a520725b48ebcf851b750bb0949917e8dfb4cc"}
,"D:\\file\\monehindemo\\src\\models\\Comment.js": {"path":"D:\\file\\monehindemo\\src\\models\\Comment.js","statementMap":{"0":{"start":{"line":3,"column":22},"end":{"line":16,"column":1}}},"fnMap":{},"branchMap":{},"s":{"0":4},"f":{},"b":{},"_coverageSchema":"1a1c01bbd47fc00a2c39e90264f33305004495a9","hash":"418dbaf0597ae8aae83d2be8c8c81339152226fd"}
,"D:\\file\\monehindemo\\src\\models\\Query.js": {"path":"D:\\file\\monehindemo\\src\\models\\Query.js","statementMap":{"0":{"start":{"line":3,"column":20},"end":{"line":19,"column":1}}},"fnMap":{},"branchMap":{},"s":{"0":4},"f":{},"b":{},"_coverageSchema":"1a1c01bbd47fc00a2c39e90264f33305004495a9","hash":"67f865235af58f74fcd9985b6bd6a49a2a372871"}
,"D:\\file\\monehindemo\\src\\models\\User.js": {"path":"D:\\file\\monehindemo\\src\\models\\User.js","statementMap":{"0":{"start":{"line":3,"column":19},"end":{"line":29,"column":1}}},"fnMap":{},"branchMap":{},"s":{"0":4},"f":{},"b":{},"_coverageSchema":"1a1c01bbd47fc00a2c39e90264f33305004495a9","hash":"7932088694d078548e4c33cb9a90f4ddcf5c685c"}
,"D:\\file\\monehindemo\\src\\routes\\Blog.js": {"path":"D:\\file\\monehindemo\\src\\routes\\Blog.js","statementMap":{"0":{"start":{"line":6,"column":15},"end":{"line":6,"column":23}},"1":{"start":{"line":8,"column":0},"end":{"line":11,"column":42}},"2":{"start":{"line":13,"column":0},"end":{"line":17,"column":34}}},"fnMap":{},"branchMap":{},"s":{"0":4,"1":4,"2":4},"f":{},"b":{},"_coverageSchema":"1a1c01bbd47fc00a2c39e90264f33305004495a9","hash":"058f6e01dbaa741e41882a876a2e2df7fad7422b"}
,"D:\\file\\monehindemo\\src\\routes\\Comment.js": {"path":"D:\\file\\monehindemo\\src\\routes\\Comment.js","statementMap":{"0":{"start":{"line":5,"column":15},"end":{"line":5,"column":23}},"1":{"start":{"line":7,"column":0},"end":{"line":7,"column":53}},"2":{"start":{"line":8,"column":0},"end":{"line":8,"column":77}}},"fnMap":{},"branchMap":{},"s":{"0":4,"1":4,"2":4},"f":{},"b":{},"_coverageSchema":"1a1c01bbd47fc00a2c39e90264f33305004495a9","hash":"054e0ba12b9c0b10a35a627899d2451f8463b63d"}
,"D:\\file\\monehindemo\\src\\routes\\Query.js": {"path":"D:\\file\\monehindemo\\src\\routes\\Query.js","statementMap":{"0":{"start":{"line":5,"column":15},"end":{"line":5,"column":24}},"1":{"start":{"line":7,"column":0},"end":{"line":9,"column":24}}},"fnMap":{},"branchMap":{},"s":{"0":4,"1":4},"f":{},"b":{},"_coverageSchema":"1a1c01bbd47fc00a2c39e90264f33305004495a9","hash":"078237057ef54f40f8f8054064b8191edb42125a"}
,"D:\\file\\monehindemo\\src\\routes\\User.js": {"path":"D:\\file\\monehindemo\\src\\routes\\User.js","statementMap":{"0":{"start":{"line":6,"column":15},"end":{"line":6,"column":23}},"1":{"start":{"line":8,"column":0},"end":{"line":8,"column":36}},"2":{"start":{"line":9,"column":0},"end":{"line":9,"column":47}},"3":{"start":{"line":10,"column":0},"end":{"line":10,"column":34}},"4":{"start":{"line":11,"column":0},"end":{"line":11,"column":52}}},"fnMap":{},"branchMap":{},"s":{"0":4,"1":4,"2":4,"3":4,"4":4},"f":{},"b":{},"_coverageSchema":"1a1c01bbd47fc00a2c39e90264f33305004495a9","hash":"432174178e7846387acddddb03ca1fd8a6f219ad"}
,"D:\\file\\monehindemo\\src\\routes\\index.js": {"path":"D:\\file\\monehindemo\\src\\routes\\index.js","statementMap":{"0":{"start":{"line":8,"column":15},"end":{"line":8,"column":23}},"1":{"start":{"line":11,"column":0},"end":{"line":11,"column":32}},"2":{"start":{"line":12,"column":0},"end":{"line":12,"column":32}},"3":{"start":{"line":13,"column":0},"end":{"line":13,"column":38}},"4":{"start":{"line":14,"column":0},"end":{"line":14,"column":34}}},"fnMap":{},"branchMap":{},"s":{"0":4,"1":4,"2":4,"3":4,"4":4},"f":{},"b":{},"_coverageSchema":"1a1c01bbd47fc00a2c39e90264f33305004495a9","hash":"76a52b32033643572a516689f2e84405092516b6"}
,"D:\\file\\monehindemo\\src\\utils\\index.js": {"path":"D:\\file\\monehindemo\\src\\utils\\index.js","statementMap":{"0":{"start":{"line":3,"column":6},"end":{"line":7,"column":9}},"1":{"start":{"line":16,"column":6},"end":{"line":20,"column":9}}},"fnMap":{"0":{"name":"(anonymous_0)","decl":{"start":{"line":2,"column":4},"end":{"line":2,"column":5}},"loc":{"start":{"line":2,"column":74},"end":{"line":8,"column":5}},"line":2},"1":{"name":"(anonymous_1)","decl":{"start":{"line":10,"column":4},"end":{"line":10,"column":5}},"loc":{"start":{"line":15,"column":6},"end":{"line":21,"column":5}},"line":15}},"branchMap":{"0":{"loc":{"start":{"line":2,"column":24},"end":{"line":2,"column":36}},"type":"default-arg","locations":[{"start":{"line":2,"column":33},"end":{"line":2,"column":36}}],"line":2},"1":{"loc":{"start":{"line":2,"column":38},"end":{"line":2,"column":47}},"type":"default-arg","locations":[{"start":{"line":2,"column":45},"end":{"line":2,"column":47}}],"line":2},"2":{"loc":{"start":{"line":2,"column":49},"end":{"line":2,"column":72}},"type":"default-arg","locations":[{"start":{"line":2,"column":59},"end":{"line":2,"column":72}}],"line":2},"3":{"loc":{"start":{"line":12,"column":6},"end":{"line":12,"column":18}},"type":"default-arg","locations":[{"start":{"line":12,"column":15},"end":{"line":12,"column":18}}],"line":12},"4":{"loc":{"start":{"line":13,"column":6},"end":{"line":13,"column":39}},"type":"default-arg","locations":[{"start":{"line":13,"column":16},"end":{"line":13,"column":39}}],"line":13},"5":{"loc":{"start":{"line":14,"column":6},"end":{"line":14,"column":16}},"type":"default-arg","locations":[{"start":{"line":14,"column":14},"end":{"line":14,"column":16}}],"line":14}},"s":{"0":10,"1":2},"f":{"0":10,"1":2},"b":{"0":[0],"1":[0],"2":[2],"3":[0],"4":[0],"5":[2]},"_coverageSchema":"1a1c01bbd47fc00a2c39e90264f33305004495a9","hash":"595c93c97a0f4ae1f87408a4da2af17c2bfbf2cf"}
,"D:\\file\\monehindemo\\src\\validation\\blog.js": {"path":"D:\\file\\monehindemo\\src\\validation\\blog.js","statementMap":{"0":{"start":{"line":3,"column":28},"end":{"line":14,"column":2}},"1":{"start":{"line":16,"column":28},"end":{"line":26,"column":2}}},"fnMap":{},"branchMap":{},"s":{"0":4,"1":4},"f":{},"b":{},"_coverageSchema":"1a1c01bbd47fc00a2c39e90264f33305004495a9","hash":"df045b75db930564f87bd1483eb6f5abe34ff9fb"}
,"D:\\file\\monehindemo\\src\\validation\\comment.js": {"path":"D:\\file\\monehindemo\\src\\validation\\comment.js","statementMap":{"0":{"start":{"line":3,"column":21},"end":{"line":6,"column":2}}},"fnMap":{},"branchMap":{},"s":{"0":4},"f":{},"b":{},"_coverageSchema":"1a1c01bbd47fc00a2c39e90264f33305004495a9","hash":"aac72b4bcd1eef0e007a911219e9d0096061ae4f"}
,"D:\\file\\monehindemo\\src\\validation\\index.js": {"path":"D:\\file\\monehindemo\\src\\validation\\index.js","statementMap":{"0":{"start":{"line":8,"column":20},"end":{"line":8,"column":42}},"1":{"start":{"line":9,"column":2},"end":{"line":9,"column":26}},"2":{"start":{"line":9,"column":13},"end":{"line":9,"column":26}},"3":{"start":{"line":10,"column":2},"end":{"line":10,"column":15}}},"fnMap":{"0":{"name":"validate","decl":{"start":{"line":7,"column":9},"end":{"line":7,"column":17}},"loc":{"start":{"line":7,"column":33},"end":{"line":11,"column":1}},"line":7}},"branchMap":{"0":{"loc":{"start":{"line":9,"column":2},"end":{"line":9,"column":26}},"type":"if","locations":[{"start":{"line":9,"column":2},"end":{"line":9,"column":26}},{"start":{"line":9,"column":2},"end":{"line":9,"column":26}}],"line":9}},"s":{"0":8,"1":8,"2":0,"3":8},"f":{"0":8},"b":{"0":[0,8]},"_coverageSchema":"1a1c01bbd47fc00a2c39e90264f33305004495a9","hash":"7272d79269d4fd0b218b51e933b0a9c123d71a42"}
,"D:\\file\\monehindemo\\src\\validation\\query.js": {"path":"D:\\file\\monehindemo\\src\\validation\\query.js","statementMap":{"0":{"start":{"line":3,"column":21},"end":{"line":14,"column":2}}},"fnMap":{},"branchMap":{},"s":{"0":4},"f":{},"b":{},"_coverageSchema":"1a1c01bbd47fc00a2c39e90264f33305004495a9","hash":"f3f04005915e70973b079c4341efdb87ed511863"}
,"D:\\file\\monehindemo\\src\\validation\\user.js": {"path":"D:\\file\\monehindemo\\src\\validation\\user.js","statementMap":{"0":{"start":{"line":3,"column":28},"end":{"line":26,"column":2}},"1":{"start":{"line":28,"column":28},"end":{"line":50,"column":2}},"2":{"start":{"line":52,"column":27},"end":{"line":66,"column":2}}},"fnMap":{},"branchMap":{},"s":{"0":4,"1":4,"2":4},"f":{},"b":{},"_coverageSchema":"1a1c01bbd47fc00a2c39e90264f33305004495a9","hash":"fa5fa91801ace0f1995d56fbe4f80a66f96004fd"}
}
