TN:
SF:config\config.js
FNF:0
FNH:0
DA:1,3
DA:3,3
DA:5,3
DA:17,3
DA:28,3
DA:32,3
LF:6
LH:6
BRDA:3,0,0,3
BRDA:3,0,1,0
BRF:2
BRH:1
end_of_record
TN:
SF:src\app.js
FN:20,(anonymous_0)
FNF:1
FNH:0
FNDA:0,(anonymous_0)
DA:9,3
DA:11,3
DA:12,3
DA:13,3
DA:14,3
DA:15,3
DA:16,3
DA:17,3
DA:20,3
DA:21,0
LF:10
LH:9
BRF:0
BRH:0
end_of_record
TN:
SF:src\config\cloudinary.js
FNF:0
FNH:0
DA:4,3
DA:6,3
LF:2
LH:2
BRF:0
BRH:0
end_of_record
TN:
SF:src\config\database.js
FN:6,(anonymous_0)
FNF:1
FNH:1
FNDA:3,(anonymous_0)
DA:5,3
DA:6,3
DA:7,3
DA:9,3
DA:18,3
DA:22,0
LF:6
LH:5
BRF:0
BRH:0
end_of_record
TN:
SF:src\config\passport.js
FN:11,(anonymous_0)
FNF:1
FNH:0
FNDA:0,(anonymous_0)
DA:4,3
DA:6,3
DA:11,3
DA:12,0
LF:4
LH:3
BRDA:12,0,0,0
BRDA:12,0,1,0
BRF:2
BRH:0
end_of_record
TN:
SF:src\controllers\Blog.js
FN:11,(anonymous_0)
FN:23,(anonymous_1)
FN:46,(anonymous_2)
FN:63,(anonymous_3)
FN:87,(anonymous_4)
FN:102,(anonymous_5)
FN:139,(anonymous_6)
FN:154,(anonymous_7)
FNF:8
FNH:2
FNDA:1,(anonymous_0)
FNDA:1,(anonymous_1)
FNDA:0,(anonymous_2)
FNDA:0,(anonymous_3)
FNDA:0,(anonymous_4)
FNDA:0,(anonymous_5)
FNDA:0,(anonymous_6)
FNDA:0,(anonymous_7)
DA:11,3
DA:12,1
DA:13,1
DA:15,1
DA:23,3
DA:24,1
DA:25,1
DA:26,0
DA:31,1
DA:34,1
DA:36,1
DA:46,3
DA:50,0
DA:51,0
DA:53,0
DA:54,0
DA:57,0
DA:58,0
DA:60,0
DA:63,3
DA:64,0
DA:66,0
DA:67,0
DA:70,0
DA:79,0
DA:84,0
DA:87,3
DA:88,0
DA:90,0
DA:92,0
DA:95,0
DA:97,0
DA:98,0
DA:102,3
DA:103,0
DA:106,0
DA:108,0
DA:109,0
DA:111,0
DA:113,0
DA:114,0
DA:116,0
DA:118,0
DA:120,0
DA:121,0
DA:123,0
DA:125,0
DA:126,0
DA:128,0
DA:131,0
DA:139,3
DA:140,0
DA:141,0
DA:142,0
DA:148,0
DA:149,0
DA:151,0
DA:152,0
DA:154,0
DA:155,0
DA:157,0
DA:158,0
DA:160,0
LF:63
LH:15
BRDA:13,0,0,0
BRDA:13,0,1,1
BRDA:25,1,0,0
BRDA:25,1,1,1
BRDA:34,2,0,0
BRDA:34,2,1,1
BRDA:54,3,0,0
BRDA:54,3,1,0
BRDA:58,4,0,0
BRDA:58,4,1,0
BRDA:67,5,0,0
BRDA:67,5,1,0
BRDA:79,6,0,0
BRDA:79,6,1,0
BRDA:92,7,0,0
BRDA:92,7,1,0
BRDA:95,8,0,0
BRDA:95,8,1,0
BRDA:108,9,0,0
BRDA:108,9,1,0
BRDA:114,10,0,0
BRDA:114,10,1,0
BRDA:118,11,0,0
BRDA:118,11,1,0
BRDA:141,12,0,0
BRDA:141,12,1,0
BRDA:141,13,0,0
BRDA:141,13,1,0
BRDA:149,14,0,0
BRDA:149,14,1,0
BRDA:151,15,0,0
BRDA:151,15,1,0
BRF:32
BRH:3
end_of_record
TN:
SF:src\controllers\Query.js
FN:7,(anonymous_0)
FN:14,(anonymous_1)
FNF:2
FNH:1
FNDA:0,(anonymous_0)
FNDA:1,(anonymous_1)
DA:7,3
DA:8,0
DA:9,0
DA:14,3
DA:15,1
DA:16,1
DA:18,1
DA:19,1
LF:8
LH:6
BRDA:16,0,0,0
BRDA:16,0,1,1
BRF:2
BRH:1
end_of_record
TN:
SF:src\controllers\User.js
FN:8,(anonymous_0)
FN:31,(anonymous_1)
FN:48,(anonymous_2)
FN:67,(anonymous_3)
FNF:4
FNH:2
FNDA:1,(anonymous_0)
FNDA:3,(anonymous_1)
FNDA:0,(anonymous_2)
FNDA:0,(anonymous_3)
DA:8,3
DA:10,1
DA:11,1
DA:13,1
DA:14,1
DA:15,0
DA:22,1
DA:23,1
DA:24,1
DA:26,1
DA:31,3
DA:33,3
DA:34,3
DA:35,0
DA:37,3
DA:38,3
DA:39,3
DA:40,2
DA:41,1
DA:43,1
DA:44,1
DA:48,3
DA:49,0
DA:50,0
DA:52,0
DA:53,0
DA:54,0
DA:55,0
DA:61,0
DA:63,0
DA:67,3
DA:69,0
DA:70,0
LF:33
LH:21
BRDA:14,0,0,0
BRDA:14,0,1,1
BRDA:24,1,0,0
BRDA:24,1,1,1
BRDA:34,2,0,0
BRDA:34,2,1,3
BRDA:39,3,0,1
BRDA:39,3,1,2
BRDA:40,4,0,1
BRDA:40,4,1,1
BRDA:50,5,0,0
BRDA:50,5,1,0
BRDA:61,6,0,0
BRDA:61,6,1,0
BRF:14
BRH:7
end_of_record
TN:
SF:src\helpers\auth.js
FN:9,(anonymous_0)
FN:16,(anonymous_1)
FN:23,(anonymous_2)
FN:48,(anonymous_3)
FNF:4
FNH:4
FNDA:1,(anonymous_0)
FNDA:2,(anonymous_1)
FNDA:3,(anonymous_2)
FNDA:2,(anonymous_3)
DA:6,3
DA:7,3
DA:9,3
DA:10,1
DA:11,1
DA:12,1
DA:13,1
DA:16,3
DA:17,2
DA:19,2
DA:20,1
DA:23,3
DA:34,3
DA:35,3
DA:45,3
DA:48,3
DA:49,2
DA:50,2
LF:18
LH:18
BRDA:12,0,0,0
BRDA:12,0,1,1
BRDA:19,1,0,1
BRDA:19,1,1,1
BRDA:30,2,0,3
BRDA:31,3,0,3
BRDA:34,4,0,0
BRDA:34,4,1,3
BRDA:48,5,0,2
BRF:9
BRH:7
end_of_record
TN:
SF:src\middlewares\async.js
FN:1,(anonymous_0)
FN:1,(anonymous_1)
FNF:2
FNH:2
FNDA:48,(anonymous_0)
FNDA:7,(anonymous_1)
DA:1,48
DA:2,7
LF:2
LH:2
BRF:0
BRH:0
end_of_record
TN:
SF:src\middlewares\auth.js
FN:4,(anonymous_0)
FN:5,(anonymous_1)
FN:13,(anonymous_2)
FNF:3
FNH:0
FNDA:0,(anonymous_0)
FNDA:0,(anonymous_1)
FNDA:0,(anonymous_2)
DA:4,3
DA:5,0
DA:6,0
DA:7,0
DA:8,0
DA:13,3
DA:14,0
DA:15,0
DA:16,0
DA:17,0
LF:10
LH:2
BRDA:6,0,0,0
BRDA:6,0,1,0
BRDA:6,1,0,0
BRDA:6,1,1,0
BRDA:15,2,0,0
BRDA:15,2,1,0
BRF:6
BRH:0
end_of_record
TN:
SF:src\middlewares\image.js
FN:5,(anonymous_0)
FN:16,(anonymous_1)
FNF:2
FNH:0
FNDA:0,(anonymous_0)
FNDA:0,(anonymous_1)
DA:5,3
DA:6,0
DA:7,0
DA:8,0
DA:10,0
DA:11,0
DA:12,0
DA:16,3
DA:17,0
DA:18,0
DA:19,0
DA:22,0
LF:12
LH:2
BRDA:6,0,0,0
BRDA:6,0,1,0
BRDA:19,1,0,0
BRDA:19,1,1,0
BRF:4
BRH:0
end_of_record
TN:
SF:src\models\Blog.js
FNF:0
FNH:0
DA:4,3
LF:1
LH:1
BRF:0
BRH:0
end_of_record
TN:
SF:src\models\Comment.js
FNF:0
FNH:0
DA:3,3
LF:1
LH:1
BRF:0
BRH:0
end_of_record
TN:
SF:src\models\Query.js
FNF:0
FNH:0
DA:3,3
LF:1
LH:1
BRF:0
BRH:0
end_of_record
TN:
SF:src\models\User.js
FNF:0
FNH:0
DA:3,3
LF:1
LH:1
BRF:0
BRH:0
end_of_record
TN:
SF:src\routes\Blog.js
FNF:0
FNH:0
DA:6,3
DA:8,3
DA:13,3
LF:3
LH:3
BRF:0
BRH:0
end_of_record
TN:
SF:src\routes\Comment.js
FNF:0
FNH:0
DA:5,3
DA:7,3
DA:8,3
LF:3
LH:3
BRF:0
BRH:0
end_of_record
TN:
SF:src\routes\Query.js
FNF:0
FNH:0
DA:5,3
DA:7,3
LF:2
LH:2
BRF:0
BRH:0
end_of_record
TN:
SF:src\routes\User.js
FNF:0
FNH:0
DA:6,3
DA:8,3
DA:9,3
DA:10,3
DA:11,3
LF:5
LH:5
BRF:0
BRH:0
end_of_record
TN:
SF:src\routes\index.js
FNF:0
FNH:0
DA:8,3
DA:11,3
DA:12,3
DA:13,3
DA:14,3
LF:5
LH:5
BRF:0
BRH:0
end_of_record
TN:
SF:src\utils\index.js
FN:2,(anonymous_0)
FN:10,(anonymous_1)
FNF:2
FNH:2
FNDA:5,(anonymous_0)
FNDA:2,(anonymous_1)
DA:3,5
DA:16,2
LF:2
LH:2
BRDA:2,0,0,0
BRDA:2,1,0,0
BRDA:2,2,0,2
BRDA:12,3,0,0
BRDA:13,4,0,0
BRDA:14,5,0,2
BRF:6
BRH:2
end_of_record
TN:
SF:src\validation\blog.js
FNF:0
FNH:0
DA:3,3
DA:16,3
LF:2
LH:2
BRF:0
BRH:0
end_of_record
TN:
SF:src\validation\comment.js
FNF:0
FNH:0
DA:3,3
LF:1
LH:1
BRF:0
BRH:0
end_of_record
TN:
SF:src\validation\index.js
FN:7,validate
FNF:1
FNH:1
FNDA:5,validate
DA:8,5
DA:9,5
DA:10,5
LF:3
LH:3
BRDA:9,0,0,0
BRDA:9,0,1,5
BRF:2
BRH:1
end_of_record
TN:
SF:src\validation\query.js
FNF:0
FNH:0
DA:3,3
LF:1
LH:1
BRF:0
BRH:0
end_of_record
TN:
SF:src\validation\user.js
FNF:0
FNH:0
DA:3,3
DA:28,3
DA:52,3
LF:3
LH:3
BRF:0
BRH:0
end_of_record
