TN:
SF:build\app.js
FN:3,_typeof
FN:3,_typeof
FN:3,_typeof
FN:24,_interopRequireDefault
FN:26,_getRequireWildcardCache
FN:26,_getRequireWildcardCache
FN:28,_interopRequireWildcard
FN:44,(anonymous_7)
FNF:8
FNH:5
FNDA:3,_typeof
FNDA:3,_typeof
FNDA:0,_typeof
FNDA:12,_interopRequireDefault
FNDA:3,_getRequireWildcardCache
FNDA:0,_getRequireWildcardCache
FNDA:3,_interopRequireWildcard
FNDA:0,(anonymous_7)
DA:3,3
DA:5,3
DA:8,3
DA:10,3
DA:12,3
DA:14,3
DA:16,3
DA:18,3
DA:20,3
DA:22,3
DA:24,12
DA:26,3
DA:28,33
DA:30,3
DA:31,3
DA:32,3
DA:33,3
DA:36,3
DA:39,3
DA:40,3
DA:42,3
DA:44,3
DA:45,0
DA:47,3
DA:48,3
LF:25
LH:24
BRDA:3,0,0,3
BRDA:3,0,1,0
BRDA:3,1,0,3
BRDA:3,1,1,3
BRDA:3,2,0,0
BRDA:3,2,1,0
BRDA:3,3,0,0
BRDA:3,3,1,0
BRDA:3,3,2,0
BRDA:3,3,3,0
BRDA:24,4,0,6
BRDA:24,4,1,6
BRDA:24,5,0,12
BRDA:24,5,1,12
BRDA:26,6,0,0
BRDA:26,6,1,3
BRDA:28,7,0,0
BRDA:28,7,1,3
BRDA:28,8,0,3
BRDA:28,8,1,3
BRDA:28,9,0,0
BRDA:28,9,1,3
BRDA:28,10,0,3
BRDA:28,10,1,3
BRDA:28,10,2,3
BRDA:28,11,0,0
BRDA:28,11,1,3
BRDA:28,12,0,3
BRDA:28,12,1,3
BRDA:28,13,0,3
BRDA:28,13,1,3
BRDA:28,14,0,33
BRDA:28,14,1,0
BRDA:28,15,0,33
BRDA:28,15,1,0
BRDA:28,16,0,0
BRDA:28,16,1,33
BRDA:28,17,0,33
BRDA:28,17,1,33
BRDA:28,17,2,33
BRDA:28,18,0,3
BRDA:28,18,1,0
BRF:42
BRH:27
end_of_record
TN:
SF:build\config\cloudinary.js
FNF:0
FNH:0
DA:3,3
DA:6,3
DA:8,3
DA:10,3
DA:12,3
DA:14,3
DA:16,3
DA:17,3
LF:8
LH:8
BRF:0
BRH:0
end_of_record
TN:
SF:build\config\database.js
FN:12,_interopRequireDefault
FN:14,asyncGeneratorStep
FN:16,_asyncToGenerator
FN:16,(anonymous_3)
FN:16,(anonymous_4)
FN:16,_next
FN:16,_throw
FN:20,(anonymous_7)
FN:21,_callee
FN:23,_callee$
FN:54,connectDB
FNF:11
FNH:10
FNDA:3,_interopRequireDefault
FNDA:6,asyncGeneratorStep
FNDA:3,_asyncToGenerator
FNDA:3,(anonymous_3)
FNDA:3,(anonymous_4)
FNDA:6,_next
FNDA:0,_throw
FNDA:3,(anonymous_7)
FNDA:3,_callee
FNDA:6,_callee$
FNDA:3,connectDB
DA:3,3
DA:6,3
DA:8,3
DA:10,3
DA:12,3
DA:14,6
DA:16,6
DA:18,3
DA:20,3
DA:21,3
DA:23,3
DA:24,6
DA:25,9
DA:27,3
DA:28,3
DA:29,3
DA:36,3
DA:37,3
DA:38,3
DA:39,3
DA:42,0
DA:43,0
DA:44,0
DA:48,3
DA:54,3
DA:55,3
DA:59,3
DA:60,3
LF:28
LH:25
BRDA:12,0,0,0
BRDA:12,0,1,3
BRDA:12,1,0,3
BRDA:12,1,1,3
BRDA:14,2,0,3
BRDA:14,2,1,3
BRDA:25,3,0,3
BRDA:25,3,1,3
BRDA:25,3,2,0
BRDA:25,3,3,3
BRDA:25,3,4,3
BRF:11
BRH:9
end_of_record
TN:
SF:build\config\passport.js
FN:17,(anonymous_0)
FNF:1
FNH:0
FNDA:0,(anonymous_0)
DA:3,3
DA:6,3
DA:8,3
DA:10,3
DA:12,3
DA:13,3
DA:17,3
DA:18,0
DA:22,3
LF:9
LH:8
BRDA:18,0,0,0
BRDA:18,0,1,0
BRF:2
BRH:0
end_of_record
TN:
SF:build\controllers\Blog.js
FN:18,_interopRequireDefault
FN:20,ownKeys
FN:20,(anonymous_2)
FN:22,_objectSpread
FN:22,(anonymous_4)
FN:22,(anonymous_5)
FN:24,_defineProperty
FN:26,asyncGeneratorStep
FN:28,_asyncToGenerator
FN:28,(anonymous_9)
FN:28,(anonymous_10)
FN:28,_next
FN:28,_throw
FN:30,(anonymous_13)
FN:31,_callee
FN:33,_callee$
FN:64,(anonymous_16)
FN:69,(anonymous_17)
FN:70,_callee2
FN:73,_callee2$
FN:112,(anonymous_20)
FN:117,(anonymous_21)
FN:118,_callee3
FN:121,_callee3$
FN:165,(anonymous_24)
FN:170,(anonymous_25)
FN:171,_callee4
FN:174,_callee4$
FN:217,(anonymous_28)
FN:222,(anonymous_29)
FN:223,_callee5
FN:225,_callee5$
FN:269,(anonymous_32)
FN:274,(anonymous_33)
FN:275,_callee6
FN:278,_callee6$
FN:346,(anonymous_36)
FN:351,(anonymous_37)
FN:352,_callee7
FN:355,_callee7$
FN:391,(anonymous_40)
FN:416,(anonymous_41)
FNF:42
FNH:23
FNDA:12,_interopRequireDefault
FNDA:1,ownKeys
FNDA:0,(anonymous_2)
FNDA:1,_objectSpread
FNDA:8,(anonymous_4)
FNDA:0,(anonymous_5)
FNDA:8,_defineProperty
FNDA:4,asyncGeneratorStep
FNDA:21,_asyncToGenerator
FNDA:2,(anonymous_9)
FNDA:2,(anonymous_10)
FNDA:4,_next
FNDA:0,_throw
FNDA:3,(anonymous_13)
FNDA:1,_callee
FNDA:3,_callee$
FNDA:1,(anonymous_16)
FNDA:3,(anonymous_17)
FNDA:1,_callee2
FNDA:3,_callee2$
FNDA:1,(anonymous_20)
FNDA:3,(anonymous_21)
FNDA:0,_callee3
FNDA:0,_callee3$
FNDA:0,(anonymous_24)
FNDA:3,(anonymous_25)
FNDA:0,_callee4
FNDA:0,_callee4$
FNDA:0,(anonymous_28)
FNDA:3,(anonymous_29)
FNDA:0,_callee5
FNDA:0,_callee5$
FNDA:0,(anonymous_32)
FNDA:3,(anonymous_33)
FNDA:0,_callee6
FNDA:0,_callee6$
FNDA:0,(anonymous_36)
FNDA:3,(anonymous_37)
FNDA:0,_callee7
FNDA:0,_callee7$
FNDA:0,(anonymous_40)
FNDA:0,(anonymous_41)
DA:3,3
DA:6,3
DA:8,3
DA:10,3
DA:12,3
DA:14,3
DA:16,3
DA:18,12
DA:20,1
DA:22,8
DA:24,8
DA:26,4
DA:28,21
DA:30,3
DA:31,3
DA:33,1
DA:34,3
DA:35,4
DA:37,1
DA:38,1
DA:41,1
DA:43,1
DA:44,1
DA:45,1
DA:48,0
DA:51,1
DA:58,1
DA:64,3
DA:65,1
DA:68,3
DA:69,3
DA:70,3
DA:73,1
DA:74,3
DA:75,5
DA:77,1
DA:79,1
DA:80,1
DA:81,1
DA:84,0
DA:87,1
DA:88,1
DA:91,1
DA:92,1
DA:94,1
DA:95,1
DA:96,1
DA:99,0
DA:102,1
DA:106,1
DA:112,3
DA:113,1
DA:116,3
DA:117,3
DA:118,3
DA:121,0
DA:122,0
DA:123,0
DA:125,0
DA:126,0
DA:130,0
DA:132,0
DA:133,0
DA:134,0
DA:137,0
DA:140,0
DA:141,0
DA:144,0
DA:145,0
DA:147,0
DA:148,0
DA:149,0
DA:152,0
DA:155,0
DA:159,0
DA:165,3
DA:166,0
DA:169,3
DA:170,3
DA:171,3
DA:174,0
DA:175,0
DA:176,0
DA:178,0
DA:179,0
DA:181,0
DA:182,0
DA:183,0
DA:186,0
DA:189,0
DA:190,0
DA:197,0
DA:199,0
DA:200,0
DA:201,0
DA:204,0
DA:207,0
DA:211,0
DA:217,3
DA:218,0
DA:221,3
DA:222,3
DA:223,3
DA:225,0
DA:226,0
DA:227,0
DA:229,0
DA:230,0
DA:231,0
DA:236,0
DA:238,0
DA:239,0
DA:240,0
DA:243,0
DA:246,0
DA:247,0
DA:248,0
DA:251,0
DA:252,0
DA:255,0
DA:256,0
DA:259,0
DA:263,0
DA:269,3
DA:270,0
DA:273,3
DA:274,3
DA:275,3
DA:278,0
DA:279,0
DA:280,0
DA:282,0
DA:283,0
DA:285,0
DA:286,0
DA:287,0
DA:290,0
DA:293,0
DA:296,0
DA:298,0
DA:299,0
DA:300,0
DA:303,0
DA:306,0
DA:307,0
DA:310,0
DA:312,0
DA:313,0
DA:314,0
DA:317,0
DA:320,0
DA:321,0
DA:324,0
DA:325,0
DA:326,0
DA:327,0
DA:330,0
DA:331,0
DA:332,0
DA:333,0
DA:336,0
DA:340,0
DA:346,3
DA:347,0
DA:350,3
DA:351,3
DA:352,3
DA:355,0
DA:356,0
DA:357,0
DA:359,0
DA:361,0
DA:362,0
DA:363,0
DA:366,0
DA:369,0
DA:370,0
DA:373,0
DA:375,0
DA:376,0
DA:377,0
DA:380,0
DA:383,0
DA:384,0
DA:385,0
DA:388,0
DA:391,0
DA:392,0
DA:394,0
DA:395,0
DA:396,0
DA:399,0
DA:400,0
DA:403,0
DA:410,0
DA:416,3
DA:417,0
DA:420,3
LF:198
LH:70
BRDA:18,0,0,12
BRDA:18,0,1,0
BRDA:18,1,0,12
BRDA:18,1,1,12
BRDA:20,2,0,1
BRDA:20,2,1,0
BRDA:20,3,0,1
BRDA:20,3,1,0
BRDA:22,4,0,1
BRDA:22,4,1,0
BRDA:22,5,0,1
BRDA:22,5,1,0
BRDA:22,6,0,0
BRDA:22,6,1,0
BRDA:24,7,0,0
BRDA:24,7,1,8
BRDA:26,8,0,2
BRDA:26,8,1,2
BRDA:35,9,0,1
BRDA:35,9,1,1
BRDA:35,9,2,1
BRDA:35,9,3,0
BRDA:35,9,4,1
BRDA:43,10,0,1
BRDA:43,10,1,0
BRDA:75,11,0,1
BRDA:75,11,1,1
BRDA:75,11,2,1
BRDA:75,11,3,1
BRDA:75,11,4,0
BRDA:75,11,5,1
BRDA:79,12,0,1
BRDA:79,12,1,0
BRDA:94,13,0,1
BRDA:94,13,1,0
BRDA:123,14,0,0
BRDA:123,14,1,0
BRDA:123,14,2,0
BRDA:123,14,3,0
BRDA:123,14,4,0
BRDA:123,14,5,0
BRDA:132,15,0,0
BRDA:132,15,1,0
BRDA:147,16,0,0
BRDA:147,16,1,0
BRDA:176,17,0,0
BRDA:176,17,1,0
BRDA:176,17,2,0
BRDA:176,17,3,0
BRDA:176,17,4,0
BRDA:176,17,5,0
BRDA:181,18,0,0
BRDA:181,18,1,0
BRDA:199,19,0,0
BRDA:199,19,1,0
BRDA:227,20,0,0
BRDA:227,20,1,0
BRDA:227,20,2,0
BRDA:227,20,3,0
BRDA:227,20,4,0
BRDA:227,20,5,0
BRDA:227,20,6,0
BRDA:238,21,0,0
BRDA:238,21,1,0
BRDA:246,22,0,0
BRDA:246,22,1,0
BRDA:280,23,0,0
BRDA:280,23,1,0
BRDA:280,23,2,0
BRDA:280,23,3,0
BRDA:280,23,4,0
BRDA:280,23,5,0
BRDA:280,23,6,0
BRDA:280,23,7,0
BRDA:280,23,8,0
BRDA:280,23,9,0
BRDA:285,24,0,0
BRDA:285,24,1,0
BRDA:298,25,0,0
BRDA:298,25,1,0
BRDA:312,26,0,0
BRDA:312,26,1,0
BRDA:357,27,0,0
BRDA:357,27,1,0
BRDA:357,27,2,0
BRDA:357,27,3,0
BRDA:357,27,4,0
BRDA:357,27,5,0
BRDA:357,27,6,0
BRDA:357,27,7,0
BRDA:357,27,8,0
BRDA:361,28,0,0
BRDA:361,28,1,0
BRDA:361,29,0,0
BRDA:361,29,1,0
BRDA:375,30,0,0
BRDA:375,30,1,0
BRDA:383,31,0,0
BRDA:383,31,1,0
BRF:99
BRH:22
end_of_record
TN:
SF:build\controllers\Query.js
FN:16,_interopRequireDefault
FN:18,asyncGeneratorStep
FN:20,_asyncToGenerator
FN:20,(anonymous_3)
FN:20,(anonymous_4)
FN:20,_next
FN:20,_throw
FN:22,(anonymous_7)
FN:23,_callee
FN:25,_callee$
FN:48,(anonymous_10)
FN:53,(anonymous_11)
FN:54,_callee2
FN:57,_callee2$
FN:86,(anonymous_14)
FNF:15
FNH:11
FNDA:9,_interopRequireDefault
FNDA:2,asyncGeneratorStep
FNDA:6,_asyncToGenerator
FNDA:1,(anonymous_3)
FNDA:1,(anonymous_4)
FNDA:2,_next
FNDA:0,_throw
FNDA:3,(anonymous_7)
FNDA:0,_callee
FNDA:0,_callee$
FNDA:0,(anonymous_10)
FNDA:3,(anonymous_11)
FNDA:1,_callee2
FNDA:3,_callee2$
FNDA:1,(anonymous_14)
DA:3,3
DA:6,3
DA:8,3
DA:10,3
DA:12,3
DA:14,3
DA:16,9
DA:18,2
DA:20,6
DA:22,3
DA:23,3
DA:25,0
DA:26,0
DA:27,0
DA:29,0
DA:30,0
DA:33,0
DA:35,0
DA:42,0
DA:48,3
DA:49,0
DA:52,3
DA:53,3
DA:54,3
DA:57,1
DA:58,3
DA:59,4
DA:61,1
DA:63,1
DA:64,1
DA:65,1
DA:68,0
DA:71,1
DA:72,1
DA:75,1
DA:76,1
DA:80,1
DA:86,3
DA:87,1
DA:90,3
LF:40
LH:30
BRDA:16,0,0,9
BRDA:16,0,1,0
BRDA:16,1,0,9
BRDA:16,1,1,9
BRDA:18,2,0,1
BRDA:18,2,1,1
BRDA:27,3,0,0
BRDA:27,3,1,0
BRDA:27,3,2,0
BRDA:27,3,3,0
BRDA:59,4,0,1
BRDA:59,4,1,1
BRDA:59,4,2,1
BRDA:59,4,3,0
BRDA:59,4,4,1
BRDA:63,5,0,1
BRDA:63,5,1,0
BRF:17
BRH:10
end_of_record
TN:
SF:build\controllers\User.js
FN:18,_interopRequireDefault
FN:20,ownKeys
FN:20,(anonymous_2)
FN:22,_objectSpread
FN:22,(anonymous_4)
FN:22,(anonymous_5)
FN:24,_defineProperty
FN:26,asyncGeneratorStep
FN:28,_asyncToGenerator
FN:28,(anonymous_9)
FN:28,(anonymous_10)
FN:28,_next
FN:28,_throw
FN:30,(anonymous_13)
FN:31,_callee
FN:34,_callee$
FN:84,(anonymous_16)
FN:89,(anonymous_17)
FN:90,_callee2
FN:93,_callee2$
FN:147,(anonymous_20)
FN:152,(anonymous_21)
FN:153,_callee3
FN:155,_callee3$
FN:210,(anonymous_24)
FN:215,(anonymous_25)
FN:216,_callee4
FN:218,_callee4$
FN:241,(anonymous_28)
FNF:29
FNH:20
FNDA:9,_interopRequireDefault
FNDA:4,ownKeys
FNDA:0,(anonymous_2)
FNDA:4,_objectSpread
FNDA:8,(anonymous_4)
FNDA:0,(anonymous_5)
FNDA:8,_defineProperty
FNDA:11,asyncGeneratorStep
FNDA:12,_asyncToGenerator
FNDA:4,(anonymous_9)
FNDA:4,(anonymous_10)
FNDA:11,_next
FNDA:0,_throw
FNDA:3,(anonymous_13)
FNDA:1,_callee
FNDA:4,_callee$
FNDA:1,(anonymous_16)
FNDA:3,(anonymous_17)
FNDA:3,_callee2
FNDA:11,_callee2$
FNDA:3,(anonymous_20)
FNDA:3,(anonymous_21)
FNDA:0,_callee3
FNDA:0,_callee3$
FNDA:0,(anonymous_24)
FNDA:3,(anonymous_25)
FNDA:0,_callee4
FNDA:0,_callee4$
FNDA:0,(anonymous_28)
DA:3,3
DA:6,3
DA:8,3
DA:10,3
DA:12,3
DA:14,3
DA:16,3
DA:18,9
DA:20,4
DA:22,8
DA:24,8
DA:26,11
DA:28,12
DA:30,3
DA:31,3
DA:34,1
DA:35,4
DA:36,6
DA:38,1
DA:39,1
DA:43,1
DA:45,1
DA:46,1
DA:47,1
DA:50,0
DA:53,1
DA:54,1
DA:57,1
DA:58,1
DA:59,1
DA:64,1
DA:66,1
DA:67,1
DA:68,1
DA:71,0
DA:74,1
DA:78,1
DA:84,3
DA:85,1
DA:88,3
DA:89,3
DA:90,3
DA:93,3
DA:94,11
DA:95,17
DA:97,3
DA:99,3
DA:100,3
DA:101,3
DA:104,0
DA:107,3
DA:108,3
DA:109,3
DA:114,3
DA:116,3
DA:117,2
DA:118,2
DA:121,1
DA:124,2
DA:125,2
DA:128,2
DA:129,1
DA:130,1
DA:133,1
DA:136,1
DA:137,1
DA:141,3
DA:147,3
DA:148,3
DA:151,3
DA:152,3
DA:153,3
DA:155,0
DA:156,0
DA:157,0
DA:159,0
DA:161,0
DA:162,0
DA:163,0
DA:166,0
DA:169,0
DA:170,0
DA:174,0
DA:175,0
DA:178,0
DA:179,0
DA:180,0
DA:190,0
DA:192,0
DA:193,0
DA:194,0
DA:197,0
DA:200,0
DA:204,0
DA:210,3
DA:211,0
DA:214,3
DA:215,3
DA:216,3
DA:218,0
DA:219,0
DA:220,0
DA:222,0
DA:223,0
DA:226,0
DA:228,0
DA:235,0
DA:241,3
DA:242,0
DA:245,3
LF:110
LH:75
BRDA:18,0,0,9
BRDA:18,0,1,0
BRDA:18,1,0,9
BRDA:18,1,1,9
BRDA:20,2,0,4
BRDA:20,2,1,0
BRDA:20,3,0,4
BRDA:20,3,1,0
BRDA:22,4,0,6
BRDA:22,4,1,0
BRDA:22,5,0,4
BRDA:22,5,1,2
BRDA:22,6,0,2
BRDA:22,6,1,0
BRDA:24,7,0,0
BRDA:24,7,1,8
BRDA:26,8,0,4
BRDA:26,8,1,7
BRDA:36,9,0,1
BRDA:36,9,1,1
BRDA:36,9,2,1
BRDA:36,9,3,1
BRDA:36,9,4,1
BRDA:36,9,5,0
BRDA:36,9,6,1
BRDA:45,10,0,1
BRDA:45,10,1,0
BRDA:66,11,0,1
BRDA:66,11,1,0
BRDA:95,12,0,3
BRDA:95,12,1,3
BRDA:95,12,2,3
BRDA:95,12,3,2
BRDA:95,12,4,2
BRDA:95,12,5,1
BRDA:95,12,6,0
BRDA:95,12,7,3
BRDA:99,13,0,3
BRDA:99,13,1,0
BRDA:116,14,0,2
BRDA:116,14,1,1
BRDA:128,15,0,1
BRDA:128,15,1,1
BRDA:157,16,0,0
BRDA:157,16,1,0
BRDA:157,16,2,0
BRDA:157,16,3,0
BRDA:157,16,4,0
BRDA:157,16,5,0
BRDA:157,16,6,0
BRDA:161,17,0,0
BRDA:161,17,1,0
BRDA:192,18,0,0
BRDA:192,18,1,0
BRDA:220,19,0,0
BRDA:220,19,1,0
BRDA:220,19,2,0
BRDA:220,19,3,0
BRF:58
BRH:32
end_of_record
TN:
SF:build\helpers\auth.js
FN:16,asyncGeneratorStep
FN:18,_asyncToGenerator
FN:18,(anonymous_2)
FN:18,(anonymous_3)
FN:18,_next
FN:18,_throw
FN:23,(anonymous_6)
FN:24,_callee
FN:26,_callee$
FN:59,encryptPassword
FN:66,(anonymous_10)
FN:67,_callee2
FN:69,_callee2$
FN:97,decryptPassword
FN:104,signToken
FN:125,verifyToken
FNF:16
FNH:15
FNDA:7,asyncGeneratorStep
FNDA:6,_asyncToGenerator
FNDA:3,(anonymous_2)
FNDA:3,(anonymous_3)
FNDA:7,_next
FNDA:0,_throw
FNDA:3,(anonymous_6)
FNDA:1,_callee
FNDA:4,_callee$
FNDA:1,encryptPassword
FNDA:3,(anonymous_10)
FNDA:2,_callee2
FNDA:6,_callee2$
FNDA:2,decryptPassword
FNDA:3,signToken
FNDA:2,verifyToken
DA:3,3
DA:6,3
DA:8,3
DA:10,3
DA:12,3
DA:14,3
DA:16,7
DA:18,7
DA:20,3
DA:21,3
DA:23,3
DA:24,3
DA:26,1
DA:27,4
DA:28,5
DA:30,1
DA:31,1
DA:34,1
DA:35,1
DA:36,1
DA:39,1
DA:41,1
DA:42,1
DA:43,1
DA:46,0
DA:49,1
DA:53,1
DA:59,3
DA:60,1
DA:64,3
DA:66,3
DA:67,3
DA:69,2
DA:70,6
DA:71,7
DA:73,2
DA:74,2
DA:77,2
DA:79,2
DA:80,1
DA:81,1
DA:84,1
DA:87,1
DA:91,2
DA:97,3
DA:98,2
DA:102,3
DA:104,3
DA:105,3
DA:106,3
DA:107,3
DA:108,3
DA:109,3
DA:110,3
DA:111,3
DA:114,3
DA:120,3
DA:123,3
DA:125,3
DA:126,2
DA:127,2
DA:128,2
DA:131,3
LF:63
LH:62
BRDA:16,0,0,3
BRDA:16,0,1,4
BRDA:28,1,0,1
BRDA:28,1,1,1
BRDA:28,1,2,1
BRDA:28,1,3,1
BRDA:28,1,4,0
BRDA:28,1,5,1
BRDA:41,2,0,1
BRDA:41,2,1,0
BRDA:71,3,0,2
BRDA:71,3,1,2
BRDA:71,3,2,1
BRDA:71,3,3,0
BRDA:71,3,4,2
BRDA:79,4,0,1
BRDA:79,4,1,1
BRDA:109,5,0,0
BRDA:109,5,1,3
BRDA:109,6,0,3
BRDA:109,6,1,0
BRDA:110,7,0,0
BRDA:110,7,1,3
BRDA:110,8,0,3
BRDA:110,8,1,0
BRDA:111,9,0,0
BRDA:111,9,1,3
BRDA:126,10,0,0
BRDA:126,10,1,2
BRDA:126,11,0,2
BRDA:126,11,1,0
BRF:31
BRH:21
end_of_record
TN:
SF:build\middlewares\async.js
FN:8,asyncHandler
FN:9,(anonymous_1)
FNF:2
FNH:2
FNDA:48,asyncHandler
FNDA:7,(anonymous_1)
DA:3,3
DA:6,3
DA:8,3
DA:9,48
DA:10,7
DA:14,3
DA:15,3
LF:7
LH:7
BRF:0
BRH:0
end_of_record
TN:
SF:build\middlewares\auth.js
FN:12,_interopRequireDefault
FN:14,asyncGeneratorStep
FN:16,_asyncToGenerator
FN:16,(anonymous_3)
FN:16,(anonymous_4)
FN:16,_next
FN:16,_throw
FN:18,(anonymous_7)
FN:19,_callee
FN:20,_callee$
FN:26,(anonymous_10)
FN:40,(anonymous_11)
FN:45,(anonymous_12)
FN:46,_callee2
FN:48,_callee2$
FN:75,(anonymous_15)
FNF:16
FNH:4
FNDA:6,_interopRequireDefault
FNDA:0,asyncGeneratorStep
FNDA:6,_asyncToGenerator
FNDA:0,(anonymous_3)
FNDA:0,(anonymous_4)
FNDA:0,_next
FNDA:0,_throw
FNDA:3,(anonymous_7)
FNDA:0,_callee
FNDA:0,_callee$
FNDA:0,(anonymous_10)
FNDA:0,(anonymous_11)
FNDA:3,(anonymous_12)
FNDA:0,_callee2
FNDA:0,_callee2$
FNDA:0,(anonymous_15)
DA:3,3
DA:6,3
DA:8,3
DA:10,3
DA:12,6
DA:14,0
DA:16,6
DA:18,3
DA:19,3
DA:20,0
DA:21,0
DA:22,0
DA:24,0
DA:27,0
DA:28,0
DA:29,0
DA:34,0
DA:40,3
DA:41,0
DA:44,3
DA:45,3
DA:46,3
DA:48,0
DA:49,0
DA:50,0
DA:52,0
DA:54,0
DA:55,0
DA:56,0
DA:59,0
DA:65,0
DA:69,0
DA:75,3
DA:76,0
DA:79,3
LF:35
LH:14
BRDA:12,0,0,3
BRDA:12,0,1,3
BRDA:12,1,0,6
BRDA:12,1,1,6
BRDA:14,2,0,0
BRDA:14,2,1,0
BRDA:22,3,0,0
BRDA:22,3,1,0
BRDA:22,3,2,0
BRDA:27,4,0,0
BRDA:27,4,1,0
BRDA:27,5,0,0
BRDA:27,5,1,0
BRDA:50,6,0,0
BRDA:50,6,1,0
BRDA:50,6,2,0
BRDA:50,6,3,0
BRDA:54,7,0,0
BRDA:54,7,1,0
BRF:19
BRH:4
end_of_record
TN:
SF:build\middlewares\image.js
FN:14,_interopRequireDefault
FN:16,asyncGeneratorStep
FN:18,_asyncToGenerator
FN:18,(anonymous_3)
FN:18,(anonymous_4)
FN:18,_next
FN:18,_throw
FN:20,(anonymous_7)
FN:21,_callee
FN:24,_callee$
FN:56,(anonymous_10)
FN:62,(anonymous_11)
FN:63,_callee2
FN:66,_callee2$
FN:95,deleteImage
FNF:15
FNH:4
FNDA:9,_interopRequireDefault
FNDA:0,asyncGeneratorStep
FNDA:6,_asyncToGenerator
FNDA:0,(anonymous_3)
FNDA:0,(anonymous_4)
FNDA:0,_next
FNDA:0,_throw
FNDA:3,(anonymous_7)
FNDA:0,_callee
FNDA:0,_callee$
FNDA:0,(anonymous_10)
FNDA:3,(anonymous_11)
FNDA:0,_callee2
FNDA:0,_callee2$
FNDA:0,deleteImage
DA:3,3
DA:6,3
DA:8,3
DA:10,3
DA:12,3
DA:14,9
DA:16,0
DA:18,6
DA:20,3
DA:21,3
DA:24,0
DA:25,0
DA:26,0
DA:28,0
DA:29,0
DA:30,0
DA:33,0
DA:36,0
DA:37,0
DA:38,0
DA:41,0
DA:42,0
DA:43,0
DA:44,0
DA:45,0
DA:46,0
DA:50,0
DA:56,3
DA:57,0
DA:60,3
DA:62,3
DA:63,3
DA:66,0
DA:67,0
DA:68,0
DA:70,0
DA:71,0
DA:72,0
DA:75,0
DA:76,0
DA:77,0
DA:78,0
DA:79,0
DA:82,0
DA:83,0
DA:85,0
DA:89,0
DA:95,3
DA:96,0
DA:100,3
LF:50
LH:15
BRDA:14,0,0,9
BRDA:14,0,1,0
BRDA:14,1,0,9
BRDA:14,1,1,9
BRDA:16,2,0,0
BRDA:16,2,1,0
BRDA:26,3,0,0
BRDA:26,3,1,0
BRDA:26,3,2,0
BRDA:26,3,3,0
BRDA:26,3,4,0
BRDA:28,4,0,0
BRDA:28,4,1,0
BRDA:68,5,0,0
BRDA:68,5,1,0
BRDA:68,5,2,0
BRDA:68,5,3,0
BRDA:68,5,4,0
BRDA:77,6,0,0
BRDA:77,6,1,0
BRF:20
BRH:3
end_of_record
TN:
SF:build\models\Blog.js
FNF:0
FNH:0
DA:3,3
DA:6,3
DA:8,3
DA:10,3
DA:36,3
DA:38,3
LF:6
LH:6
BRF:0
BRH:0
end_of_record
TN:
SF:build\models\Comment.js
FNF:0
FNH:0
DA:3,3
DA:6,3
DA:8,3
DA:10,3
DA:24,3
DA:26,3
LF:6
LH:6
BRF:0
BRH:0
end_of_record
TN:
SF:build\models\Query.js
FNF:0
FNH:0
DA:3,3
DA:6,3
DA:8,3
DA:10,3
DA:27,3
DA:29,3
LF:6
LH:6
BRF:0
BRH:0
end_of_record
TN:
SF:build\models\User.js
FNF:0
FNH:0
DA:3,3
DA:6,3
DA:8,3
DA:10,3
DA:36,3
DA:38,3
LF:6
LH:6
BRF:0
BRH:0
end_of_record
TN:
SF:build\routes\Blog.js
FN:3,_typeof
FN:3,_typeof
FN:3,_typeof
FN:18,_getRequireWildcardCache
FN:18,_getRequireWildcardCache
FN:20,_interopRequireWildcard
FNF:6
FNH:1
FNDA:0,_typeof
FNDA:0,_typeof
FNDA:0,_typeof
FNDA:0,_getRequireWildcardCache
FNDA:0,_getRequireWildcardCache
FNDA:3,_interopRequireWildcard
DA:3,0
DA:5,3
DA:8,3
DA:10,3
DA:12,3
DA:14,3
DA:16,3
DA:18,0
DA:20,3
DA:22,3
DA:23,3
DA:24,3
DA:25,3
DA:26,3
LF:14
LH:12
BRDA:3,0,0,0
BRDA:3,0,1,0
BRDA:3,1,0,0
BRDA:3,1,1,0
BRDA:3,2,0,0
BRDA:3,2,1,0
BRDA:3,3,0,0
BRDA:3,3,1,0
BRDA:3,3,2,0
BRDA:3,3,3,0
BRDA:18,4,0,0
BRDA:18,4,1,0
BRDA:20,5,0,3
BRDA:20,5,1,0
BRDA:20,6,0,3
BRDA:20,6,1,3
BRDA:20,7,0,0
BRDA:20,7,1,0
BRDA:20,8,0,0
BRDA:20,8,1,0
BRDA:20,8,2,0
BRDA:20,9,0,0
BRDA:20,9,1,0
BRDA:20,10,0,0
BRDA:20,10,1,0
BRDA:20,11,0,0
BRDA:20,11,1,0
BRDA:20,12,0,0
BRDA:20,12,1,0
BRDA:20,13,0,0
BRDA:20,13,1,0
BRDA:20,14,0,0
BRDA:20,14,1,0
BRDA:20,15,0,0
BRDA:20,15,1,0
BRDA:20,15,2,0
BRDA:20,16,0,0
BRDA:20,16,1,0
BRF:38
BRH:3
end_of_record
TN:
SF:build\routes\Comment.js
FN:3,_typeof
FN:3,_typeof
FN:3,_typeof
FN:16,_getRequireWildcardCache
FN:16,_getRequireWildcardCache
FN:18,_interopRequireWildcard
FNF:6
FNH:1
FNDA:0,_typeof
FNDA:0,_typeof
FNDA:0,_typeof
FNDA:0,_getRequireWildcardCache
FNDA:0,_getRequireWildcardCache
FNDA:3,_interopRequireWildcard
DA:3,0
DA:5,3
DA:8,3
DA:10,3
DA:12,3
DA:14,3
DA:16,0
DA:18,3
DA:20,3
DA:21,3
DA:22,3
DA:23,3
DA:24,3
LF:13
LH:11
BRDA:3,0,0,0
BRDA:3,0,1,0
BRDA:3,1,0,0
BRDA:3,1,1,0
BRDA:3,2,0,0
BRDA:3,2,1,0
BRDA:3,3,0,0
BRDA:3,3,1,0
BRDA:3,3,2,0
BRDA:3,3,3,0
BRDA:16,4,0,0
BRDA:16,4,1,0
BRDA:18,5,0,3
BRDA:18,5,1,0
BRDA:18,6,0,3
BRDA:18,6,1,3
BRDA:18,7,0,0
BRDA:18,7,1,0
BRDA:18,8,0,0
BRDA:18,8,1,0
BRDA:18,8,2,0
BRDA:18,9,0,0
BRDA:18,9,1,0
BRDA:18,10,0,0
BRDA:18,10,1,0
BRDA:18,11,0,0
BRDA:18,11,1,0
BRDA:18,12,0,0
BRDA:18,12,1,0
BRDA:18,13,0,0
BRDA:18,13,1,0
BRDA:18,14,0,0
BRDA:18,14,1,0
BRDA:18,15,0,0
BRDA:18,15,1,0
BRDA:18,15,2,0
BRDA:18,16,0,0
BRDA:18,16,1,0
BRF:38
BRH:3
end_of_record
TN:
SF:build\routes\Query.js
FN:3,_typeof
FN:3,_typeof
FN:3,_typeof
FN:16,_getRequireWildcardCache
FN:16,_getRequireWildcardCache
FN:18,_interopRequireWildcard
FNF:6
FNH:1
FNDA:0,_typeof
FNDA:0,_typeof
FNDA:0,_typeof
FNDA:0,_getRequireWildcardCache
FNDA:0,_getRequireWildcardCache
FNDA:3,_interopRequireWildcard
DA:3,0
DA:5,3
DA:8,3
DA:10,3
DA:12,3
DA:14,3
DA:16,0
DA:18,3
DA:20,3
DA:21,3
DA:22,3
DA:23,3
LF:12
LH:10
BRDA:3,0,0,0
BRDA:3,0,1,0
BRDA:3,1,0,0
BRDA:3,1,1,0
BRDA:3,2,0,0
BRDA:3,2,1,0
BRDA:3,3,0,0
BRDA:3,3,1,0
BRDA:3,3,2,0
BRDA:3,3,3,0
BRDA:16,4,0,0
BRDA:16,4,1,0
BRDA:18,5,0,3
BRDA:18,5,1,0
BRDA:18,6,0,3
BRDA:18,6,1,3
BRDA:18,7,0,0
BRDA:18,7,1,0
BRDA:18,8,0,0
BRDA:18,8,1,0
BRDA:18,8,2,0
BRDA:18,9,0,0
BRDA:18,9,1,0
BRDA:18,10,0,0
BRDA:18,10,1,0
BRDA:18,11,0,0
BRDA:18,11,1,0
BRDA:18,12,0,0
BRDA:18,12,1,0
BRDA:18,13,0,0
BRDA:18,13,1,0
BRDA:18,14,0,0
BRDA:18,14,1,0
BRDA:18,15,0,0
BRDA:18,15,1,0
BRDA:18,15,2,0
BRDA:18,16,0,0
BRDA:18,16,1,0
BRF:38
BRH:3
end_of_record
TN:
SF:build\routes\User.js
FN:3,_typeof
FN:3,_typeof
FN:3,_typeof
FN:18,_getRequireWildcardCache
FN:18,_getRequireWildcardCache
FN:20,_interopRequireWildcard
FNF:6
FNH:1
FNDA:0,_typeof
FNDA:0,_typeof
FNDA:0,_typeof
FNDA:0,_getRequireWildcardCache
FNDA:0,_getRequireWildcardCache
FNDA:3,_interopRequireWildcard
DA:3,0
DA:5,3
DA:8,3
DA:10,3
DA:12,3
DA:14,3
DA:16,3
DA:18,0
DA:20,3
DA:22,3
DA:23,3
DA:24,3
DA:25,3
DA:26,3
DA:27,3
DA:28,3
LF:16
LH:14
BRDA:3,0,0,0
BRDA:3,0,1,0
BRDA:3,1,0,0
BRDA:3,1,1,0
BRDA:3,2,0,0
BRDA:3,2,1,0
BRDA:3,3,0,0
BRDA:3,3,1,0
BRDA:3,3,2,0
BRDA:3,3,3,0
BRDA:18,4,0,0
BRDA:18,4,1,0
BRDA:20,5,0,3
BRDA:20,5,1,0
BRDA:20,6,0,3
BRDA:20,6,1,3
BRDA:20,7,0,0
BRDA:20,7,1,0
BRDA:20,8,0,0
BRDA:20,8,1,0
BRDA:20,8,2,0
BRDA:20,9,0,0
BRDA:20,9,1,0
BRDA:20,10,0,0
BRDA:20,10,1,0
BRDA:20,11,0,0
BRDA:20,11,1,0
BRDA:20,12,0,0
BRDA:20,12,1,0
BRDA:20,13,0,0
BRDA:20,13,1,0
BRDA:20,14,0,0
BRDA:20,14,1,0
BRDA:20,15,0,0
BRDA:20,15,1,0
BRDA:20,15,2,0
BRDA:20,16,0,0
BRDA:20,16,1,0
BRF:38
BRH:3
end_of_record
TN:
SF:build\routes\index.js
FN:18,_interopRequireDefault
FNF:1
FNH:1
FNDA:12,_interopRequireDefault
DA:3,3
DA:6,3
DA:8,3
DA:10,3
DA:12,3
DA:14,3
DA:16,3
DA:18,12
DA:20,3
DA:21,3
DA:22,3
DA:23,3
DA:24,3
DA:25,3
DA:26,3
LF:15
LH:15
BRDA:18,0,0,12
BRDA:18,0,1,0
BRDA:18,1,0,12
BRDA:18,1,1,12
BRF:4
BRH:3
end_of_record
TN:
SF:build\utils\index.js
FN:8,_classCallCheck
FN:10,_defineProperties
FN:12,_createClass
FN:14,(anonymous_3)
FN:15,Response
FN:21,success
FN:33,error
FNF:7
FNH:5
FNDA:0,_classCallCheck
FNDA:3,_defineProperties
FNDA:3,_createClass
FNDA:3,(anonymous_3)
FNDA:0,Response
FNDA:5,success
FNDA:2,error
DA:3,3
DA:6,3
DA:8,0
DA:10,6
DA:12,3
DA:14,3
DA:16,0
DA:19,3
DA:22,5
DA:23,5
DA:24,5
DA:25,5
DA:34,2
DA:35,2
DA:37,2
DA:39,2
DA:47,3
DA:50,3
LF:18
LH:16
BRDA:8,0,0,0
BRDA:8,0,1,0
BRDA:10,1,0,6
BRDA:10,1,1,6
BRDA:10,2,0,6
BRDA:10,2,1,0
BRDA:12,3,0,0
BRDA:12,3,1,3
BRDA:12,4,0,3
BRDA:12,4,1,0
BRDA:22,5,0,5
BRDA:22,5,1,0
BRDA:22,6,0,5
BRDA:22,6,1,5
BRDA:23,7,0,5
BRDA:23,7,1,0
BRDA:23,8,0,5
BRDA:23,8,1,5
BRDA:24,9,0,3
BRDA:24,9,1,2
BRDA:24,10,0,5
BRDA:24,10,1,3
BRDA:34,11,0,2
BRDA:34,11,1,0
BRDA:34,12,0,2
BRDA:34,12,1,2
BRDA:35,13,0,2
BRDA:35,13,1,0
BRDA:35,14,0,2
BRDA:35,14,1,2
BRDA:37,15,0,0
BRDA:37,15,1,2
BRDA:37,16,0,2
BRDA:37,16,1,0
BRF:34
BRH:23
end_of_record
TN:
SF:build\validation\blog.js
FN:10,_interopRequireDefault
FNF:1
FNH:1
FNDA:3,_interopRequireDefault
DA:3,3
DA:6,3
DA:8,3
DA:10,3
DA:12,3
DA:19,3
DA:21,3
DA:28,3
LF:8
LH:8
BRDA:10,0,0,0
BRDA:10,0,1,3
BRDA:10,1,0,3
BRDA:10,1,1,3
BRF:4
BRH:3
end_of_record
TN:
SF:build\validation\comment.js
FN:10,_interopRequireDefault
FNF:1
FNH:1
FNDA:3,_interopRequireDefault
DA:3,3
DA:6,3
DA:8,3
DA:10,3
DA:12,3
DA:17,3
DA:18,3
LF:7
LH:7
BRDA:10,0,0,0
BRDA:10,0,1,3
BRDA:10,1,0,3
BRDA:10,1,1,3
BRF:4
BRH:3
end_of_record
TN:
SF:build\validation\index.js
FN:3,_typeof
FN:3,_typeof
FN:3,_typeof
FN:11,get
FN:17,get
FN:35,_interopRequireDefault
FN:37,_getRequireWildcardCache
FN:37,_getRequireWildcardCache
FN:39,_interopRequireWildcard
FN:41,validate
FNF:10
FNH:4
FNDA:0,_typeof
FNDA:0,_typeof
FNDA:0,_typeof
FNDA:0,get
FNDA:1,get
FNDA:6,_interopRequireDefault
FNDA:0,_getRequireWildcardCache
FNDA:0,_getRequireWildcardCache
FNDA:6,_interopRequireWildcard
FNDA:5,validate
DA:3,0
DA:5,3
DA:8,3
DA:9,3
DA:12,0
DA:15,3
DA:18,1
DA:21,3
DA:23,3
DA:25,3
DA:27,3
DA:29,3
DA:31,3
DA:33,3
DA:35,6
DA:37,0
DA:39,6
DA:42,5
DA:43,5
DA:45,5
DA:46,5
LF:21
LH:18
BRDA:3,0,0,0
BRDA:3,0,1,0
BRDA:3,1,0,0
BRDA:3,1,1,0
BRDA:3,2,0,0
BRDA:3,2,1,0
BRDA:3,3,0,0
BRDA:3,3,1,0
BRDA:3,3,2,0
BRDA:3,3,3,0
BRDA:35,4,0,6
BRDA:35,4,1,0
BRDA:35,5,0,6
BRDA:35,5,1,6
BRDA:37,6,0,0
BRDA:37,6,1,0
BRDA:39,7,0,6
BRDA:39,7,1,0
BRDA:39,8,0,6
BRDA:39,8,1,6
BRDA:39,9,0,0
BRDA:39,9,1,0
BRDA:39,10,0,0
BRDA:39,10,1,0
BRDA:39,10,2,0
BRDA:39,11,0,0
BRDA:39,11,1,0
BRDA:39,12,0,0
BRDA:39,12,1,0
BRDA:39,13,0,0
BRDA:39,13,1,0
BRDA:39,14,0,0
BRDA:39,14,1,0
BRDA:39,15,0,0
BRDA:39,15,1,0
BRDA:39,16,0,0
BRDA:39,16,1,0
BRDA:39,17,0,0
BRDA:39,17,1,0
BRDA:39,17,2,0
BRDA:39,18,0,0
BRDA:39,18,1,0
BRDA:45,19,0,0
BRDA:45,19,1,5
BRF:44
BRH:7
end_of_record
TN:
SF:build\validation\query.js
FN:10,_interopRequireDefault
FNF:1
FNH:1
FNDA:3,_interopRequireDefault
DA:3,3
DA:6,3
DA:8,3
DA:10,3
DA:12,3
DA:18,3
DA:19,3
LF:7
LH:7
BRDA:10,0,0,0
BRDA:10,0,1,3
BRDA:10,1,0,3
BRDA:10,1,1,3
BRF:4
BRH:3
end_of_record
TN:
SF:build\validation\user.js
FN:10,_interopRequireDefault
FNF:1
FNH:1
FNDA:3,_interopRequireDefault
DA:3,3
DA:6,3
DA:8,3
DA:10,3
DA:12,3
DA:20,3
DA:22,3
DA:31,3
DA:33,3
DA:38,3
LF:10
LH:10
BRDA:10,0,0,0
BRDA:10,0,1,3
BRDA:10,1,0,3
BRDA:10,1,1,3
BRF:4
BRH:3
end_of_record
TN:
SF:config\config.js
FNF:0
FNH:0
DA:1,6
DA:3,6
DA:5,6
DA:17,6
DA:28,6
DA:32,6
LF:6
LH:6
BRDA:3,0,0,6
BRDA:3,0,1,0
BRF:2
BRH:1
end_of_record
TN:
SF:src\app.js
FN:20,(anonymous_0)
FNF:1
FNH:0
FNDA:0,(anonymous_0)
DA:9,3
DA:11,3
DA:12,3
DA:13,3
DA:14,3
DA:15,3
DA:16,3
DA:17,3
DA:20,3
DA:21,0
LF:10
LH:9
BRF:0
BRH:0
end_of_record
TN:
SF:src\config\cloudinary.js
FNF:0
FNH:0
DA:4,3
DA:6,3
LF:2
LH:2
BRF:0
BRH:0
end_of_record
TN:
SF:src\config\database.js
FN:6,(anonymous_0)
FNF:1
FNH:1
FNDA:3,(anonymous_0)
DA:5,3
DA:6,3
DA:7,3
DA:9,3
DA:18,3
DA:22,0
LF:6
LH:5
BRF:0
BRH:0
end_of_record
TN:
SF:src\config\passport.js
FN:11,(anonymous_0)
FNF:1
FNH:0
FNDA:0,(anonymous_0)
DA:4,3
DA:6,3
DA:11,3
DA:12,0
LF:4
LH:3
BRDA:12,0,0,0
BRDA:12,0,1,0
BRF:2
BRH:0
end_of_record
TN:
SF:src\controllers\Blog.js
FN:11,(anonymous_0)
FN:23,(anonymous_1)
FN:46,(anonymous_2)
FN:63,(anonymous_3)
FN:87,(anonymous_4)
FN:102,(anonymous_5)
FN:139,(anonymous_6)
FN:154,(anonymous_7)
FNF:8
FNH:2
FNDA:1,(anonymous_0)
FNDA:1,(anonymous_1)
FNDA:0,(anonymous_2)
FNDA:0,(anonymous_3)
FNDA:0,(anonymous_4)
FNDA:0,(anonymous_5)
FNDA:0,(anonymous_6)
FNDA:0,(anonymous_7)
DA:11,3
DA:12,1
DA:13,1
DA:15,1
DA:23,3
DA:24,1
DA:25,1
DA:26,0
DA:31,1
DA:34,1
DA:36,1
DA:46,3
DA:50,0
DA:51,0
DA:53,0
DA:54,0
DA:57,0
DA:58,0
DA:60,0
DA:63,3
DA:64,0
DA:66,0
DA:67,0
DA:70,0
DA:79,0
DA:84,0
DA:87,3
DA:88,0
DA:90,0
DA:92,0
DA:95,0
DA:97,0
DA:98,0
DA:102,3
DA:103,0
DA:106,0
DA:108,0
DA:109,0
DA:111,0
DA:113,0
DA:114,0
DA:116,0
DA:118,0
DA:120,0
DA:121,0
DA:123,0
DA:125,0
DA:126,0
DA:128,0
DA:131,0
DA:139,3
DA:140,0
DA:141,0
DA:142,0
DA:148,0
DA:149,0
DA:151,0
DA:152,0
DA:154,0
DA:155,0
DA:157,0
DA:158,0
DA:160,0
LF:63
LH:15
BRDA:13,0,0,0
BRDA:13,0,1,1
BRDA:25,1,0,0
BRDA:25,1,1,1
BRDA:34,2,0,0
BRDA:34,2,1,1
BRDA:54,3,0,0
BRDA:54,3,1,0
BRDA:58,4,0,0
BRDA:58,4,1,0
BRDA:67,5,0,0
BRDA:67,5,1,0
BRDA:79,6,0,0
BRDA:79,6,1,0
BRDA:92,7,0,0
BRDA:92,7,1,0
BRDA:95,8,0,0
BRDA:95,8,1,0
BRDA:108,9,0,0
BRDA:108,9,1,0
BRDA:114,10,0,0
BRDA:114,10,1,0
BRDA:118,11,0,0
BRDA:118,11,1,0
BRDA:141,12,0,0
BRDA:141,12,1,0
BRDA:141,13,0,0
BRDA:141,13,1,0
BRDA:149,14,0,0
BRDA:149,14,1,0
BRDA:151,15,0,0
BRDA:151,15,1,0
BRF:32
BRH:3
end_of_record
TN:
SF:src\controllers\Query.js
FN:7,(anonymous_0)
FN:14,(anonymous_1)
FNF:2
FNH:1
FNDA:0,(anonymous_0)
FNDA:1,(anonymous_1)
DA:7,3
DA:8,0
DA:9,0
DA:14,3
DA:15,1
DA:16,1
DA:18,1
DA:19,1
LF:8
LH:6
BRDA:16,0,0,0
BRDA:16,0,1,1
BRF:2
BRH:1
end_of_record
TN:
SF:src\controllers\User.js
FN:8,(anonymous_0)
FN:31,(anonymous_1)
FN:48,(anonymous_2)
FN:67,(anonymous_3)
FNF:4
FNH:2
FNDA:1,(anonymous_0)
FNDA:3,(anonymous_1)
FNDA:0,(anonymous_2)
FNDA:0,(anonymous_3)
DA:8,3
DA:10,1
DA:11,1
DA:13,1
DA:14,1
DA:15,0
DA:22,1
DA:23,1
DA:24,1
DA:26,1
DA:31,3
DA:33,3
DA:34,3
DA:35,0
DA:37,3
DA:38,3
DA:39,3
DA:40,2
DA:41,1
DA:43,1
DA:44,1
DA:48,3
DA:49,0
DA:50,0
DA:52,0
DA:53,0
DA:54,0
DA:55,0
DA:61,0
DA:63,0
DA:67,3
DA:69,0
DA:70,0
LF:33
LH:21
BRDA:14,0,0,0
BRDA:14,0,1,1
BRDA:24,1,0,0
BRDA:24,1,1,1
BRDA:34,2,0,0
BRDA:34,2,1,3
BRDA:39,3,0,1
BRDA:39,3,1,2
BRDA:40,4,0,1
BRDA:40,4,1,1
BRDA:50,5,0,0
BRDA:50,5,1,0
BRDA:61,6,0,0
BRDA:61,6,1,0
BRF:14
BRH:7
end_of_record
TN:
SF:src\helpers\auth.js
FN:9,(anonymous_0)
FN:16,(anonymous_1)
FN:23,(anonymous_2)
FN:48,(anonymous_3)
FNF:4
FNH:4
FNDA:1,(anonymous_0)
FNDA:2,(anonymous_1)
FNDA:3,(anonymous_2)
FNDA:2,(anonymous_3)
DA:6,3
DA:7,3
DA:9,3
DA:10,1
DA:11,1
DA:12,1
DA:13,1
DA:16,3
DA:17,2
DA:19,2
DA:20,1
DA:23,3
DA:34,3
DA:35,3
DA:45,3
DA:48,3
DA:49,2
DA:50,2
LF:18
LH:18
BRDA:12,0,0,0
BRDA:12,0,1,1
BRDA:19,1,0,1
BRDA:19,1,1,1
BRDA:30,2,0,3
BRDA:31,3,0,3
BRDA:34,4,0,0
BRDA:34,4,1,3
BRDA:48,5,0,2
BRF:9
BRH:7
end_of_record
TN:
SF:src\middlewares\async.js
FN:1,(anonymous_0)
FN:1,(anonymous_1)
FNF:2
FNH:2
FNDA:48,(anonymous_0)
FNDA:7,(anonymous_1)
DA:1,48
DA:2,7
LF:2
LH:2
BRF:0
BRH:0
end_of_record
TN:
SF:src\middlewares\auth.js
FN:4,(anonymous_0)
FN:5,(anonymous_1)
FN:13,(anonymous_2)
FNF:3
FNH:0
FNDA:0,(anonymous_0)
FNDA:0,(anonymous_1)
FNDA:0,(anonymous_2)
DA:4,3
DA:5,0
DA:6,0
DA:7,0
DA:8,0
DA:13,3
DA:14,0
DA:15,0
DA:16,0
DA:17,0
LF:10
LH:2
BRDA:6,0,0,0
BRDA:6,0,1,0
BRDA:6,1,0,0
BRDA:6,1,1,0
BRDA:15,2,0,0
BRDA:15,2,1,0
BRF:6
BRH:0
end_of_record
TN:
SF:src\middlewares\image.js
FN:5,(anonymous_0)
FN:16,(anonymous_1)
FNF:2
FNH:0
FNDA:0,(anonymous_0)
FNDA:0,(anonymous_1)
DA:5,3
DA:6,0
DA:7,0
DA:8,0
DA:10,0
DA:11,0
DA:12,0
DA:16,3
DA:17,0
DA:18,0
DA:19,0
DA:22,0
LF:12
LH:2
BRDA:6,0,0,0
BRDA:6,0,1,0
BRDA:19,1,0,0
BRDA:19,1,1,0
BRF:4
BRH:0
end_of_record
TN:
SF:src\models\Blog.js
FNF:0
FNH:0
DA:4,3
LF:1
LH:1
BRF:0
BRH:0
end_of_record
TN:
SF:src\models\Comment.js
FNF:0
FNH:0
DA:3,3
LF:1
LH:1
BRF:0
BRH:0
end_of_record
TN:
SF:src\models\Query.js
FNF:0
FNH:0
DA:3,3
LF:1
LH:1
BRF:0
BRH:0
end_of_record
TN:
SF:src\models\User.js
FNF:0
FNH:0
DA:3,3
LF:1
LH:1
BRF:0
BRH:0
end_of_record
TN:
SF:src\routes\Blog.js
FNF:0
FNH:0
DA:6,3
DA:8,3
DA:13,3
LF:3
LH:3
BRF:0
BRH:0
end_of_record
TN:
SF:src\routes\Comment.js
FNF:0
FNH:0
DA:5,3
DA:7,3
DA:8,3
LF:3
LH:3
BRF:0
BRH:0
end_of_record
TN:
SF:src\routes\Query.js
FNF:0
FNH:0
DA:5,3
DA:7,3
LF:2
LH:2
BRF:0
BRH:0
end_of_record
TN:
SF:src\routes\User.js
FNF:0
FNH:0
DA:6,3
DA:8,3
DA:9,3
DA:10,3
DA:11,3
LF:5
LH:5
BRF:0
BRH:0
end_of_record
TN:
SF:src\routes\index.js
FNF:0
FNH:0
DA:8,3
DA:11,3
DA:12,3
DA:13,3
DA:14,3
LF:5
LH:5
BRF:0
BRH:0
end_of_record
TN:
SF:src\utils\index.js
FN:2,(anonymous_0)
FN:10,(anonymous_1)
FNF:2
FNH:2
FNDA:5,(anonymous_0)
FNDA:2,(anonymous_1)
DA:3,5
DA:16,2
LF:2
LH:2
BRDA:2,0,0,0
BRDA:2,1,0,0
BRDA:2,2,0,2
BRDA:12,3,0,0
BRDA:13,4,0,0
BRDA:14,5,0,2
BRF:6
BRH:2
end_of_record
TN:
SF:src\validation\blog.js
FNF:0
FNH:0
DA:3,3
DA:16,3
LF:2
LH:2
BRF:0
BRH:0
end_of_record
TN:
SF:src\validation\comment.js
FNF:0
FNH:0
DA:3,3
LF:1
LH:1
BRF:0
BRH:0
end_of_record
TN:
SF:src\validation\index.js
FN:7,validate
FNF:1
FNH:1
FNDA:5,validate
DA:8,5
DA:9,5
DA:10,5
LF:3
LH:3
BRDA:9,0,0,0
BRDA:9,0,1,5
BRF:2
BRH:1
end_of_record
TN:
SF:src\validation\query.js
FNF:0
FNH:0
DA:3,3
LF:1
LH:1
BRF:0
BRH:0
end_of_record
TN:
SF:src\validation\user.js
FNF:0
FNH:0
DA:3,3
DA:28,3
DA:52,3
LF:3
LH:3
BRF:0
BRH:0
end_of_record
